                              1 ;--------------------------------------------------------
                              2 ; File Created by SDCC : free open source ANSI-C Compiler
                              3 ; Version 4.0.0 #11528 (Linux)
                              4 ;--------------------------------------------------------
                              5 	.module aes_128
                              6 	.optsdcc -mz80
                              7 	
                              8 ;--------------------------------------------------------
                              9 ; Public variables in this module
                             10 ;--------------------------------------------------------
                             11 	.globl _main
                             12 	.globl _AES_Encrypt
                             13 	.globl _ShiftRows
                             14 	.globl _SubBytes
                             15 	.globl _AddRoundKey
                             16 	.globl _KeyExpansion
                             17 	.globl _puts
                             18 	.globl _printf
                             19 	.globl _putchar
                             20 ;--------------------------------------------------------
                             21 ; special function registers
                             22 ;--------------------------------------------------------
                             23 ;--------------------------------------------------------
                             24 ; ram data
                             25 ;--------------------------------------------------------
                             26 	.area _DATA
                             27 ;--------------------------------------------------------
                             28 ; ram data
                             29 ;--------------------------------------------------------
                             30 	.area _INITIALIZED
                             31 ;--------------------------------------------------------
                             32 ; absolute external ram data
                             33 ;--------------------------------------------------------
                             34 	.area _DABS (ABS)
                             35 ;--------------------------------------------------------
                             36 ; global & static initialisations
                             37 ;--------------------------------------------------------
                             38 	.area _HOME
                             39 	.area _GSINIT
                             40 	.area _GSFINAL
                             41 	.area _GSINIT
                             42 ;--------------------------------------------------------
                             43 ; Home
                             44 ;--------------------------------------------------------
                             45 	.area _HOME
                             46 	.area _HOME
                             47 ;--------------------------------------------------------
                             48 ; code
                             49 ;--------------------------------------------------------
                             50 	.area _CODE
                             51 ;aes_128.c:6: int putchar(int c) {
                             52 ;	---------------------------------
                             53 ; Function putchar
                             54 ; ---------------------------------
   0000                      55 _putchar::
                             56 ;aes_128.c:7: return c;
   0000 C1            [10]   57 	pop	bc
   0001 E1            [10]   58 	pop	hl
   0002 E5            [11]   59 	push	hl
   0003 C5            [11]   60 	push	bc
   0004                      61 00101$:
                             62 ;aes_128.c:8: }
   0004 C9            [10]   63 	ret
                             64 ;aes_128.c:41: void KeyExpansion(uint8_t* RoundKey, const uint8_t* Key) {
                             65 ;	---------------------------------
                             66 ; Function KeyExpansion
                             67 ; ---------------------------------
   0005                      68 _KeyExpansion::
   0005 DD E5         [15]   69 	push	ix
   0007 DD 21 00 00   [14]   70 	ld	ix,#0
   000B DD 39         [15]   71 	add	ix,sp
   000D 21 F0 FF      [10]   72 	ld	hl, #-16
   0010 39            [11]   73 	add	hl, sp
   0011 F9            [ 6]   74 	ld	sp, hl
                             75 ;aes_128.c:45: for (i = 0; i < 4; ++i) {
   0012 AF            [ 4]   76 	xor	a, a
   0013 DD 77 FE      [19]   77 	ld	-2 (ix), a
   0016 DD 77 FF      [19]   78 	ld	-1 (ix), a
   0019                      79 00105$:
                             80 ;aes_128.c:46: RoundKey[(i * 4) + 0] = Key[(i * 4) + 0];
   0019 DD 5E FE      [19]   81 	ld	e, -2 (ix)
   001C DD 56 FF      [19]   82 	ld	d, -1 (ix)
   001F CB 23         [ 8]   83 	sla	e
   0021 CB 12         [ 8]   84 	rl	d
   0023 CB 23         [ 8]   85 	sla	e
   0025 CB 12         [ 8]   86 	rl	d
   0027 DD 7E 04      [19]   87 	ld	a, 4 (ix)
   002A 83            [ 4]   88 	add	a, e
   002B 4F            [ 4]   89 	ld	c, a
   002C DD 7E 05      [19]   90 	ld	a, 5 (ix)
   002F 8A            [ 4]   91 	adc	a, d
   0030 47            [ 4]   92 	ld	b, a
   0031 DD 6E 06      [19]   93 	ld	l, 6 (ix)
   0034 DD 66 07      [19]   94 	ld	h, 7 (ix)
   0037 19            [11]   95 	add	hl, de
   0038 7E            [ 7]   96 	ld	a, (hl)
   0039 02            [ 7]   97 	ld	(bc), a
                             98 ;aes_128.c:47: RoundKey[(i * 4) + 1] = Key[(i * 4) + 1];
   003A 4B            [ 4]   99 	ld	c, e
   003B 42            [ 4]  100 	ld	b, d
   003C 03            [ 6]  101 	inc	bc
   003D DD 7E 04      [19]  102 	ld	a, 4 (ix)
   0040 81            [ 4]  103 	add	a, c
   0041 DD 77 FC      [19]  104 	ld	-4 (ix), a
   0044 DD 7E 05      [19]  105 	ld	a, 5 (ix)
   0047 88            [ 4]  106 	adc	a, b
   0048 DD 77 FD      [19]  107 	ld	-3 (ix), a
   004B DD 6E 06      [19]  108 	ld	l, 6 (ix)
   004E DD 66 07      [19]  109 	ld	h, 7 (ix)
   0051 09            [11]  110 	add	hl, bc
   0052 7E            [ 7]  111 	ld	a, (hl)
   0053 DD 6E FC      [19]  112 	ld	l, -4 (ix)
   0056 DD 66 FD      [19]  113 	ld	h, -3 (ix)
   0059 77            [ 7]  114 	ld	(hl), a
                            115 ;aes_128.c:48: RoundKey[(i * 4) + 2] = Key[(i * 4) + 2];
   005A 4B            [ 4]  116 	ld	c, e
   005B 42            [ 4]  117 	ld	b, d
   005C 03            [ 6]  118 	inc	bc
   005D 03            [ 6]  119 	inc	bc
   005E DD 7E 04      [19]  120 	ld	a, 4 (ix)
   0061 81            [ 4]  121 	add	a, c
   0062 DD 77 FC      [19]  122 	ld	-4 (ix), a
   0065 DD 7E 05      [19]  123 	ld	a, 5 (ix)
   0068 88            [ 4]  124 	adc	a, b
   0069 DD 77 FD      [19]  125 	ld	-3 (ix), a
   006C DD 6E 06      [19]  126 	ld	l, 6 (ix)
   006F DD 66 07      [19]  127 	ld	h, 7 (ix)
   0072 09            [11]  128 	add	hl, bc
   0073 7E            [ 7]  129 	ld	a, (hl)
   0074 DD 6E FC      [19]  130 	ld	l, -4 (ix)
   0077 DD 66 FD      [19]  131 	ld	h, -3 (ix)
   007A 77            [ 7]  132 	ld	(hl), a
                            133 ;aes_128.c:49: RoundKey[(i * 4) + 3] = Key[(i * 4) + 3];
   007B 13            [ 6]  134 	inc	de
   007C 13            [ 6]  135 	inc	de
   007D 13            [ 6]  136 	inc	de
   007E DD 7E 04      [19]  137 	ld	a, 4 (ix)
   0081 83            [ 4]  138 	add	a, e
   0082 4F            [ 4]  139 	ld	c, a
   0083 DD 7E 05      [19]  140 	ld	a, 5 (ix)
   0086 8A            [ 4]  141 	adc	a, d
   0087 47            [ 4]  142 	ld	b, a
   0088 DD 6E 06      [19]  143 	ld	l, 6 (ix)
   008B DD 66 07      [19]  144 	ld	h, 7 (ix)
   008E 19            [11]  145 	add	hl, de
   008F 7E            [ 7]  146 	ld	a, (hl)
   0090 02            [ 7]  147 	ld	(bc), a
                            148 ;aes_128.c:45: for (i = 0; i < 4; ++i) {
   0091 DD 34 FE      [23]  149 	inc	-2 (ix)
   0094 C2r9Ar00      [10]  150 	jp	NZ, 00135$
   0097 DD 34 FF      [23]  151 	inc	-1 (ix)
   009A                     152 00135$:
   009A DD 7E FE      [19]  153 	ld	a, -2 (ix)
   009D D6 04         [ 7]  154 	sub	a, #0x04
   009F DD 7E FF      [19]  155 	ld	a, -1 (ix)
   00A2 DE 00         [ 7]  156 	sbc	a, #0x00
   00A4 DAr19r00      [10]  157 	jp	C, 00105$
                            158 ;aes_128.c:52: for (i = 4; i < 4 * (10 + 1); ++i) {
   00A7 DD 36 FE 04   [19]  159 	ld	-2 (ix), #0x04
   00AB AF            [ 4]  160 	xor	a, a
   00AC DD 77 FF      [19]  161 	ld	-1 (ix), a
   00AF                     162 00107$:
                            163 ;aes_128.c:53: k = (i - 1) * 4;
   00AF DD 6E FE      [19]  164 	ld	l, -2 (ix)
   00B2 DD 66 FF      [19]  165 	ld	h, -1 (ix)
   00B5 2B            [ 6]  166 	dec	hl
   00B6 29            [11]  167 	add	hl, hl
   00B7 29            [11]  168 	add	hl, hl
   00B8 5D            [ 4]  169 	ld	e, l
   00B9 54            [ 4]  170 	ld	d, h
                            171 ;aes_128.c:54: tempa[0]=RoundKey[k + 0];
   00BA 21 00 00      [10]  172 	ld	hl, #0
   00BD 39            [11]  173 	add	hl, sp
   00BE DD 75 FC      [19]  174 	ld	-4 (ix), l
   00C1 DD 74 FD      [19]  175 	ld	-3 (ix), h
   00C4 DD 6E 04      [19]  176 	ld	l, 4 (ix)
   00C7 DD 66 05      [19]  177 	ld	h, 5 (ix)
   00CA 19            [11]  178 	add	hl, de
   00CB 7E            [ 7]  179 	ld	a, (hl)
   00CC DD 6E FC      [19]  180 	ld	l, -4 (ix)
   00CF DD 66 FD      [19]  181 	ld	h, -3 (ix)
   00D2 77            [ 7]  182 	ld	(hl), a
                            183 ;aes_128.c:55: tempa[1]=RoundKey[k + 1];
   00D3 DD 7E FC      [19]  184 	ld	a, -4 (ix)
   00D6 C6 01         [ 7]  185 	add	a, #0x01
   00D8 DD 77 F4      [19]  186 	ld	-12 (ix), a
   00DB DD 7E FD      [19]  187 	ld	a, -3 (ix)
   00DE CE 00         [ 7]  188 	adc	a, #0x00
   00E0 DD 77 F5      [19]  189 	ld	-11 (ix), a
   00E3 4B            [ 4]  190 	ld	c, e
   00E4 42            [ 4]  191 	ld	b, d
   00E5 03            [ 6]  192 	inc	bc
   00E6 DD 6E 04      [19]  193 	ld	l, 4 (ix)
   00E9 DD 66 05      [19]  194 	ld	h, 5 (ix)
   00EC 09            [11]  195 	add	hl, bc
   00ED 7E            [ 7]  196 	ld	a, (hl)
   00EE DD 6E F4      [19]  197 	ld	l, -12 (ix)
   00F1 DD 66 F5      [19]  198 	ld	h, -11 (ix)
   00F4 77            [ 7]  199 	ld	(hl), a
                            200 ;aes_128.c:56: tempa[2]=RoundKey[k + 2];
   00F5 DD 7E FC      [19]  201 	ld	a, -4 (ix)
   00F8 C6 02         [ 7]  202 	add	a, #0x02
   00FA DD 77 F6      [19]  203 	ld	-10 (ix), a
   00FD DD 7E FD      [19]  204 	ld	a, -3 (ix)
   0100 CE 00         [ 7]  205 	adc	a, #0x00
   0102 DD 77 F7      [19]  206 	ld	-9 (ix), a
   0105 4B            [ 4]  207 	ld	c, e
   0106 42            [ 4]  208 	ld	b, d
   0107 03            [ 6]  209 	inc	bc
   0108 03            [ 6]  210 	inc	bc
   0109 DD 6E 04      [19]  211 	ld	l, 4 (ix)
   010C DD 66 05      [19]  212 	ld	h, 5 (ix)
   010F 09            [11]  213 	add	hl, bc
   0110 7E            [ 7]  214 	ld	a, (hl)
   0111 DD 6E F6      [19]  215 	ld	l, -10 (ix)
   0114 DD 66 F7      [19]  216 	ld	h, -9 (ix)
   0117 77            [ 7]  217 	ld	(hl), a
                            218 ;aes_128.c:57: tempa[3]=RoundKey[k + 3];
   0118 DD 4E FC      [19]  219 	ld	c, -4 (ix)
   011B DD 46 FD      [19]  220 	ld	b, -3 (ix)
   011E 03            [ 6]  221 	inc	bc
   011F 03            [ 6]  222 	inc	bc
   0120 03            [ 6]  223 	inc	bc
   0121 13            [ 6]  224 	inc	de
   0122 13            [ 6]  225 	inc	de
   0123 13            [ 6]  226 	inc	de
   0124 DD 6E 04      [19]  227 	ld	l, 4 (ix)
   0127 DD 66 05      [19]  228 	ld	h, 5 (ix)
   012A 19            [11]  229 	add	hl, de
   012B 7E            [ 7]  230 	ld	a, (hl)
   012C 02            [ 7]  231 	ld	(bc), a
                            232 ;aes_128.c:59: if (i % 4 == 0) {
   012D DD 7E FE      [19]  233 	ld	a, -2 (ix)
   0130 E6 03         [ 7]  234 	and	a, #0x03
   0132 C2r38r01      [10]  235 	jp	NZ,00136$
   0135 C3r3Br01      [10]  236 	jp	00137$
   0138                     237 00136$:
   0138 C3rDDr01      [10]  238 	jp	00103$
   013B                     239 00137$:
                            240 ;aes_128.c:61: k = tempa[0];
   013B DD 6E FC      [19]  241 	ld	l, -4 (ix)
   013E DD 66 FD      [19]  242 	ld	h, -3 (ix)
   0141 7E            [ 7]  243 	ld	a, (hl)
   0142 DD 77 F8      [19]  244 	ld	-8 (ix), a
   0145 AF            [ 4]  245 	xor	a, a
   0146 DD 77 F9      [19]  246 	ld	-7 (ix), a
                            247 ;aes_128.c:62: tempa[0] = tempa[1];
   0149 DD 6E F4      [19]  248 	ld	l, -12 (ix)
   014C DD 66 F5      [19]  249 	ld	h, -11 (ix)
   014F 7E            [ 7]  250 	ld	a, (hl)
   0150 DD 6E FC      [19]  251 	ld	l, -4 (ix)
   0153 DD 66 FD      [19]  252 	ld	h, -3 (ix)
   0156 77            [ 7]  253 	ld	(hl), a
                            254 ;aes_128.c:63: tempa[1] = tempa[2];
   0157 DD 6E F6      [19]  255 	ld	l, -10 (ix)
   015A DD 66 F7      [19]  256 	ld	h, -9 (ix)
   015D 56            [ 7]  257 	ld	d, (hl)
   015E DD 6E F4      [19]  258 	ld	l, -12 (ix)
   0161 DD 66 F5      [19]  259 	ld	h, -11 (ix)
   0164 72            [ 7]  260 	ld	(hl), d
                            261 ;aes_128.c:64: tempa[2] = tempa[3];
   0165 F5            [11]  262 	push	af
   0166 0A            [ 7]  263 	ld	a, (bc)
   0167 DD 77 FA      [19]  264 	ld	-6 (ix), a
   016A F1            [10]  265 	pop	af
   016B DD 6E F6      [19]  266 	ld	l, -10 (ix)
   016E DD 66 F7      [19]  267 	ld	h, -9 (ix)
   0171 F5            [11]  268 	push	af
   0172 DD 7E FA      [19]  269 	ld	a, -6 (ix)
   0175 77            [ 7]  270 	ld	(hl), a
   0176 F1            [10]  271 	pop	af
                            272 ;aes_128.c:65: tempa[3] = k;
   0177 DD 5E F8      [19]  273 	ld	e, -8 (ix)
   017A F5            [11]  274 	push	af
   017B 7B            [ 4]  275 	ld	a, e
   017C 02            [ 7]  276 	ld	(bc), a
   017D F1            [10]  277 	pop	af
                            278 ;aes_128.c:68: tempa[0] = sbox[tempa[0]];
   017E C6rE8         [ 7]  279 	add	a, #<(_sbox)
   0180 6F            [ 4]  280 	ld	l, a
   0181 3E 00         [ 7]  281 	ld	a, #0x00
   0183 CEs02         [ 7]  282 	adc	a, #>(_sbox)
   0185 67            [ 4]  283 	ld	h, a
   0186 7E            [ 7]  284 	ld	a, (hl)
   0187 DD 77 FB      [19]  285 	ld	-5 (ix), a
   018A DD 6E FC      [19]  286 	ld	l, -4 (ix)
   018D DD 66 FD      [19]  287 	ld	h, -3 (ix)
   0190 DD 7E FB      [19]  288 	ld	a, -5 (ix)
   0193 77            [ 7]  289 	ld	(hl), a
                            290 ;aes_128.c:69: tempa[1] = sbox[tempa[1]];
   0194 7A            [ 4]  291 	ld	a, d
   0195 C6rE8         [ 7]  292 	add	a, #<(_sbox)
   0197 6F            [ 4]  293 	ld	l, a
   0198 3E 00         [ 7]  294 	ld	a, #0x00
   019A CEs02         [ 7]  295 	adc	a, #>(_sbox)
   019C 67            [ 4]  296 	ld	h, a
   019D 7E            [ 7]  297 	ld	a, (hl)
   019E DD 6E F4      [19]  298 	ld	l, -12 (ix)
   01A1 DD 66 F5      [19]  299 	ld	h, -11 (ix)
   01A4 77            [ 7]  300 	ld	(hl), a
                            301 ;aes_128.c:70: tempa[2] = sbox[tempa[2]];
   01A5 DD 7E FA      [19]  302 	ld	a, -6 (ix)
   01A8 C6rE8         [ 7]  303 	add	a, #<(_sbox)
   01AA 6F            [ 4]  304 	ld	l, a
   01AB 3E 00         [ 7]  305 	ld	a, #0x00
   01AD CEs02         [ 7]  306 	adc	a, #>(_sbox)
   01AF 67            [ 4]  307 	ld	h, a
   01B0 7E            [ 7]  308 	ld	a, (hl)
   01B1 DD 6E F6      [19]  309 	ld	l, -10 (ix)
   01B4 DD 66 F7      [19]  310 	ld	h, -9 (ix)
   01B7 77            [ 7]  311 	ld	(hl), a
                            312 ;aes_128.c:71: tempa[3] = sbox[tempa[3]];
   01B8 21rE8r02      [10]  313 	ld	hl, #_sbox
   01BB 16 00         [ 7]  314 	ld	d, #0x00
   01BD 19            [11]  315 	add	hl, de
   01BE 7E            [ 7]  316 	ld	a, (hl)
   01BF 02            [ 7]  317 	ld	(bc), a
                            318 ;aes_128.c:73: tempa[0] = tempa[0] ^ Rcon[i/4];
   01C0 DD 5E FE      [19]  319 	ld	e, -2 (ix)
   01C3 DD 56 FF      [19]  320 	ld	d, -1 (ix)
   01C6 CB 3A         [ 8]  321 	srl	d
   01C8 CB 1B         [ 8]  322 	rr	e
   01CA CB 3A         [ 8]  323 	srl	d
   01CC CB 1B         [ 8]  324 	rr	e
   01CE 21rE8r03      [10]  325 	ld	hl, #_Rcon
   01D1 19            [11]  326 	add	hl, de
   01D2 7E            [ 7]  327 	ld	a, (hl)
   01D3 DD AE FB      [19]  328 	xor	a, -5 (ix)
   01D6 DD 6E FC      [19]  329 	ld	l, -4 (ix)
   01D9 DD 66 FD      [19]  330 	ld	h, -3 (ix)
   01DC 77            [ 7]  331 	ld	(hl), a
   01DD                     332 00103$:
                            333 ;aes_128.c:75: j = i * 4; k=(i - 4) * 4;
   01DD DD 7E FE      [19]  334 	ld	a, -2 (ix)
   01E0 DD 77 F8      [19]  335 	ld	-8 (ix), a
   01E3 DD 7E FF      [19]  336 	ld	a, -1 (ix)
   01E6 DD 77 F9      [19]  337 	ld	-7 (ix), a
   01E9 3E 03         [ 7]  338 	ld	a, #0x02+1
   01EB C3rF6r01      [10]  339 	jp	00139$
   01EE                     340 00138$:
   01EE DD CB F8 26   [23]  341 	sla	-8 (ix)
   01F2 DD CB F9 16   [23]  342 	rl	-7 (ix)
   01F6                     343 00139$:
   01F6 3D            [ 4]  344 	dec	a
   01F7 C2rEEr01      [10]  345 	jp	NZ, 00138$
   01FA DD 7E FE      [19]  346 	ld	a, -2 (ix)
   01FD C6 FC         [ 7]  347 	add	a, #0xfc
   01FF 6F            [ 4]  348 	ld	l, a
   0200 DD 7E FF      [19]  349 	ld	a, -1 (ix)
   0203 CE FF         [ 7]  350 	adc	a, #0xff
   0205 67            [ 4]  351 	ld	h, a
   0206 29            [11]  352 	add	hl, hl
   0207 29            [11]  353 	add	hl, hl
   0208 DD 75 FA      [19]  354 	ld	-6 (ix), l
   020B DD 74 FB      [19]  355 	ld	-5 (ix), h
                            356 ;aes_128.c:76: RoundKey[j + 0] = RoundKey[k + 0] ^ tempa[0];
   020E DD 7E 04      [19]  357 	ld	a, 4 (ix)
   0211 DD 86 F8      [19]  358 	add	a, -8 (ix)
   0214 5F            [ 4]  359 	ld	e, a
   0215 DD 7E 05      [19]  360 	ld	a, 5 (ix)
   0218 DD 8E F9      [19]  361 	adc	a, -7 (ix)
   021B 57            [ 4]  362 	ld	d, a
   021C DD 7E 04      [19]  363 	ld	a, 4 (ix)
   021F DD 86 FA      [19]  364 	add	a, -6 (ix)
   0222 6F            [ 4]  365 	ld	l, a
   0223 DD 7E 05      [19]  366 	ld	a, 5 (ix)
   0226 DD 8E FB      [19]  367 	adc	a, -5 (ix)
   0229 67            [ 4]  368 	ld	h, a
   022A 7E            [ 7]  369 	ld	a, (hl)
   022B DD 6E FC      [19]  370 	ld	l, -4 (ix)
   022E DD 66 FD      [19]  371 	ld	h, -3 (ix)
   0231 6E            [ 7]  372 	ld	l, (hl)
   0232 AD            [ 4]  373 	xor	a, l
   0233 12            [ 7]  374 	ld	(de), a
                            375 ;aes_128.c:77: RoundKey[j + 1] = RoundKey[k + 1] ^ tempa[1];
   0234 DD 5E F8      [19]  376 	ld	e, -8 (ix)
   0237 DD 56 F9      [19]  377 	ld	d, -7 (ix)
   023A 13            [ 6]  378 	inc	de
   023B 7B            [ 4]  379 	ld	a, e
   023C DD 86 04      [19]  380 	add	a, 4 (ix)
   023F DD 77 FC      [19]  381 	ld	-4 (ix), a
   0242 7A            [ 4]  382 	ld	a, d
   0243 DD 8E 05      [19]  383 	adc	a, 5 (ix)
   0246 DD 77 FD      [19]  384 	ld	-3 (ix), a
   0249 DD 5E FA      [19]  385 	ld	e, -6 (ix)
   024C DD 56 FB      [19]  386 	ld	d, -5 (ix)
   024F 13            [ 6]  387 	inc	de
   0250 DD 6E 04      [19]  388 	ld	l, 4 (ix)
   0253 DD 66 05      [19]  389 	ld	h, 5 (ix)
   0256 19            [11]  390 	add	hl, de
   0257 7E            [ 7]  391 	ld	a, (hl)
   0258 DD 6E F4      [19]  392 	ld	l, -12 (ix)
   025B DD 66 F5      [19]  393 	ld	h, -11 (ix)
   025E 5E            [ 7]  394 	ld	e, (hl)
   025F AB            [ 4]  395 	xor	a, e
   0260 DD 6E FC      [19]  396 	ld	l, -4 (ix)
   0263 DD 66 FD      [19]  397 	ld	h, -3 (ix)
   0266 77            [ 7]  398 	ld	(hl), a
                            399 ;aes_128.c:78: RoundKey[j + 2] = RoundKey[k + 2] ^ tempa[2];
   0267 DD 5E F8      [19]  400 	ld	e, -8 (ix)
   026A DD 56 F9      [19]  401 	ld	d, -7 (ix)
   026D 13            [ 6]  402 	inc	de
   026E 13            [ 6]  403 	inc	de
   026F 7B            [ 4]  404 	ld	a, e
   0270 DD 86 04      [19]  405 	add	a, 4 (ix)
   0273 DD 77 FC      [19]  406 	ld	-4 (ix), a
   0276 7A            [ 4]  407 	ld	a, d
   0277 DD 8E 05      [19]  408 	adc	a, 5 (ix)
   027A DD 77 FD      [19]  409 	ld	-3 (ix), a
   027D DD 5E FA      [19]  410 	ld	e, -6 (ix)
   0280 DD 56 FB      [19]  411 	ld	d, -5 (ix)
   0283 13            [ 6]  412 	inc	de
   0284 13            [ 6]  413 	inc	de
   0285 DD 6E 04      [19]  414 	ld	l, 4 (ix)
   0288 DD 66 05      [19]  415 	ld	h, 5 (ix)
   028B 19            [11]  416 	add	hl, de
   028C 7E            [ 7]  417 	ld	a, (hl)
   028D DD 6E F6      [19]  418 	ld	l, -10 (ix)
   0290 DD 66 F7      [19]  419 	ld	h, -9 (ix)
   0293 5E            [ 7]  420 	ld	e, (hl)
   0294 AB            [ 4]  421 	xor	a, e
   0295 DD 6E FC      [19]  422 	ld	l, -4 (ix)
   0298 DD 66 FD      [19]  423 	ld	h, -3 (ix)
   029B 77            [ 7]  424 	ld	(hl), a
                            425 ;aes_128.c:79: RoundKey[j + 3] = RoundKey[k + 3] ^ tempa[3];
   029C DD 5E F8      [19]  426 	ld	e, -8 (ix)
   029F DD 56 F9      [19]  427 	ld	d, -7 (ix)
   02A2 13            [ 6]  428 	inc	de
   02A3 13            [ 6]  429 	inc	de
   02A4 13            [ 6]  430 	inc	de
   02A5 7B            [ 4]  431 	ld	a, e
   02A6 DD 86 04      [19]  432 	add	a, 4 (ix)
   02A9 DD 77 FC      [19]  433 	ld	-4 (ix), a
   02AC 7A            [ 4]  434 	ld	a, d
   02AD DD 8E 05      [19]  435 	adc	a, 5 (ix)
   02B0 DD 77 FD      [19]  436 	ld	-3 (ix), a
   02B3 DD 5E FA      [19]  437 	ld	e, -6 (ix)
   02B6 DD 56 FB      [19]  438 	ld	d, -5 (ix)
   02B9 13            [ 6]  439 	inc	de
   02BA 13            [ 6]  440 	inc	de
   02BB 13            [ 6]  441 	inc	de
   02BC DD 6E 04      [19]  442 	ld	l, 4 (ix)
   02BF DD 66 05      [19]  443 	ld	h, 5 (ix)
   02C2 19            [11]  444 	add	hl, de
   02C3 5E            [ 7]  445 	ld	e, (hl)
   02C4 0A            [ 7]  446 	ld	a, (bc)
   02C5 AB            [ 4]  447 	xor	a, e
   02C6 DD 6E FC      [19]  448 	ld	l, -4 (ix)
   02C9 DD 66 FD      [19]  449 	ld	h, -3 (ix)
   02CC 77            [ 7]  450 	ld	(hl), a
                            451 ;aes_128.c:52: for (i = 4; i < 4 * (10 + 1); ++i) {
   02CD DD 34 FE      [23]  452 	inc	-2 (ix)
   02D0 C2rD6r02      [10]  453 	jp	NZ, 00140$
   02D3 DD 34 FF      [23]  454 	inc	-1 (ix)
   02D6                     455 00140$:
   02D6 DD 7E FE      [19]  456 	ld	a, -2 (ix)
   02D9 D6 2C         [ 7]  457 	sub	a, #0x2c
   02DB DD 7E FF      [19]  458 	ld	a, -1 (ix)
   02DE DE 00         [ 7]  459 	sbc	a, #0x00
   02E0 DArAFr00      [10]  460 	jp	C, 00107$
   02E3                     461 00109$:
                            462 ;aes_128.c:81: }
   02E3 DD F9         [10]  463 	ld	sp, ix
   02E5 DD E1         [14]  464 	pop	ix
   02E7 C9            [10]  465 	ret
   02E8                     466 _sbox:
   02E8 63                  467 	.db #0x63	; 99	'c'
   02E9 7C                  468 	.db #0x7c	; 124
   02EA 77                  469 	.db #0x77	; 119	'w'
   02EB 7B                  470 	.db #0x7b	; 123
   02EC F2                  471 	.db #0xf2	; 242
   02ED 6B                  472 	.db #0x6b	; 107	'k'
   02EE 6F                  473 	.db #0x6f	; 111	'o'
   02EF C5                  474 	.db #0xc5	; 197
   02F0 30                  475 	.db #0x30	; 48	'0'
   02F1 01                  476 	.db #0x01	; 1
   02F2 67                  477 	.db #0x67	; 103	'g'
   02F3 2B                  478 	.db #0x2b	; 43
   02F4 FE                  479 	.db #0xfe	; 254
   02F5 D7                  480 	.db #0xd7	; 215
   02F6 AB                  481 	.db #0xab	; 171
   02F7 76                  482 	.db #0x76	; 118	'v'
   02F8 CA                  483 	.db #0xca	; 202
   02F9 82                  484 	.db #0x82	; 130
   02FA C9                  485 	.db #0xc9	; 201
   02FB 7D                  486 	.db #0x7d	; 125
   02FC FA                  487 	.db #0xfa	; 250
   02FD 59                  488 	.db #0x59	; 89	'Y'
   02FE 47                  489 	.db #0x47	; 71	'G'
   02FF F0                  490 	.db #0xf0	; 240
   0300 AD                  491 	.db #0xad	; 173
   0301 D4                  492 	.db #0xd4	; 212
   0302 A2                  493 	.db #0xa2	; 162
   0303 AF                  494 	.db #0xaf	; 175
   0304 9C                  495 	.db #0x9c	; 156
   0305 A4                  496 	.db #0xa4	; 164
   0306 72                  497 	.db #0x72	; 114	'r'
   0307 C0                  498 	.db #0xc0	; 192
   0308 B7                  499 	.db #0xb7	; 183
   0309 FD                  500 	.db #0xfd	; 253
   030A 93                  501 	.db #0x93	; 147
   030B 26                  502 	.db #0x26	; 38
   030C 36                  503 	.db #0x36	; 54	'6'
   030D 3F                  504 	.db #0x3f	; 63
   030E F7                  505 	.db #0xf7	; 247
   030F CC                  506 	.db #0xcc	; 204
   0310 34                  507 	.db #0x34	; 52	'4'
   0311 A5                  508 	.db #0xa5	; 165
   0312 E5                  509 	.db #0xe5	; 229
   0313 F1                  510 	.db #0xf1	; 241
   0314 71                  511 	.db #0x71	; 113	'q'
   0315 D8                  512 	.db #0xd8	; 216
   0316 31                  513 	.db #0x31	; 49	'1'
   0317 15                  514 	.db #0x15	; 21
   0318 04                  515 	.db #0x04	; 4
   0319 C7                  516 	.db #0xc7	; 199
   031A 23                  517 	.db #0x23	; 35
   031B C3                  518 	.db #0xc3	; 195
   031C 18                  519 	.db #0x18	; 24
   031D 96                  520 	.db #0x96	; 150
   031E 05                  521 	.db #0x05	; 5
   031F 9A                  522 	.db #0x9a	; 154
   0320 07                  523 	.db #0x07	; 7
   0321 12                  524 	.db #0x12	; 18
   0322 80                  525 	.db #0x80	; 128
   0323 E2                  526 	.db #0xe2	; 226
   0324 EB                  527 	.db #0xeb	; 235
   0325 27                  528 	.db #0x27	; 39
   0326 B2                  529 	.db #0xb2	; 178
   0327 75                  530 	.db #0x75	; 117	'u'
   0328 09                  531 	.db #0x09	; 9
   0329 83                  532 	.db #0x83	; 131
   032A 2C                  533 	.db #0x2c	; 44
   032B 1A                  534 	.db #0x1a	; 26
   032C 1B                  535 	.db #0x1b	; 27
   032D 6E                  536 	.db #0x6e	; 110	'n'
   032E 5A                  537 	.db #0x5a	; 90	'Z'
   032F A0                  538 	.db #0xa0	; 160
   0330 52                  539 	.db #0x52	; 82	'R'
   0331 3B                  540 	.db #0x3b	; 59
   0332 D6                  541 	.db #0xd6	; 214
   0333 B3                  542 	.db #0xb3	; 179
   0334 29                  543 	.db #0x29	; 41
   0335 E3                  544 	.db #0xe3	; 227
   0336 2F                  545 	.db #0x2f	; 47
   0337 84                  546 	.db #0x84	; 132
   0338 53                  547 	.db #0x53	; 83	'S'
   0339 D1                  548 	.db #0xd1	; 209
   033A 00                  549 	.db #0x00	; 0
   033B ED                  550 	.db #0xed	; 237
   033C 20                  551 	.db #0x20	; 32
   033D FC                  552 	.db #0xfc	; 252
   033E B1                  553 	.db #0xb1	; 177
   033F 5B                  554 	.db #0x5b	; 91
   0340 6A                  555 	.db #0x6a	; 106	'j'
   0341 CB                  556 	.db #0xcb	; 203
   0342 BE                  557 	.db #0xbe	; 190
   0343 39                  558 	.db #0x39	; 57	'9'
   0344 4A                  559 	.db #0x4a	; 74	'J'
   0345 4C                  560 	.db #0x4c	; 76	'L'
   0346 58                  561 	.db #0x58	; 88	'X'
   0347 CF                  562 	.db #0xcf	; 207
   0348 D0                  563 	.db #0xd0	; 208
   0349 EF                  564 	.db #0xef	; 239
   034A AA                  565 	.db #0xaa	; 170
   034B FB                  566 	.db #0xfb	; 251
   034C 43                  567 	.db #0x43	; 67	'C'
   034D 4D                  568 	.db #0x4d	; 77	'M'
   034E 33                  569 	.db #0x33	; 51	'3'
   034F 85                  570 	.db #0x85	; 133
   0350 45                  571 	.db #0x45	; 69	'E'
   0351 F9                  572 	.db #0xf9	; 249
   0352 02                  573 	.db #0x02	; 2
   0353 7F                  574 	.db #0x7f	; 127
   0354 50                  575 	.db #0x50	; 80	'P'
   0355 3C                  576 	.db #0x3c	; 60
   0356 9F                  577 	.db #0x9f	; 159
   0357 A8                  578 	.db #0xa8	; 168
   0358 51                  579 	.db #0x51	; 81	'Q'
   0359 A3                  580 	.db #0xa3	; 163
   035A 40                  581 	.db #0x40	; 64
   035B 8F                  582 	.db #0x8f	; 143
   035C 92                  583 	.db #0x92	; 146
   035D 9D                  584 	.db #0x9d	; 157
   035E 38                  585 	.db #0x38	; 56	'8'
   035F F5                  586 	.db #0xf5	; 245
   0360 BC                  587 	.db #0xbc	; 188
   0361 B6                  588 	.db #0xb6	; 182
   0362 DA                  589 	.db #0xda	; 218
   0363 21                  590 	.db #0x21	; 33
   0364 10                  591 	.db #0x10	; 16
   0365 FF                  592 	.db #0xff	; 255
   0366 F3                  593 	.db #0xf3	; 243
   0367 D2                  594 	.db #0xd2	; 210
   0368 CD                  595 	.db #0xcd	; 205
   0369 0C                  596 	.db #0x0c	; 12
   036A 13                  597 	.db #0x13	; 19
   036B EC                  598 	.db #0xec	; 236
   036C 5F                  599 	.db #0x5f	; 95
   036D 97                  600 	.db #0x97	; 151
   036E 44                  601 	.db #0x44	; 68	'D'
   036F 17                  602 	.db #0x17	; 23
   0370 C4                  603 	.db #0xc4	; 196
   0371 A7                  604 	.db #0xa7	; 167
   0372 7E                  605 	.db #0x7e	; 126
   0373 3D                  606 	.db #0x3d	; 61
   0374 64                  607 	.db #0x64	; 100	'd'
   0375 5D                  608 	.db #0x5d	; 93
   0376 19                  609 	.db #0x19	; 25
   0377 73                  610 	.db #0x73	; 115	's'
   0378 60                  611 	.db #0x60	; 96
   0379 81                  612 	.db #0x81	; 129
   037A 4F                  613 	.db #0x4f	; 79	'O'
   037B DC                  614 	.db #0xdc	; 220
   037C 22                  615 	.db #0x22	; 34
   037D 2A                  616 	.db #0x2a	; 42
   037E 90                  617 	.db #0x90	; 144
   037F 88                  618 	.db #0x88	; 136
   0380 46                  619 	.db #0x46	; 70	'F'
   0381 EE                  620 	.db #0xee	; 238
   0382 B8                  621 	.db #0xb8	; 184
   0383 14                  622 	.db #0x14	; 20
   0384 DE                  623 	.db #0xde	; 222
   0385 5E                  624 	.db #0x5e	; 94
   0386 0B                  625 	.db #0x0b	; 11
   0387 DB                  626 	.db #0xdb	; 219
   0388 E0                  627 	.db #0xe0	; 224
   0389 32                  628 	.db #0x32	; 50	'2'
   038A 3A                  629 	.db #0x3a	; 58
   038B 0A                  630 	.db #0x0a	; 10
   038C 49                  631 	.db #0x49	; 73	'I'
   038D 06                  632 	.db #0x06	; 6
   038E 24                  633 	.db #0x24	; 36
   038F 5C                  634 	.db #0x5c	; 92
   0390 C2                  635 	.db #0xc2	; 194
   0391 D3                  636 	.db #0xd3	; 211
   0392 AC                  637 	.db #0xac	; 172
   0393 62                  638 	.db #0x62	; 98	'b'
   0394 91                  639 	.db #0x91	; 145
   0395 95                  640 	.db #0x95	; 149
   0396 E4                  641 	.db #0xe4	; 228
   0397 79                  642 	.db #0x79	; 121	'y'
   0398 E7                  643 	.db #0xe7	; 231
   0399 C8                  644 	.db #0xc8	; 200
   039A 37                  645 	.db #0x37	; 55	'7'
   039B 6D                  646 	.db #0x6d	; 109	'm'
   039C 8D                  647 	.db #0x8d	; 141
   039D D5                  648 	.db #0xd5	; 213
   039E 4E                  649 	.db #0x4e	; 78	'N'
   039F A9                  650 	.db #0xa9	; 169
   03A0 6C                  651 	.db #0x6c	; 108	'l'
   03A1 56                  652 	.db #0x56	; 86	'V'
   03A2 F4                  653 	.db #0xf4	; 244
   03A3 EA                  654 	.db #0xea	; 234
   03A4 65                  655 	.db #0x65	; 101	'e'
   03A5 7A                  656 	.db #0x7a	; 122	'z'
   03A6 AE                  657 	.db #0xae	; 174
   03A7 08                  658 	.db #0x08	; 8
   03A8 BA                  659 	.db #0xba	; 186
   03A9 78                  660 	.db #0x78	; 120	'x'
   03AA 25                  661 	.db #0x25	; 37
   03AB 2E                  662 	.db #0x2e	; 46
   03AC 1C                  663 	.db #0x1c	; 28
   03AD A6                  664 	.db #0xa6	; 166
   03AE B4                  665 	.db #0xb4	; 180
   03AF C6                  666 	.db #0xc6	; 198
   03B0 E8                  667 	.db #0xe8	; 232
   03B1 DD                  668 	.db #0xdd	; 221
   03B2 74                  669 	.db #0x74	; 116	't'
   03B3 1F                  670 	.db #0x1f	; 31
   03B4 4B                  671 	.db #0x4b	; 75	'K'
   03B5 BD                  672 	.db #0xbd	; 189
   03B6 8B                  673 	.db #0x8b	; 139
   03B7 8A                  674 	.db #0x8a	; 138
   03B8 70                  675 	.db #0x70	; 112	'p'
   03B9 3E                  676 	.db #0x3e	; 62
   03BA B5                  677 	.db #0xb5	; 181
   03BB 66                  678 	.db #0x66	; 102	'f'
   03BC 48                  679 	.db #0x48	; 72	'H'
   03BD 03                  680 	.db #0x03	; 3
   03BE F6                  681 	.db #0xf6	; 246
   03BF 0E                  682 	.db #0x0e	; 14
   03C0 61                  683 	.db #0x61	; 97	'a'
   03C1 35                  684 	.db #0x35	; 53	'5'
   03C2 57                  685 	.db #0x57	; 87	'W'
   03C3 B9                  686 	.db #0xb9	; 185
   03C4 86                  687 	.db #0x86	; 134
   03C5 C1                  688 	.db #0xc1	; 193
   03C6 1D                  689 	.db #0x1d	; 29
   03C7 9E                  690 	.db #0x9e	; 158
   03C8 E1                  691 	.db #0xe1	; 225
   03C9 F8                  692 	.db #0xf8	; 248
   03CA 98                  693 	.db #0x98	; 152
   03CB 11                  694 	.db #0x11	; 17
   03CC 69                  695 	.db #0x69	; 105	'i'
   03CD D9                  696 	.db #0xd9	; 217
   03CE 8E                  697 	.db #0x8e	; 142
   03CF 94                  698 	.db #0x94	; 148
   03D0 9B                  699 	.db #0x9b	; 155
   03D1 1E                  700 	.db #0x1e	; 30
   03D2 87                  701 	.db #0x87	; 135
   03D3 E9                  702 	.db #0xe9	; 233
   03D4 CE                  703 	.db #0xce	; 206
   03D5 55                  704 	.db #0x55	; 85	'U'
   03D6 28                  705 	.db #0x28	; 40
   03D7 DF                  706 	.db #0xdf	; 223
   03D8 8C                  707 	.db #0x8c	; 140
   03D9 A1                  708 	.db #0xa1	; 161
   03DA 89                  709 	.db #0x89	; 137
   03DB 0D                  710 	.db #0x0d	; 13
   03DC BF                  711 	.db #0xbf	; 191
   03DD E6                  712 	.db #0xe6	; 230
   03DE 42                  713 	.db #0x42	; 66	'B'
   03DF 68                  714 	.db #0x68	; 104	'h'
   03E0 41                  715 	.db #0x41	; 65	'A'
   03E1 99                  716 	.db #0x99	; 153
   03E2 2D                  717 	.db #0x2d	; 45
   03E3 0F                  718 	.db #0x0f	; 15
   03E4 B0                  719 	.db #0xb0	; 176
   03E5 54                  720 	.db #0x54	; 84	'T'
   03E6 BB                  721 	.db #0xbb	; 187
   03E7 16                  722 	.db #0x16	; 22
   03E8                     723 _Rcon:
   03E8 8D                  724 	.db #0x8d	; 141
   03E9 01                  725 	.db #0x01	; 1
   03EA 02                  726 	.db #0x02	; 2
   03EB 04                  727 	.db #0x04	; 4
   03EC 08                  728 	.db #0x08	; 8
   03ED 10                  729 	.db #0x10	; 16
   03EE 20                  730 	.db #0x20	; 32
   03EF 40                  731 	.db #0x40	; 64
   03F0 80                  732 	.db #0x80	; 128
   03F1 1B                  733 	.db #0x1b	; 27
   03F2 36                  734 	.db #0x36	; 54	'6'
                            735 ;aes_128.c:83: void AddRoundKey(uint8_t round, uint8_t* state, const uint8_t* RoundKey) {
                            736 ;	---------------------------------
                            737 ; Function AddRoundKey
                            738 ; ---------------------------------
   03F3                     739 _AddRoundKey::
   03F3 DD E5         [15]  740 	push	ix
   03F5 DD 21 00 00   [14]  741 	ld	ix,#0
   03F9 DD 39         [15]  742 	add	ix,sp
   03FB F5            [11]  743 	push	af
   03FC 3B            [ 6]  744 	dec	sp
                            745 ;aes_128.c:84: for (int i = 0; i < 16; ++i) {
   03FD 01 00 00      [10]  746 	ld	bc, #0x0000
   0400                     747 00103$:
   0400 79            [ 4]  748 	ld	a, c
   0401 D6 10         [ 7]  749 	sub	a, #0x10
   0403 78            [ 4]  750 	ld	a, b
   0404 17            [ 4]  751 	rla
   0405 3F            [ 4]  752 	ccf
   0406 1F            [ 4]  753 	rra
   0407 DE 80         [ 7]  754 	sbc	a, #0x80
   0409 D2r41r04      [10]  755 	jp	NC, 00105$
                            756 ;aes_128.c:85: state[i] ^= RoundKey[(round * 16) + i]; // XOR Op (Feature)
   040C DD 7E 05      [19]  757 	ld	a, 5 (ix)
   040F 81            [ 4]  758 	add	a, c
   0410 5F            [ 4]  759 	ld	e, a
   0411 DD 7E 06      [19]  760 	ld	a, 6 (ix)
   0414 88            [ 4]  761 	adc	a, b
   0415 57            [ 4]  762 	ld	d, a
   0416 1A            [ 7]  763 	ld	a, (de)
   0417 DD 77 FD      [19]  764 	ld	-3 (ix), a
   041A DD 6E 04      [19]  765 	ld	l, 4 (ix)
   041D 26 00         [ 7]  766 	ld	h, #0x00
   041F 29            [11]  767 	add	hl, hl
   0420 29            [11]  768 	add	hl, hl
   0421 29            [11]  769 	add	hl, hl
   0422 29            [11]  770 	add	hl, hl
   0423 09            [11]  771 	add	hl, bc
   0424 DD 75 FE      [19]  772 	ld	-2 (ix), l
   0427 DD 74 FF      [19]  773 	ld	-1 (ix), h
   042A DD 7E FE      [19]  774 	ld	a, -2 (ix)
   042D DD 86 07      [19]  775 	add	a, 7 (ix)
   0430 6F            [ 4]  776 	ld	l, a
   0431 DD 7E FF      [19]  777 	ld	a, -1 (ix)
   0434 DD 8E 08      [19]  778 	adc	a, 8 (ix)
   0437 67            [ 4]  779 	ld	h, a
   0438 7E            [ 7]  780 	ld	a, (hl)
   0439 DD AE FD      [19]  781 	xor	a, -3 (ix)
   043C 12            [ 7]  782 	ld	(de), a
                            783 ;aes_128.c:84: for (int i = 0; i < 16; ++i) {
   043D 03            [ 6]  784 	inc	bc
   043E C3r00r04      [10]  785 	jp	00103$
   0441                     786 00105$:
                            787 ;aes_128.c:87: }
   0441 DD F9         [10]  788 	ld	sp, ix
   0443 DD E1         [14]  789 	pop	ix
   0445 C9            [10]  790 	ret
                            791 ;aes_128.c:89: void SubBytes(uint8_t* state) {
                            792 ;	---------------------------------
                            793 ; Function SubBytes
                            794 ; ---------------------------------
   0446                     795 _SubBytes::
   0446 DD E5         [15]  796 	push	ix
   0448 DD 21 00 00   [14]  797 	ld	ix,#0
   044C DD 39         [15]  798 	add	ix,sp
                            799 ;aes_128.c:90: for (int i = 0; i < 16; ++i) {
   044E 01 00 00      [10]  800 	ld	bc, #0x0000
   0451                     801 00103$:
   0451 79            [ 4]  802 	ld	a, c
   0452 D6 10         [ 7]  803 	sub	a, #0x10
   0454 78            [ 4]  804 	ld	a, b
   0455 17            [ 4]  805 	rla
   0456 3F            [ 4]  806 	ccf
   0457 1F            [ 4]  807 	rra
   0458 DE 80         [ 7]  808 	sbc	a, #0x80
   045A D2r76r04      [10]  809 	jp	NC, 00105$
                            810 ;aes_128.c:91: state[i] = sbox[state[i]]; // Table Lookup (Feature)
   045D DD 7E 04      [19]  811 	ld	a, 4 (ix)
   0460 81            [ 4]  812 	add	a, c
   0461 5F            [ 4]  813 	ld	e, a
   0462 DD 7E 05      [19]  814 	ld	a, 5 (ix)
   0465 88            [ 4]  815 	adc	a, b
   0466 57            [ 4]  816 	ld	d, a
   0467 1A            [ 7]  817 	ld	a, (de)
   0468 C6rE8         [ 7]  818 	add	a, #<(_sbox)
   046A 6F            [ 4]  819 	ld	l, a
   046B 3E 00         [ 7]  820 	ld	a, #0x00
   046D CEs02         [ 7]  821 	adc	a, #>(_sbox)
   046F 67            [ 4]  822 	ld	h, a
   0470 7E            [ 7]  823 	ld	a, (hl)
   0471 12            [ 7]  824 	ld	(de), a
                            825 ;aes_128.c:90: for (int i = 0; i < 16; ++i) {
   0472 03            [ 6]  826 	inc	bc
   0473 C3r51r04      [10]  827 	jp	00103$
   0476                     828 00105$:
                            829 ;aes_128.c:93: }
   0476 DD E1         [14]  830 	pop	ix
   0478 C9            [10]  831 	ret
                            832 ;aes_128.c:95: void ShiftRows(uint8_t* state) {
                            833 ;	---------------------------------
                            834 ; Function ShiftRows
                            835 ; ---------------------------------
   0479                     836 _ShiftRows::
   0479 DD E5         [15]  837 	push	ix
   047B DD 21 00 00   [14]  838 	ld	ix,#0
   047F DD 39         [15]  839 	add	ix,sp
   0481 21 EE FF      [10]  840 	ld	hl, #-18
   0484 39            [11]  841 	add	hl, sp
   0485 F9            [ 6]  842 	ld	sp, hl
                            843 ;aes_128.c:99: temp[0] = state[0];  temp[1] = state[5];  temp[2] = state[10]; temp[3] = state[15];
   0486 21 00 00      [10]  844 	ld	hl, #0
   0489 39            [11]  845 	add	hl, sp
   048A 4D            [ 4]  846 	ld	c, l
   048B 44            [ 4]  847 	ld	b, h
   048C DD 7E 04      [19]  848 	ld	a, 4 (ix)
   048F DD 77 FE      [19]  849 	ld	-2 (ix), a
   0492 DD 7E 05      [19]  850 	ld	a, 5 (ix)
   0495 DD 77 FF      [19]  851 	ld	-1 (ix), a
   0498 DD 6E FE      [19]  852 	ld	l, -2 (ix)
   049B DD 66 FF      [19]  853 	ld	h, -1 (ix)
   049E 7E            [ 7]  854 	ld	a, (hl)
   049F 02            [ 7]  855 	ld	(bc), a
   04A0 59            [ 4]  856 	ld	e, c
   04A1 50            [ 4]  857 	ld	d, b
   04A2 13            [ 6]  858 	inc	de
   04A3 DD 6E FE      [19]  859 	ld	l, -2 (ix)
   04A6 DD 66 FF      [19]  860 	ld	h, -1 (ix)
   04A9 23            [ 6]  861 	inc	hl
   04AA 23            [ 6]  862 	inc	hl
   04AB 23            [ 6]  863 	inc	hl
   04AC 23            [ 6]  864 	inc	hl
   04AD 23            [ 6]  865 	inc	hl
   04AE 7E            [ 7]  866 	ld	a, (hl)
   04AF 12            [ 7]  867 	ld	(de), a
   04B0 59            [ 4]  868 	ld	e, c
   04B1 50            [ 4]  869 	ld	d, b
   04B2 13            [ 6]  870 	inc	de
   04B3 13            [ 6]  871 	inc	de
   04B4 DD 6E FE      [19]  872 	ld	l, -2 (ix)
   04B7 DD 66 FF      [19]  873 	ld	h, -1 (ix)
   04BA C5            [11]  874 	push	bc
   04BB 01 0A 00      [10]  875 	ld	bc, #0x000a
   04BE 09            [11]  876 	add	hl, bc
   04BF C1            [10]  877 	pop	bc
   04C0 7E            [ 7]  878 	ld	a, (hl)
   04C1 12            [ 7]  879 	ld	(de), a
   04C2 59            [ 4]  880 	ld	e, c
   04C3 50            [ 4]  881 	ld	d, b
   04C4 13            [ 6]  882 	inc	de
   04C5 13            [ 6]  883 	inc	de
   04C6 13            [ 6]  884 	inc	de
   04C7 DD 6E FE      [19]  885 	ld	l, -2 (ix)
   04CA DD 66 FF      [19]  886 	ld	h, -1 (ix)
   04CD C5            [11]  887 	push	bc
   04CE 01 0F 00      [10]  888 	ld	bc, #0x000f
   04D1 09            [11]  889 	add	hl, bc
   04D2 C1            [10]  890 	pop	bc
   04D3 7E            [ 7]  891 	ld	a, (hl)
   04D4 12            [ 7]  892 	ld	(de), a
                            893 ;aes_128.c:100: temp[4] = state[4];  temp[5] = state[9];  temp[6] = state[14]; temp[7] = state[3];
   04D5 21 04 00      [10]  894 	ld	hl, #0x0004
   04D8 09            [11]  895 	add	hl, bc
   04D9 EB            [ 4]  896 	ex	de, hl
   04DA DD 6E FE      [19]  897 	ld	l, -2 (ix)
   04DD DD 66 FF      [19]  898 	ld	h, -1 (ix)
   04E0 23            [ 6]  899 	inc	hl
   04E1 23            [ 6]  900 	inc	hl
   04E2 23            [ 6]  901 	inc	hl
   04E3 23            [ 6]  902 	inc	hl
   04E4 7E            [ 7]  903 	ld	a, (hl)
   04E5 12            [ 7]  904 	ld	(de), a
   04E6 21 05 00      [10]  905 	ld	hl, #0x0005
   04E9 09            [11]  906 	add	hl, bc
   04EA EB            [ 4]  907 	ex	de, hl
   04EB DD 6E FE      [19]  908 	ld	l, -2 (ix)
   04EE DD 66 FF      [19]  909 	ld	h, -1 (ix)
   04F1 C5            [11]  910 	push	bc
   04F2 01 09 00      [10]  911 	ld	bc, #0x0009
   04F5 09            [11]  912 	add	hl, bc
   04F6 C1            [10]  913 	pop	bc
   04F7 7E            [ 7]  914 	ld	a, (hl)
   04F8 12            [ 7]  915 	ld	(de), a
   04F9 21 06 00      [10]  916 	ld	hl, #0x0006
   04FC 09            [11]  917 	add	hl, bc
   04FD EB            [ 4]  918 	ex	de, hl
   04FE DD 6E FE      [19]  919 	ld	l, -2 (ix)
   0501 DD 66 FF      [19]  920 	ld	h, -1 (ix)
   0504 C5            [11]  921 	push	bc
   0505 01 0E 00      [10]  922 	ld	bc, #0x000e
   0508 09            [11]  923 	add	hl, bc
   0509 C1            [10]  924 	pop	bc
   050A 7E            [ 7]  925 	ld	a, (hl)
   050B 12            [ 7]  926 	ld	(de), a
   050C 21 07 00      [10]  927 	ld	hl, #0x0007
   050F 09            [11]  928 	add	hl, bc
   0510 EB            [ 4]  929 	ex	de, hl
   0511 DD 6E FE      [19]  930 	ld	l, -2 (ix)
   0514 DD 66 FF      [19]  931 	ld	h, -1 (ix)
   0517 23            [ 6]  932 	inc	hl
   0518 23            [ 6]  933 	inc	hl
   0519 23            [ 6]  934 	inc	hl
   051A 7E            [ 7]  935 	ld	a, (hl)
   051B 12            [ 7]  936 	ld	(de), a
                            937 ;aes_128.c:101: temp[8] = state[8];  temp[9] = state[13]; temp[10] = state[2]; temp[11] = state[7];
   051C 21 08 00      [10]  938 	ld	hl, #0x0008
   051F 09            [11]  939 	add	hl, bc
   0520 EB            [ 4]  940 	ex	de, hl
   0521 DD 6E FE      [19]  941 	ld	l, -2 (ix)
   0524 DD 66 FF      [19]  942 	ld	h, -1 (ix)
   0527 C5            [11]  943 	push	bc
   0528 01 08 00      [10]  944 	ld	bc, #0x0008
   052B 09            [11]  945 	add	hl, bc
   052C C1            [10]  946 	pop	bc
   052D 7E            [ 7]  947 	ld	a, (hl)
   052E 12            [ 7]  948 	ld	(de), a
   052F 21 09 00      [10]  949 	ld	hl, #0x0009
   0532 09            [11]  950 	add	hl, bc
   0533 EB            [ 4]  951 	ex	de, hl
   0534 DD 6E FE      [19]  952 	ld	l, -2 (ix)
   0537 DD 66 FF      [19]  953 	ld	h, -1 (ix)
   053A C5            [11]  954 	push	bc
   053B 01 0D 00      [10]  955 	ld	bc, #0x000d
   053E 09            [11]  956 	add	hl, bc
   053F C1            [10]  957 	pop	bc
   0540 7E            [ 7]  958 	ld	a, (hl)
   0541 12            [ 7]  959 	ld	(de), a
   0542 21 0A 00      [10]  960 	ld	hl, #0x000a
   0545 09            [11]  961 	add	hl, bc
   0546 EB            [ 4]  962 	ex	de, hl
   0547 DD 6E FE      [19]  963 	ld	l, -2 (ix)
   054A DD 66 FF      [19]  964 	ld	h, -1 (ix)
   054D 23            [ 6]  965 	inc	hl
   054E 23            [ 6]  966 	inc	hl
   054F 7E            [ 7]  967 	ld	a, (hl)
   0550 12            [ 7]  968 	ld	(de), a
   0551 21 0B 00      [10]  969 	ld	hl, #0x000b
   0554 09            [11]  970 	add	hl, bc
   0555 EB            [ 4]  971 	ex	de, hl
   0556 DD 6E FE      [19]  972 	ld	l, -2 (ix)
   0559 DD 66 FF      [19]  973 	ld	h, -1 (ix)
   055C C5            [11]  974 	push	bc
   055D 01 07 00      [10]  975 	ld	bc, #0x0007
   0560 09            [11]  976 	add	hl, bc
   0561 C1            [10]  977 	pop	bc
   0562 7E            [ 7]  978 	ld	a, (hl)
   0563 12            [ 7]  979 	ld	(de), a
                            980 ;aes_128.c:102: temp[12] = state[12]; temp[13] = state[1]; temp[14] = state[6]; temp[15] = state[11];
   0564 21 0C 00      [10]  981 	ld	hl, #0x000c
   0567 09            [11]  982 	add	hl, bc
   0568 EB            [ 4]  983 	ex	de, hl
   0569 DD 6E FE      [19]  984 	ld	l, -2 (ix)
   056C DD 66 FF      [19]  985 	ld	h, -1 (ix)
   056F C5            [11]  986 	push	bc
   0570 01 0C 00      [10]  987 	ld	bc, #0x000c
   0573 09            [11]  988 	add	hl, bc
   0574 C1            [10]  989 	pop	bc
   0575 7E            [ 7]  990 	ld	a, (hl)
   0576 12            [ 7]  991 	ld	(de), a
   0577 21 0D 00      [10]  992 	ld	hl, #0x000d
   057A 09            [11]  993 	add	hl, bc
   057B EB            [ 4]  994 	ex	de, hl
   057C DD 6E FE      [19]  995 	ld	l, -2 (ix)
   057F DD 66 FF      [19]  996 	ld	h, -1 (ix)
   0582 23            [ 6]  997 	inc	hl
   0583 7E            [ 7]  998 	ld	a, (hl)
   0584 12            [ 7]  999 	ld	(de), a
   0585 21 0E 00      [10] 1000 	ld	hl, #0x000e
   0588 09            [11] 1001 	add	hl, bc
   0589 EB            [ 4] 1002 	ex	de, hl
   058A DD 6E FE      [19] 1003 	ld	l, -2 (ix)
   058D DD 66 FF      [19] 1004 	ld	h, -1 (ix)
   0590 C5            [11] 1005 	push	bc
   0591 01 06 00      [10] 1006 	ld	bc, #0x0006
   0594 09            [11] 1007 	add	hl, bc
   0595 C1            [10] 1008 	pop	bc
   0596 7E            [ 7] 1009 	ld	a, (hl)
   0597 12            [ 7] 1010 	ld	(de), a
   0598 21 0F 00      [10] 1011 	ld	hl, #0x000f
   059B 09            [11] 1012 	add	hl, bc
   059C EB            [ 4] 1013 	ex	de, hl
   059D DD 6E FE      [19] 1014 	ld	l, -2 (ix)
   05A0 DD 66 FF      [19] 1015 	ld	h, -1 (ix)
   05A3 C5            [11] 1016 	push	bc
   05A4 01 0B 00      [10] 1017 	ld	bc, #0x000b
   05A7 09            [11] 1018 	add	hl, bc
   05A8 C1            [10] 1019 	pop	bc
   05A9 7E            [ 7] 1020 	ld	a, (hl)
   05AA 12            [ 7] 1021 	ld	(de), a
                           1022 ;aes_128.c:103: memcpy(state, temp, 16);
   05AB DD 5E 04      [19] 1023 	ld	e, 4 (ix)
   05AE DD 56 05      [19] 1024 	ld	d, 5 (ix)
   05B1 69            [ 4] 1025 	ld	l, c
   05B2 60            [ 4] 1026 	ld	h, b
   05B3 01 10 00      [10] 1027 	ld	bc, #0x0010
   05B6 ED B0         [21] 1028 	ldir
   05B8                    1029 00101$:
                           1030 ;aes_128.c:104: }
   05B8 DD F9         [10] 1031 	ld	sp, ix
   05BA DD E1         [14] 1032 	pop	ix
   05BC C9            [10] 1033 	ret
                           1034 ;aes_128.c:106: void AES_Encrypt(uint8_t* state, const uint8_t* key) {
                           1035 ;	---------------------------------
                           1036 ; Function AES_Encrypt
                           1037 ; ---------------------------------
   05BD                    1038 _AES_Encrypt::
   05BD DD E5         [15] 1039 	push	ix
   05BF DD 21 00 00   [14] 1040 	ld	ix,#0
   05C3 DD 39         [15] 1041 	add	ix,sp
   05C5 21 4D FF      [10] 1042 	ld	hl, #-179
   05C8 39            [11] 1043 	add	hl, sp
   05C9 F9            [ 6] 1044 	ld	sp, hl
                           1045 ;aes_128.c:108: KeyExpansion(RoundKey, key);
   05CA 21 00 00      [10] 1046 	ld	hl, #0
   05CD 39            [11] 1047 	add	hl, sp
   05CE EB            [ 4] 1048 	ex	de, hl
   05CF 4B            [ 4] 1049 	ld	c, e
   05D0 42            [ 4] 1050 	ld	b, d
   05D1 D5            [11] 1051 	push	de
   05D2 DD 6E 06      [19] 1052 	ld	l, 6 (ix)
   05D5 DD 66 07      [19] 1053 	ld	h, 7 (ix)
   05D8 E5            [11] 1054 	push	hl
   05D9 C5            [11] 1055 	push	bc
   05DA CDr05r00      [17] 1056 	call	_KeyExpansion
   05DD F1            [10] 1057 	pop	af
   05DE F1            [10] 1058 	pop	af
   05DF D1            [10] 1059 	pop	de
                           1060 ;aes_128.c:110: AddRoundKey(0, state, RoundKey);
   05E0 4B            [ 4] 1061 	ld	c, e
   05E1 42            [ 4] 1062 	ld	b, d
   05E2 D5            [11] 1063 	push	de
   05E3 C5            [11] 1064 	push	bc
   05E4 DD 6E 04      [19] 1065 	ld	l, 4 (ix)
   05E7 DD 66 05      [19] 1066 	ld	h, 5 (ix)
   05EA E5            [11] 1067 	push	hl
   05EB AF            [ 4] 1068 	xor	a, a
   05EC F5            [11] 1069 	push	af
   05ED 33            [ 6] 1070 	inc	sp
   05EE CDrF3r03      [17] 1071 	call	_AddRoundKey
   05F1 F1            [10] 1072 	pop	af
   05F2 F1            [10] 1073 	pop	af
   05F3 33            [ 6] 1074 	inc	sp
   05F4 D1            [10] 1075 	pop	de
                           1076 ;aes_128.c:113: for (int round = 1; round < 10; ++round) {
   05F5 DD 73 FD      [19] 1077 	ld	-3 (ix), e
   05F8 DD 72 FE      [19] 1078 	ld	-2 (ix), d
   05FB 01 01 00      [10] 1079 	ld	bc, #0x0001
   05FE                    1080 00103$:
   05FE 79            [ 4] 1081 	ld	a, c
   05FF D6 0A         [ 7] 1082 	sub	a, #0x0a
   0601 78            [ 4] 1083 	ld	a, b
   0602 17            [ 4] 1084 	rla
   0603 3F            [ 4] 1085 	ccf
   0604 1F            [ 4] 1086 	rra
   0605 DE 80         [ 7] 1087 	sbc	a, #0x80
   0607 D2r4Cr06      [10] 1088 	jp	NC, 00101$
                           1089 ;aes_128.c:114: SubBytes(state);
   060A C5            [11] 1090 	push	bc
   060B D5            [11] 1091 	push	de
   060C DD 6E 04      [19] 1092 	ld	l, 4 (ix)
   060F DD 66 05      [19] 1093 	ld	h, 5 (ix)
   0612 E5            [11] 1094 	push	hl
   0613 CDr46r04      [17] 1095 	call	_SubBytes
   0616 F1            [10] 1096 	pop	af
   0617 D1            [10] 1097 	pop	de
   0618 C1            [10] 1098 	pop	bc
                           1099 ;aes_128.c:115: ShiftRows(state);
   0619 C5            [11] 1100 	push	bc
   061A D5            [11] 1101 	push	de
   061B DD 6E 04      [19] 1102 	ld	l, 4 (ix)
   061E DD 66 05      [19] 1103 	ld	h, 5 (ix)
   0621 E5            [11] 1104 	push	hl
   0622 CDr79r04      [17] 1105 	call	_ShiftRows
   0625 F1            [10] 1106 	pop	af
   0626 D1            [10] 1107 	pop	de
   0627 C1            [10] 1108 	pop	bc
                           1109 ;aes_128.c:117: AddRoundKey(round, state, RoundKey);
   0628 DD 6E FD      [19] 1110 	ld	l, -3 (ix)
   062B DD 66 FE      [19] 1111 	ld	h, -2 (ix)
   062E DD 71 FF      [19] 1112 	ld	-1 (ix), c
   0631 C5            [11] 1113 	push	bc
   0632 D5            [11] 1114 	push	de
   0633 E5            [11] 1115 	push	hl
   0634 DD 6E 04      [19] 1116 	ld	l, 4 (ix)
   0637 DD 66 05      [19] 1117 	ld	h, 5 (ix)
   063A E5            [11] 1118 	push	hl
   063B DD 7E FF      [19] 1119 	ld	a, -1 (ix)
   063E F5            [11] 1120 	push	af
   063F 33            [ 6] 1121 	inc	sp
   0640 CDrF3r03      [17] 1122 	call	_AddRoundKey
   0643 F1            [10] 1123 	pop	af
   0644 F1            [10] 1124 	pop	af
   0645 33            [ 6] 1125 	inc	sp
   0646 D1            [10] 1126 	pop	de
   0647 C1            [10] 1127 	pop	bc
                           1128 ;aes_128.c:113: for (int round = 1; round < 10; ++round) {
   0648 03            [ 6] 1129 	inc	bc
   0649 C3rFEr05      [10] 1130 	jp	00103$
   064C                    1131 00101$:
                           1132 ;aes_128.c:121: SubBytes(state);
   064C D5            [11] 1133 	push	de
   064D DD 6E 04      [19] 1134 	ld	l, 4 (ix)
   0650 DD 66 05      [19] 1135 	ld	h, 5 (ix)
   0653 E5            [11] 1136 	push	hl
   0654 CDr46r04      [17] 1137 	call	_SubBytes
   0657 F1            [10] 1138 	pop	af
   0658 D1            [10] 1139 	pop	de
                           1140 ;aes_128.c:122: ShiftRows(state);
   0659 D5            [11] 1141 	push	de
   065A DD 6E 04      [19] 1142 	ld	l, 4 (ix)
   065D DD 66 05      [19] 1143 	ld	h, 5 (ix)
   0660 E5            [11] 1144 	push	hl
   0661 CDr79r04      [17] 1145 	call	_ShiftRows
   0664 F1            [10] 1146 	pop	af
   0665 D1            [10] 1147 	pop	de
                           1148 ;aes_128.c:123: AddRoundKey(10, state, RoundKey);
   0666 D5            [11] 1149 	push	de
   0667 DD 6E 04      [19] 1150 	ld	l, 4 (ix)
   066A DD 66 05      [19] 1151 	ld	h, 5 (ix)
   066D E5            [11] 1152 	push	hl
   066E 3E 0A         [ 7] 1153 	ld	a, #0x0a
   0670 F5            [11] 1154 	push	af
   0671 33            [ 6] 1155 	inc	sp
   0672 CDrF3r03      [17] 1156 	call	_AddRoundKey
   0675 F1            [10] 1157 	pop	af
   0676 F1            [10] 1158 	pop	af
   0677 33            [ 6] 1159 	inc	sp
   0678                    1160 00105$:
                           1161 ;aes_128.c:124: }
   0678 DD F9         [10] 1162 	ld	sp, ix
   067A DD E1         [14] 1163 	pop	ix
   067C C9            [10] 1164 	ret
                           1165 ;aes_128.c:126: int main() {
                           1166 ;	---------------------------------
                           1167 ; Function main
                           1168 ; ---------------------------------
   067D                    1169 _main::
   067D DD E5         [15] 1170 	push	ix
   067F DD 21 00 00   [14] 1171 	ld	ix,#0
   0683 DD 39         [15] 1172 	add	ix,sp
   0685 21 E0 FF      [10] 1173 	ld	hl, #-32
   0688 39            [11] 1174 	add	hl, sp
   0689 F9            [ 6] 1175 	ld	sp, hl
                           1176 ;aes_128.c:127: uint8_t data[16] = {
   068A 21 00 00      [10] 1177 	ld	hl, #0
   068D 39            [11] 1178 	add	hl, sp
   068E 4D            [ 4] 1179 	ld	c, l
   068F 44            [ 4] 1180 	ld	b, h
   0690 3E 32         [ 7] 1181 	ld	a, #0x32
   0692 02            [ 7] 1182 	ld	(bc), a
   0693 69            [ 4] 1183 	ld	l, c
   0694 60            [ 4] 1184 	ld	h, b
   0695 23            [ 6] 1185 	inc	hl
   0696 36 43         [10] 1186 	ld	(hl), #0x43
   0698 69            [ 4] 1187 	ld	l, c
   0699 60            [ 4] 1188 	ld	h, b
   069A 23            [ 6] 1189 	inc	hl
   069B 23            [ 6] 1190 	inc	hl
   069C 36 F6         [10] 1191 	ld	(hl), #0xf6
   069E 69            [ 4] 1192 	ld	l, c
   069F 60            [ 4] 1193 	ld	h, b
   06A0 23            [ 6] 1194 	inc	hl
   06A1 23            [ 6] 1195 	inc	hl
   06A2 23            [ 6] 1196 	inc	hl
   06A3 36 A8         [10] 1197 	ld	(hl), #0xa8
   06A5 21 04 00      [10] 1198 	ld	hl, #0x0004
   06A8 09            [11] 1199 	add	hl, bc
   06A9 36 88         [10] 1200 	ld	(hl), #0x88
   06AB 21 05 00      [10] 1201 	ld	hl, #0x0005
   06AE 09            [11] 1202 	add	hl, bc
   06AF 36 5A         [10] 1203 	ld	(hl), #0x5a
   06B1 21 06 00      [10] 1204 	ld	hl, #0x0006
   06B4 09            [11] 1205 	add	hl, bc
   06B5 36 30         [10] 1206 	ld	(hl), #0x30
   06B7 21 07 00      [10] 1207 	ld	hl, #0x0007
   06BA 09            [11] 1208 	add	hl, bc
   06BB 36 8D         [10] 1209 	ld	(hl), #0x8d
   06BD 21 08 00      [10] 1210 	ld	hl, #0x0008
   06C0 09            [11] 1211 	add	hl, bc
   06C1 36 31         [10] 1212 	ld	(hl), #0x31
   06C3 21 09 00      [10] 1213 	ld	hl, #0x0009
   06C6 09            [11] 1214 	add	hl, bc
   06C7 36 31         [10] 1215 	ld	(hl), #0x31
   06C9 21 0A 00      [10] 1216 	ld	hl, #0x000a
   06CC 09            [11] 1217 	add	hl, bc
   06CD 36 98         [10] 1218 	ld	(hl), #0x98
   06CF 21 0B 00      [10] 1219 	ld	hl, #0x000b
   06D2 09            [11] 1220 	add	hl, bc
   06D3 36 A2         [10] 1221 	ld	(hl), #0xa2
   06D5 21 0C 00      [10] 1222 	ld	hl, #0x000c
   06D8 09            [11] 1223 	add	hl, bc
   06D9 36 E0         [10] 1224 	ld	(hl), #0xe0
   06DB 21 0D 00      [10] 1225 	ld	hl, #0x000d
   06DE 09            [11] 1226 	add	hl, bc
   06DF 36 37         [10] 1227 	ld	(hl), #0x37
   06E1 21 0E 00      [10] 1228 	ld	hl, #0x000e
   06E4 09            [11] 1229 	add	hl, bc
   06E5 36 07         [10] 1230 	ld	(hl), #0x07
   06E7 21 0F 00      [10] 1231 	ld	hl, #0x000f
   06EA 09            [11] 1232 	add	hl, bc
   06EB 36 34         [10] 1233 	ld	(hl), #0x34
                           1234 ;aes_128.c:132: uint8_t key[16] = { 
   06ED 21 10 00      [10] 1235 	ld	hl, #16
   06F0 39            [11] 1236 	add	hl, sp
   06F1 EB            [ 4] 1237 	ex	de, hl
   06F2 3E 2B         [ 7] 1238 	ld	a, #0x2b
   06F4 12            [ 7] 1239 	ld	(de), a
   06F5 6B            [ 4] 1240 	ld	l, e
   06F6 62            [ 4] 1241 	ld	h, d
   06F7 23            [ 6] 1242 	inc	hl
   06F8 36 7E         [10] 1243 	ld	(hl), #0x7e
   06FA 6B            [ 4] 1244 	ld	l, e
   06FB 62            [ 4] 1245 	ld	h, d
   06FC 23            [ 6] 1246 	inc	hl
   06FD 23            [ 6] 1247 	inc	hl
   06FE 36 15         [10] 1248 	ld	(hl), #0x15
   0700 6B            [ 4] 1249 	ld	l, e
   0701 62            [ 4] 1250 	ld	h, d
   0702 23            [ 6] 1251 	inc	hl
   0703 23            [ 6] 1252 	inc	hl
   0704 23            [ 6] 1253 	inc	hl
   0705 36 16         [10] 1254 	ld	(hl), #0x16
   0707 21 04 00      [10] 1255 	ld	hl, #0x0004
   070A 19            [11] 1256 	add	hl, de
   070B 36 28         [10] 1257 	ld	(hl), #0x28
   070D 21 05 00      [10] 1258 	ld	hl, #0x0005
   0710 19            [11] 1259 	add	hl, de
   0711 36 AE         [10] 1260 	ld	(hl), #0xae
   0713 21 06 00      [10] 1261 	ld	hl, #0x0006
   0716 19            [11] 1262 	add	hl, de
   0717 36 D2         [10] 1263 	ld	(hl), #0xd2
   0719 21 07 00      [10] 1264 	ld	hl, #0x0007
   071C 19            [11] 1265 	add	hl, de
   071D 36 A6         [10] 1266 	ld	(hl), #0xa6
   071F 21 08 00      [10] 1267 	ld	hl, #0x0008
   0722 19            [11] 1268 	add	hl, de
   0723 36 AB         [10] 1269 	ld	(hl), #0xab
   0725 21 09 00      [10] 1270 	ld	hl, #0x0009
   0728 19            [11] 1271 	add	hl, de
   0729 36 F7         [10] 1272 	ld	(hl), #0xf7
   072B 21 0A 00      [10] 1273 	ld	hl, #0x000a
   072E 19            [11] 1274 	add	hl, de
   072F 36 15         [10] 1275 	ld	(hl), #0x15
   0731 21 0B 00      [10] 1276 	ld	hl, #0x000b
   0734 19            [11] 1277 	add	hl, de
   0735 36 88         [10] 1278 	ld	(hl), #0x88
   0737 21 0C 00      [10] 1279 	ld	hl, #0x000c
   073A 19            [11] 1280 	add	hl, de
   073B 36 09         [10] 1281 	ld	(hl), #0x09
   073D 21 0D 00      [10] 1282 	ld	hl, #0x000d
   0740 19            [11] 1283 	add	hl, de
   0741 36 CF         [10] 1284 	ld	(hl), #0xcf
   0743 21 0E 00      [10] 1285 	ld	hl, #0x000e
   0746 19            [11] 1286 	add	hl, de
   0747 36 4F         [10] 1287 	ld	(hl), #0x4f
   0749 21 0F 00      [10] 1288 	ld	hl, #0x000f
   074C 19            [11] 1289 	add	hl, de
   074D 36 3C         [10] 1290 	ld	(hl), #0x3c
                           1291 ;aes_128.c:137: printf("--- System Start (Crypto Mode) ---\n");
   074F C5            [11] 1292 	push	bc
   0750 D5            [11] 1293 	push	de
   0751 21rA7r07      [10] 1294 	ld	hl, #___str_1
   0754 E5            [11] 1295 	push	hl
   0755 CDr00r00      [17] 1296 	call	_puts
   0758 F1            [10] 1297 	pop	af
   0759 D1            [10] 1298 	pop	de
   075A C1            [10] 1299 	pop	bc
                           1300 ;aes_128.c:140: AES_Encrypt(data, key);
   075B 69            [ 4] 1301 	ld	l, c
   075C 60            [ 4] 1302 	ld	h, b
   075D C5            [11] 1303 	push	bc
   075E D5            [11] 1304 	push	de
   075F E5            [11] 1305 	push	hl
   0760 CDrBDr05      [17] 1306 	call	_AES_Encrypt
   0763 F1            [10] 1307 	pop	af
   0764 F1            [10] 1308 	pop	af
   0765 C1            [10] 1309 	pop	bc
                           1310 ;aes_128.c:142: printf("Encrypted Data: ");
   0766 C5            [11] 1311 	push	bc
   0767 21rCAr07      [10] 1312 	ld	hl, #___str_2
   076A E5            [11] 1313 	push	hl
   076B CDr00r00      [17] 1314 	call	_printf
   076E F1            [10] 1315 	pop	af
   076F C1            [10] 1316 	pop	bc
                           1317 ;aes_128.c:143: for(int i=0; i<16; i++) printf("%02x ", data[i]);
   0770 11 00 00      [10] 1318 	ld	de, #0x0000
   0773                    1319 00103$:
   0773 7B            [ 4] 1320 	ld	a, e
   0774 D6 10         [ 7] 1321 	sub	a, #0x10
   0776 7A            [ 4] 1322 	ld	a, d
   0777 17            [ 4] 1323 	rla
   0778 3F            [ 4] 1324 	ccf
   0779 1F            [ 4] 1325 	rra
   077A DE 80         [ 7] 1326 	sbc	a, #0x80
   077C D2r97r07      [10] 1327 	jp	NC, 00101$
   077F 69            [ 4] 1328 	ld	l, c
   0780 60            [ 4] 1329 	ld	h, b
   0781 19            [11] 1330 	add	hl, de
   0782 6E            [ 7] 1331 	ld	l, (hl)
   0783 26 00         [ 7] 1332 	ld	h, #0x00
   0785 C5            [11] 1333 	push	bc
   0786 D5            [11] 1334 	push	de
   0787 E5            [11] 1335 	push	hl
   0788 21rDBr07      [10] 1336 	ld	hl, #___str_3
   078B E5            [11] 1337 	push	hl
   078C CDr00r00      [17] 1338 	call	_printf
   078F F1            [10] 1339 	pop	af
   0790 F1            [10] 1340 	pop	af
   0791 D1            [10] 1341 	pop	de
   0792 C1            [10] 1342 	pop	bc
   0793 13            [ 6] 1343 	inc	de
   0794 C3r73r07      [10] 1344 	jp	00103$
   0797                    1345 00101$:
                           1346 ;aes_128.c:146: printf("--- System Shutdown ---\n");
   0797 21rE1r07      [10] 1347 	ld	hl, #___str_8
   079A E5            [11] 1348 	push	hl
   079B CDr00r00      [17] 1349 	call	_puts
   079E F1            [10] 1350 	pop	af
                           1351 ;aes_128.c:147: return 0;
   079F 21 00 00      [10] 1352 	ld	hl, #0x0000
   07A2                    1353 00105$:
                           1354 ;aes_128.c:148: }
   07A2 DD F9         [10] 1355 	ld	sp, ix
   07A4 DD E1         [14] 1356 	pop	ix
   07A6 C9            [10] 1357 	ret
   07A7                    1358 ___str_1:
   07A7 2D 2D 2D 20 53 79  1359 	.ascii "--- System Start (Crypto Mode) ---"
        73 74 65 6D 20 53
        74 61 72 74 20 28
        43 72 79 70 74 6F
        20 4D 6F 64 65 29
        20 2D 2D 2D
   07C9 00                 1360 	.db 0x00
   07CA                    1361 ___str_2:
   07CA 45 6E 63 72 79 70  1362 	.ascii "Encrypted Data: "
        74 65 64 20 44 61
        74 61 3A 20
   07DA 00                 1363 	.db 0x00
   07DB                    1364 ___str_3:
   07DB 25 30 32 78 20     1365 	.ascii "%02x "
   07E0 00                 1366 	.db 0x00
   07E1                    1367 ___str_8:
   07E1 0A                 1368 	.db 0x0a
   07E2 2D 2D 2D 20 53 79  1369 	.ascii "--- System Shutdown ---"
        73 74 65 6D 20 53
        68 75 74 64 6F 77
        6E 20 2D 2D 2D
   07F9 00                 1370 	.db 0x00
                           1371 	.area _CODE
                           1372 	.area _INITIALIZER
                           1373 	.area _CABS (ABS)
