                              1 ;--------------------------------------------------------
                              2 ; File Created by SDCC : free open source ANSI-C Compiler
                              3 ; Version 4.0.0 #11528 (Linux)
                              4 ;--------------------------------------------------------
                              5 	.module aes_128
                              6 	.optsdcc -mz80
                              7 	
                              8 ;--------------------------------------------------------
                              9 ; Public variables in this module
                             10 ;--------------------------------------------------------
                             11 	.globl _main
                             12 	.globl _AES_Encrypt
                             13 	.globl _ShiftRows
                             14 	.globl _SubBytes
                             15 	.globl _AddRoundKey
                             16 	.globl _KeyExpansion
                             17 	.globl _puts
                             18 	.globl _printf
                             19 	.globl _putchar
                             20 ;--------------------------------------------------------
                             21 ; special function registers
                             22 ;--------------------------------------------------------
                             23 ;--------------------------------------------------------
                             24 ; ram data
                             25 ;--------------------------------------------------------
                             26 	.area _DATA
                             27 ;--------------------------------------------------------
                             28 ; ram data
                             29 ;--------------------------------------------------------
                             30 	.area _INITIALIZED
                             31 ;--------------------------------------------------------
                             32 ; absolute external ram data
                             33 ;--------------------------------------------------------
                             34 	.area _DABS (ABS)
                             35 ;--------------------------------------------------------
                             36 ; global & static initialisations
                             37 ;--------------------------------------------------------
                             38 	.area _HOME
                             39 	.area _GSINIT
                             40 	.area _GSFINAL
                             41 	.area _GSINIT
                             42 ;--------------------------------------------------------
                             43 ; Home
                             44 ;--------------------------------------------------------
                             45 	.area _HOME
                             46 	.area _HOME
                             47 ;--------------------------------------------------------
                             48 ; code
                             49 ;--------------------------------------------------------
                             50 	.area _CODE
                             51 ;aes_128.c:6: int putchar(int c) {
                             52 ;	---------------------------------
                             53 ; Function putchar
                             54 ; ---------------------------------
   0000                      55 _putchar::
                             56 ;aes_128.c:7: return c;
   0000 C1            [10]   57 	pop	bc
   0001 E1            [10]   58 	pop	hl
   0002 E5            [11]   59 	push	hl
   0003 C5            [11]   60 	push	bc
                             61 ;aes_128.c:8: }
   0004 C9            [10]   62 	ret
                             63 ;aes_128.c:41: void KeyExpansion(uint8_t* RoundKey, const uint8_t* Key) {
                             64 ;	---------------------------------
                             65 ; Function KeyExpansion
                             66 ; ---------------------------------
   0005                      67 _KeyExpansion::
   0005 CDr00r00      [17]   68 	call	___sdcc_enter_ix
   0008 21 F0 FF      [10]   69 	ld	hl, #-16
   000B 39            [11]   70 	add	hl, sp
   000C F9            [ 6]   71 	ld	sp, hl
                             72 ;aes_128.c:45: for (i = 0; i < 4; ++i) {
   000D AF            [ 4]   73 	xor	a, a
   000E DD 77 FE      [19]   74 	ld	-2 (ix), a
   0011 DD 77 FF      [19]   75 	ld	-1 (ix), a
   0014                      76 00105$:
                             77 ;aes_128.c:46: RoundKey[(i * 4) + 0] = Key[(i * 4) + 0];
   0014 DD 5E FE      [19]   78 	ld	e, -2 (ix)
   0017 DD 56 FF      [19]   79 	ld	d, -1 (ix)
   001A CB 23         [ 8]   80 	sla	e
   001C CB 12         [ 8]   81 	rl	d
   001E CB 23         [ 8]   82 	sla	e
   0020 CB 12         [ 8]   83 	rl	d
   0022 DD 7E 04      [19]   84 	ld	a, 4 (ix)
   0025 83            [ 4]   85 	add	a, e
   0026 4F            [ 4]   86 	ld	c, a
   0027 DD 7E 05      [19]   87 	ld	a, 5 (ix)
   002A 8A            [ 4]   88 	adc	a, d
   002B 47            [ 4]   89 	ld	b, a
   002C DD 6E 06      [19]   90 	ld	l, 6 (ix)
   002F DD 66 07      [19]   91 	ld	h, 7 (ix)
   0032 19            [11]   92 	add	hl, de
   0033 7E            [ 7]   93 	ld	a, (hl)
   0034 02            [ 7]   94 	ld	(bc), a
                             95 ;aes_128.c:47: RoundKey[(i * 4) + 1] = Key[(i * 4) + 1];
   0035 4B            [ 4]   96 	ld	c, e
   0036 42            [ 4]   97 	ld	b, d
   0037 03            [ 6]   98 	inc	bc
   0038 DD 7E 04      [19]   99 	ld	a, 4 (ix)
   003B 81            [ 4]  100 	add	a, c
   003C DD 77 FC      [19]  101 	ld	-4 (ix), a
   003F DD 7E 05      [19]  102 	ld	a, 5 (ix)
   0042 88            [ 4]  103 	adc	a, b
   0043 DD 77 FD      [19]  104 	ld	-3 (ix), a
   0046 DD 6E 06      [19]  105 	ld	l, 6 (ix)
   0049 DD 66 07      [19]  106 	ld	h, 7 (ix)
   004C 09            [11]  107 	add	hl, bc
   004D 7E            [ 7]  108 	ld	a, (hl)
   004E DD 6E FC      [19]  109 	ld	l, -4 (ix)
   0051 DD 66 FD      [19]  110 	ld	h, -3 (ix)
   0054 77            [ 7]  111 	ld	(hl), a
                            112 ;aes_128.c:48: RoundKey[(i * 4) + 2] = Key[(i * 4) + 2];
   0055 4B            [ 4]  113 	ld	c, e
   0056 42            [ 4]  114 	ld	b, d
   0057 03            [ 6]  115 	inc	bc
   0058 03            [ 6]  116 	inc	bc
   0059 DD 7E 04      [19]  117 	ld	a, 4 (ix)
   005C 81            [ 4]  118 	add	a, c
   005D DD 77 FC      [19]  119 	ld	-4 (ix), a
   0060 DD 7E 05      [19]  120 	ld	a, 5 (ix)
   0063 88            [ 4]  121 	adc	a, b
   0064 DD 77 FD      [19]  122 	ld	-3 (ix), a
   0067 DD 6E 06      [19]  123 	ld	l, 6 (ix)
   006A DD 66 07      [19]  124 	ld	h, 7 (ix)
   006D 09            [11]  125 	add	hl, bc
   006E 7E            [ 7]  126 	ld	a, (hl)
   006F DD 6E FC      [19]  127 	ld	l, -4 (ix)
   0072 DD 66 FD      [19]  128 	ld	h, -3 (ix)
   0075 77            [ 7]  129 	ld	(hl), a
                            130 ;aes_128.c:49: RoundKey[(i * 4) + 3] = Key[(i * 4) + 3];
   0076 13            [ 6]  131 	inc	de
   0077 13            [ 6]  132 	inc	de
   0078 13            [ 6]  133 	inc	de
   0079 DD 7E 04      [19]  134 	ld	a, 4 (ix)
   007C 83            [ 4]  135 	add	a, e
   007D 4F            [ 4]  136 	ld	c, a
   007E DD 7E 05      [19]  137 	ld	a, 5 (ix)
   0081 8A            [ 4]  138 	adc	a, d
   0082 47            [ 4]  139 	ld	b, a
   0083 DD 6E 06      [19]  140 	ld	l, 6 (ix)
   0086 DD 66 07      [19]  141 	ld	h, 7 (ix)
   0089 19            [11]  142 	add	hl, de
   008A 7E            [ 7]  143 	ld	a, (hl)
   008B 02            [ 7]  144 	ld	(bc), a
                            145 ;aes_128.c:45: for (i = 0; i < 4; ++i) {
   008C DD 34 FE      [23]  146 	inc	-2 (ix)
   008F 20 03         [12]  147 	jr	NZ,00135$
   0091 DD 34 FF      [23]  148 	inc	-1 (ix)
   0094                     149 00135$:
   0094 DD 7E FE      [19]  150 	ld	a, -2 (ix)
   0097 D6 04         [ 7]  151 	sub	a, #0x04
   0099 DD 7E FF      [19]  152 	ld	a, -1 (ix)
   009C DE 00         [ 7]  153 	sbc	a, #0x00
   009E DAr14r00      [10]  154 	jp	C, 00105$
                            155 ;aes_128.c:52: for (i = 4; i < 4 * (10 + 1); ++i) {
   00A1 DD 36 FE 04   [19]  156 	ld	-2 (ix), #0x04
   00A5 AF            [ 4]  157 	xor	a, a
   00A6 DD 77 FF      [19]  158 	ld	-1 (ix), a
   00A9                     159 00107$:
                            160 ;aes_128.c:53: k = (i - 1) * 4;
   00A9 DD 6E FE      [19]  161 	ld	l, -2 (ix)
   00AC DD 66 FF      [19]  162 	ld	h, -1 (ix)
   00AF 2B            [ 6]  163 	dec	hl
   00B0 29            [11]  164 	add	hl, hl
   00B1 29            [11]  165 	add	hl, hl
   00B2 EB            [ 4]  166 	ex	de,hl
                            167 ;aes_128.c:54: tempa[0]=RoundKey[k + 0];
   00B3 21 00 00      [10]  168 	ld	hl, #0
   00B6 39            [11]  169 	add	hl, sp
   00B7 DD 75 FC      [19]  170 	ld	-4 (ix), l
   00BA DD 74 FD      [19]  171 	ld	-3 (ix), h
   00BD DD 6E 04      [19]  172 	ld	l, 4 (ix)
   00C0 DD 66 05      [19]  173 	ld	h, 5 (ix)
   00C3 19            [11]  174 	add	hl, de
   00C4 7E            [ 7]  175 	ld	a, (hl)
   00C5 DD 6E FC      [19]  176 	ld	l, -4 (ix)
   00C8 DD 66 FD      [19]  177 	ld	h, -3 (ix)
   00CB 77            [ 7]  178 	ld	(hl), a
                            179 ;aes_128.c:55: tempa[1]=RoundKey[k + 1];
   00CC DD 7E FC      [19]  180 	ld	a, -4 (ix)
   00CF C6 01         [ 7]  181 	add	a, #0x01
   00D1 DD 77 F4      [19]  182 	ld	-12 (ix), a
   00D4 DD 7E FD      [19]  183 	ld	a, -3 (ix)
   00D7 CE 00         [ 7]  184 	adc	a, #0x00
   00D9 DD 77 F5      [19]  185 	ld	-11 (ix), a
   00DC 4B            [ 4]  186 	ld	c, e
   00DD 42            [ 4]  187 	ld	b, d
   00DE 03            [ 6]  188 	inc	bc
   00DF DD 6E 04      [19]  189 	ld	l, 4 (ix)
   00E2 DD 66 05      [19]  190 	ld	h, 5 (ix)
   00E5 09            [11]  191 	add	hl, bc
   00E6 7E            [ 7]  192 	ld	a, (hl)
   00E7 DD 6E F4      [19]  193 	ld	l, -12 (ix)
   00EA DD 66 F5      [19]  194 	ld	h, -11 (ix)
   00ED 77            [ 7]  195 	ld	(hl), a
                            196 ;aes_128.c:56: tempa[2]=RoundKey[k + 2];
   00EE DD 7E FC      [19]  197 	ld	a, -4 (ix)
   00F1 C6 02         [ 7]  198 	add	a, #0x02
   00F3 DD 77 F6      [19]  199 	ld	-10 (ix), a
   00F6 DD 7E FD      [19]  200 	ld	a, -3 (ix)
   00F9 CE 00         [ 7]  201 	adc	a, #0x00
   00FB DD 77 F7      [19]  202 	ld	-9 (ix), a
   00FE 4B            [ 4]  203 	ld	c, e
   00FF 42            [ 4]  204 	ld	b, d
   0100 03            [ 6]  205 	inc	bc
   0101 03            [ 6]  206 	inc	bc
   0102 DD 6E 04      [19]  207 	ld	l, 4 (ix)
   0105 DD 66 05      [19]  208 	ld	h, 5 (ix)
   0108 09            [11]  209 	add	hl, bc
   0109 7E            [ 7]  210 	ld	a, (hl)
   010A DD 6E F6      [19]  211 	ld	l, -10 (ix)
   010D DD 66 F7      [19]  212 	ld	h, -9 (ix)
   0110 77            [ 7]  213 	ld	(hl), a
                            214 ;aes_128.c:57: tempa[3]=RoundKey[k + 3];
   0111 DD 4E FC      [19]  215 	ld	c, -4 (ix)
   0114 DD 46 FD      [19]  216 	ld	b, -3 (ix)
   0117 03            [ 6]  217 	inc	bc
   0118 03            [ 6]  218 	inc	bc
   0119 03            [ 6]  219 	inc	bc
   011A 13            [ 6]  220 	inc	de
   011B 13            [ 6]  221 	inc	de
   011C 13            [ 6]  222 	inc	de
   011D DD 6E 04      [19]  223 	ld	l, 4 (ix)
   0120 DD 66 05      [19]  224 	ld	h, 5 (ix)
   0123 19            [11]  225 	add	hl, de
   0124 7E            [ 7]  226 	ld	a, (hl)
   0125 02            [ 7]  227 	ld	(bc), a
                            228 ;aes_128.c:59: if (i % 4 == 0) {
   0126 DD 7E FE      [19]  229 	ld	a, -2 (ix)
   0129 E6 03         [ 7]  230 	and	a, #0x03
   012B C2rD0r01      [10]  231 	jp	NZ,00103$
                            232 ;aes_128.c:61: k = tempa[0];
   012E DD 6E FC      [19]  233 	ld	l, -4 (ix)
   0131 DD 66 FD      [19]  234 	ld	h, -3 (ix)
   0134 7E            [ 7]  235 	ld	a, (hl)
   0135 DD 77 F8      [19]  236 	ld	-8 (ix), a
   0138 AF            [ 4]  237 	xor	a, a
   0139 DD 77 F9      [19]  238 	ld	-7 (ix), a
                            239 ;aes_128.c:62: tempa[0] = tempa[1];
   013C DD 6E F4      [19]  240 	ld	l, -12 (ix)
   013F DD 66 F5      [19]  241 	ld	h, -11 (ix)
   0142 7E            [ 7]  242 	ld	a, (hl)
   0143 DD 6E FC      [19]  243 	ld	l, -4 (ix)
   0146 DD 66 FD      [19]  244 	ld	h, -3 (ix)
   0149 77            [ 7]  245 	ld	(hl), a
                            246 ;aes_128.c:63: tempa[1] = tempa[2];
   014A DD 6E F6      [19]  247 	ld	l, -10 (ix)
   014D DD 66 F7      [19]  248 	ld	h, -9 (ix)
   0150 56            [ 7]  249 	ld	d, (hl)
   0151 DD 6E F4      [19]  250 	ld	l, -12 (ix)
   0154 DD 66 F5      [19]  251 	ld	h, -11 (ix)
   0157 72            [ 7]  252 	ld	(hl), d
                            253 ;aes_128.c:64: tempa[2] = tempa[3];
   0158 F5            [11]  254 	push	af
   0159 0A            [ 7]  255 	ld	a, (bc)
   015A DD 77 FA      [19]  256 	ld	-6 (ix), a
   015D F1            [10]  257 	pop	af
   015E DD 6E F6      [19]  258 	ld	l, -10 (ix)
   0161 DD 66 F7      [19]  259 	ld	h, -9 (ix)
   0164 F5            [11]  260 	push	af
   0165 DD 7E FA      [19]  261 	ld	a, -6 (ix)
   0168 77            [ 7]  262 	ld	(hl), a
   0169 F1            [10]  263 	pop	af
                            264 ;aes_128.c:65: tempa[3] = k;
   016A DD 5E F8      [19]  265 	ld	e, -8 (ix)
   016D F5            [11]  266 	push	af
   016E 7B            [ 4]  267 	ld	a, e
   016F 02            [ 7]  268 	ld	(bc), a
   0170 F1            [10]  269 	pop	af
                            270 ;aes_128.c:68: tempa[0] = sbox[tempa[0]];
   0171 C6rD8         [ 7]  271 	add	a, #<(_sbox)
   0173 6F            [ 4]  272 	ld	l, a
   0174 3E 00         [ 7]  273 	ld	a, #0x00
   0176 CEs02         [ 7]  274 	adc	a, #>(_sbox)
   0178 67            [ 4]  275 	ld	h, a
   0179 7E            [ 7]  276 	ld	a, (hl)
   017A DD 77 FB      [19]  277 	ld	-5 (ix), a
   017D DD 6E FC      [19]  278 	ld	l, -4 (ix)
   0180 DD 66 FD      [19]  279 	ld	h, -3 (ix)
   0183 DD 7E FB      [19]  280 	ld	a, -5 (ix)
   0186 77            [ 7]  281 	ld	(hl), a
                            282 ;aes_128.c:69: tempa[1] = sbox[tempa[1]];
   0187 7A            [ 4]  283 	ld	a, d
   0188 C6rD8         [ 7]  284 	add	a, #<(_sbox)
   018A 6F            [ 4]  285 	ld	l, a
   018B 3E 00         [ 7]  286 	ld	a, #0x00
   018D CEs02         [ 7]  287 	adc	a, #>(_sbox)
   018F 67            [ 4]  288 	ld	h, a
   0190 7E            [ 7]  289 	ld	a, (hl)
   0191 DD 6E F4      [19]  290 	ld	l, -12 (ix)
   0194 DD 66 F5      [19]  291 	ld	h, -11 (ix)
   0197 77            [ 7]  292 	ld	(hl), a
                            293 ;aes_128.c:70: tempa[2] = sbox[tempa[2]];
   0198 DD 7E FA      [19]  294 	ld	a, -6 (ix)
   019B C6rD8         [ 7]  295 	add	a, #<(_sbox)
   019D 6F            [ 4]  296 	ld	l, a
   019E 3E 00         [ 7]  297 	ld	a, #0x00
   01A0 CEs02         [ 7]  298 	adc	a, #>(_sbox)
   01A2 67            [ 4]  299 	ld	h, a
   01A3 7E            [ 7]  300 	ld	a, (hl)
   01A4 DD 6E F6      [19]  301 	ld	l, -10 (ix)
   01A7 DD 66 F7      [19]  302 	ld	h, -9 (ix)
   01AA 77            [ 7]  303 	ld	(hl), a
                            304 ;aes_128.c:71: tempa[3] = sbox[tempa[3]];
   01AB 21rD8r02      [10]  305 	ld	hl, #_sbox
   01AE 16 00         [ 7]  306 	ld	d, #0x00
   01B0 19            [11]  307 	add	hl, de
   01B1 7E            [ 7]  308 	ld	a, (hl)
   01B2 02            [ 7]  309 	ld	(bc), a
                            310 ;aes_128.c:73: tempa[0] = tempa[0] ^ Rcon[i/4];
   01B3 DD 5E FE      [19]  311 	ld	e, -2 (ix)
   01B6 DD 56 FF      [19]  312 	ld	d, -1 (ix)
   01B9 CB 3A         [ 8]  313 	srl	d
   01BB CB 1B         [ 8]  314 	rr	e
   01BD CB 3A         [ 8]  315 	srl	d
   01BF CB 1B         [ 8]  316 	rr	e
   01C1 21rD8r03      [10]  317 	ld	hl, #_Rcon
   01C4 19            [11]  318 	add	hl, de
   01C5 7E            [ 7]  319 	ld	a, (hl)
   01C6 DD AE FB      [19]  320 	xor	a, -5 (ix)
   01C9 DD 6E FC      [19]  321 	ld	l, -4 (ix)
   01CC DD 66 FD      [19]  322 	ld	h, -3 (ix)
   01CF 77            [ 7]  323 	ld	(hl), a
   01D0                     324 00103$:
                            325 ;aes_128.c:75: j = i * 4; k=(i - 4) * 4;
   01D0 DD 7E FE      [19]  326 	ld	a, -2 (ix)
   01D3 DD 77 F8      [19]  327 	ld	-8 (ix), a
   01D6 DD 7E FF      [19]  328 	ld	a, -1 (ix)
   01D9 DD 77 F9      [19]  329 	ld	-7 (ix), a
   01DC 3E 03         [ 7]  330 	ld	a, #0x02+1
   01DE 18 08         [12]  331 	jr	00139$
   01E0                     332 00138$:
   01E0 DD CB F8 26   [23]  333 	sla	-8 (ix)
   01E4 DD CB F9 16   [23]  334 	rl	-7 (ix)
   01E8                     335 00139$:
   01E8 3D            [ 4]  336 	dec	a
   01E9 20 F5         [12]  337 	jr	NZ,00138$
   01EB DD 7E FE      [19]  338 	ld	a, -2 (ix)
   01EE C6 FC         [ 7]  339 	add	a, #0xfc
   01F0 6F            [ 4]  340 	ld	l, a
   01F1 DD 7E FF      [19]  341 	ld	a, -1 (ix)
   01F4 CE FF         [ 7]  342 	adc	a, #0xff
   01F6 67            [ 4]  343 	ld	h, a
   01F7 29            [11]  344 	add	hl, hl
   01F8 29            [11]  345 	add	hl, hl
   01F9 DD 75 FA      [19]  346 	ld	-6 (ix), l
   01FC DD 74 FB      [19]  347 	ld	-5 (ix), h
                            348 ;aes_128.c:76: RoundKey[j + 0] = RoundKey[k + 0] ^ tempa[0];
   01FF DD 7E 04      [19]  349 	ld	a, 4 (ix)
   0202 DD 86 F8      [19]  350 	add	a, -8 (ix)
   0205 5F            [ 4]  351 	ld	e, a
   0206 DD 7E 05      [19]  352 	ld	a, 5 (ix)
   0209 DD 8E F9      [19]  353 	adc	a, -7 (ix)
   020C 57            [ 4]  354 	ld	d, a
   020D DD 7E 04      [19]  355 	ld	a, 4 (ix)
   0210 DD 86 FA      [19]  356 	add	a, -6 (ix)
   0213 6F            [ 4]  357 	ld	l, a
   0214 DD 7E 05      [19]  358 	ld	a, 5 (ix)
   0217 DD 8E FB      [19]  359 	adc	a, -5 (ix)
   021A 67            [ 4]  360 	ld	h, a
   021B 7E            [ 7]  361 	ld	a, (hl)
   021C DD 6E FC      [19]  362 	ld	l, -4 (ix)
   021F DD 66 FD      [19]  363 	ld	h, -3 (ix)
   0222 6E            [ 7]  364 	ld	l, (hl)
   0223 AD            [ 4]  365 	xor	a, l
   0224 12            [ 7]  366 	ld	(de), a
                            367 ;aes_128.c:77: RoundKey[j + 1] = RoundKey[k + 1] ^ tempa[1];
   0225 DD 5E F8      [19]  368 	ld	e, -8 (ix)
   0228 DD 56 F9      [19]  369 	ld	d, -7 (ix)
   022B 13            [ 6]  370 	inc	de
   022C 7B            [ 4]  371 	ld	a, e
   022D DD 86 04      [19]  372 	add	a, 4 (ix)
   0230 DD 77 FC      [19]  373 	ld	-4 (ix), a
   0233 7A            [ 4]  374 	ld	a, d
   0234 DD 8E 05      [19]  375 	adc	a, 5 (ix)
   0237 DD 77 FD      [19]  376 	ld	-3 (ix), a
   023A DD 5E FA      [19]  377 	ld	e, -6 (ix)
   023D DD 56 FB      [19]  378 	ld	d, -5 (ix)
   0240 13            [ 6]  379 	inc	de
   0241 DD 6E 04      [19]  380 	ld	l, 4 (ix)
   0244 DD 66 05      [19]  381 	ld	h, 5 (ix)
   0247 19            [11]  382 	add	hl, de
   0248 7E            [ 7]  383 	ld	a, (hl)
   0249 DD 6E F4      [19]  384 	ld	l, -12 (ix)
   024C DD 66 F5      [19]  385 	ld	h, -11 (ix)
   024F 5E            [ 7]  386 	ld	e, (hl)
   0250 AB            [ 4]  387 	xor	a, e
   0251 DD 6E FC      [19]  388 	ld	l, -4 (ix)
   0254 DD 66 FD      [19]  389 	ld	h, -3 (ix)
   0257 77            [ 7]  390 	ld	(hl), a
                            391 ;aes_128.c:78: RoundKey[j + 2] = RoundKey[k + 2] ^ tempa[2];
   0258 DD 5E F8      [19]  392 	ld	e, -8 (ix)
   025B DD 56 F9      [19]  393 	ld	d, -7 (ix)
   025E 13            [ 6]  394 	inc	de
   025F 13            [ 6]  395 	inc	de
   0260 7B            [ 4]  396 	ld	a, e
   0261 DD 86 04      [19]  397 	add	a, 4 (ix)
   0264 DD 77 FC      [19]  398 	ld	-4 (ix), a
   0267 7A            [ 4]  399 	ld	a, d
   0268 DD 8E 05      [19]  400 	adc	a, 5 (ix)
   026B DD 77 FD      [19]  401 	ld	-3 (ix), a
   026E DD 5E FA      [19]  402 	ld	e, -6 (ix)
   0271 DD 56 FB      [19]  403 	ld	d, -5 (ix)
   0274 13            [ 6]  404 	inc	de
   0275 13            [ 6]  405 	inc	de
   0276 DD 6E 04      [19]  406 	ld	l, 4 (ix)
   0279 DD 66 05      [19]  407 	ld	h, 5 (ix)
   027C 19            [11]  408 	add	hl, de
   027D 7E            [ 7]  409 	ld	a, (hl)
   027E DD 6E F6      [19]  410 	ld	l, -10 (ix)
   0281 DD 66 F7      [19]  411 	ld	h, -9 (ix)
   0284 5E            [ 7]  412 	ld	e, (hl)
   0285 AB            [ 4]  413 	xor	a, e
   0286 DD 6E FC      [19]  414 	ld	l, -4 (ix)
   0289 DD 66 FD      [19]  415 	ld	h, -3 (ix)
   028C 77            [ 7]  416 	ld	(hl), a
                            417 ;aes_128.c:79: RoundKey[j + 3] = RoundKey[k + 3] ^ tempa[3];
   028D DD 5E F8      [19]  418 	ld	e, -8 (ix)
   0290 DD 56 F9      [19]  419 	ld	d, -7 (ix)
   0293 13            [ 6]  420 	inc	de
   0294 13            [ 6]  421 	inc	de
   0295 13            [ 6]  422 	inc	de
   0296 7B            [ 4]  423 	ld	a, e
   0297 DD 86 04      [19]  424 	add	a, 4 (ix)
   029A DD 77 FC      [19]  425 	ld	-4 (ix), a
   029D 7A            [ 4]  426 	ld	a, d
   029E DD 8E 05      [19]  427 	adc	a, 5 (ix)
   02A1 DD 77 FD      [19]  428 	ld	-3 (ix), a
   02A4 DD 5E FA      [19]  429 	ld	e, -6 (ix)
   02A7 DD 56 FB      [19]  430 	ld	d, -5 (ix)
   02AA 13            [ 6]  431 	inc	de
   02AB 13            [ 6]  432 	inc	de
   02AC 13            [ 6]  433 	inc	de
   02AD DD 6E 04      [19]  434 	ld	l, 4 (ix)
   02B0 DD 66 05      [19]  435 	ld	h, 5 (ix)
   02B3 19            [11]  436 	add	hl, de
   02B4 5E            [ 7]  437 	ld	e, (hl)
   02B5 0A            [ 7]  438 	ld	a, (bc)
   02B6 AB            [ 4]  439 	xor	a, e
   02B7 DD 6E FC      [19]  440 	ld	l, -4 (ix)
   02BA DD 66 FD      [19]  441 	ld	h, -3 (ix)
   02BD 77            [ 7]  442 	ld	(hl), a
                            443 ;aes_128.c:52: for (i = 4; i < 4 * (10 + 1); ++i) {
   02BE DD 34 FE      [23]  444 	inc	-2 (ix)
   02C1 20 03         [12]  445 	jr	NZ,00140$
   02C3 DD 34 FF      [23]  446 	inc	-1 (ix)
   02C6                     447 00140$:
   02C6 DD 7E FE      [19]  448 	ld	a, -2 (ix)
   02C9 D6 2C         [ 7]  449 	sub	a, #0x2c
   02CB DD 7E FF      [19]  450 	ld	a, -1 (ix)
   02CE DE 00         [ 7]  451 	sbc	a, #0x00
   02D0 DArA9r00      [10]  452 	jp	C, 00107$
                            453 ;aes_128.c:81: }
   02D3 DD F9         [10]  454 	ld	sp, ix
   02D5 DD E1         [14]  455 	pop	ix
   02D7 C9            [10]  456 	ret
   02D8                     457 _sbox:
   02D8 63                  458 	.db #0x63	; 99	'c'
   02D9 7C                  459 	.db #0x7c	; 124
   02DA 77                  460 	.db #0x77	; 119	'w'
   02DB 7B                  461 	.db #0x7b	; 123
   02DC F2                  462 	.db #0xf2	; 242
   02DD 6B                  463 	.db #0x6b	; 107	'k'
   02DE 6F                  464 	.db #0x6f	; 111	'o'
   02DF C5                  465 	.db #0xc5	; 197
   02E0 30                  466 	.db #0x30	; 48	'0'
   02E1 01                  467 	.db #0x01	; 1
   02E2 67                  468 	.db #0x67	; 103	'g'
   02E3 2B                  469 	.db #0x2b	; 43
   02E4 FE                  470 	.db #0xfe	; 254
   02E5 D7                  471 	.db #0xd7	; 215
   02E6 AB                  472 	.db #0xab	; 171
   02E7 76                  473 	.db #0x76	; 118	'v'
   02E8 CA                  474 	.db #0xca	; 202
   02E9 82                  475 	.db #0x82	; 130
   02EA C9                  476 	.db #0xc9	; 201
   02EB 7D                  477 	.db #0x7d	; 125
   02EC FA                  478 	.db #0xfa	; 250
   02ED 59                  479 	.db #0x59	; 89	'Y'
   02EE 47                  480 	.db #0x47	; 71	'G'
   02EF F0                  481 	.db #0xf0	; 240
   02F0 AD                  482 	.db #0xad	; 173
   02F1 D4                  483 	.db #0xd4	; 212
   02F2 A2                  484 	.db #0xa2	; 162
   02F3 AF                  485 	.db #0xaf	; 175
   02F4 9C                  486 	.db #0x9c	; 156
   02F5 A4                  487 	.db #0xa4	; 164
   02F6 72                  488 	.db #0x72	; 114	'r'
   02F7 C0                  489 	.db #0xc0	; 192
   02F8 B7                  490 	.db #0xb7	; 183
   02F9 FD                  491 	.db #0xfd	; 253
   02FA 93                  492 	.db #0x93	; 147
   02FB 26                  493 	.db #0x26	; 38
   02FC 36                  494 	.db #0x36	; 54	'6'
   02FD 3F                  495 	.db #0x3f	; 63
   02FE F7                  496 	.db #0xf7	; 247
   02FF CC                  497 	.db #0xcc	; 204
   0300 34                  498 	.db #0x34	; 52	'4'
   0301 A5                  499 	.db #0xa5	; 165
   0302 E5                  500 	.db #0xe5	; 229
   0303 F1                  501 	.db #0xf1	; 241
   0304 71                  502 	.db #0x71	; 113	'q'
   0305 D8                  503 	.db #0xd8	; 216
   0306 31                  504 	.db #0x31	; 49	'1'
   0307 15                  505 	.db #0x15	; 21
   0308 04                  506 	.db #0x04	; 4
   0309 C7                  507 	.db #0xc7	; 199
   030A 23                  508 	.db #0x23	; 35
   030B C3                  509 	.db #0xc3	; 195
   030C 18                  510 	.db #0x18	; 24
   030D 96                  511 	.db #0x96	; 150
   030E 05                  512 	.db #0x05	; 5
   030F 9A                  513 	.db #0x9a	; 154
   0310 07                  514 	.db #0x07	; 7
   0311 12                  515 	.db #0x12	; 18
   0312 80                  516 	.db #0x80	; 128
   0313 E2                  517 	.db #0xe2	; 226
   0314 EB                  518 	.db #0xeb	; 235
   0315 27                  519 	.db #0x27	; 39
   0316 B2                  520 	.db #0xb2	; 178
   0317 75                  521 	.db #0x75	; 117	'u'
   0318 09                  522 	.db #0x09	; 9
   0319 83                  523 	.db #0x83	; 131
   031A 2C                  524 	.db #0x2c	; 44
   031B 1A                  525 	.db #0x1a	; 26
   031C 1B                  526 	.db #0x1b	; 27
   031D 6E                  527 	.db #0x6e	; 110	'n'
   031E 5A                  528 	.db #0x5a	; 90	'Z'
   031F A0                  529 	.db #0xa0	; 160
   0320 52                  530 	.db #0x52	; 82	'R'
   0321 3B                  531 	.db #0x3b	; 59
   0322 D6                  532 	.db #0xd6	; 214
   0323 B3                  533 	.db #0xb3	; 179
   0324 29                  534 	.db #0x29	; 41
   0325 E3                  535 	.db #0xe3	; 227
   0326 2F                  536 	.db #0x2f	; 47
   0327 84                  537 	.db #0x84	; 132
   0328 53                  538 	.db #0x53	; 83	'S'
   0329 D1                  539 	.db #0xd1	; 209
   032A 00                  540 	.db #0x00	; 0
   032B ED                  541 	.db #0xed	; 237
   032C 20                  542 	.db #0x20	; 32
   032D FC                  543 	.db #0xfc	; 252
   032E B1                  544 	.db #0xb1	; 177
   032F 5B                  545 	.db #0x5b	; 91
   0330 6A                  546 	.db #0x6a	; 106	'j'
   0331 CB                  547 	.db #0xcb	; 203
   0332 BE                  548 	.db #0xbe	; 190
   0333 39                  549 	.db #0x39	; 57	'9'
   0334 4A                  550 	.db #0x4a	; 74	'J'
   0335 4C                  551 	.db #0x4c	; 76	'L'
   0336 58                  552 	.db #0x58	; 88	'X'
   0337 CF                  553 	.db #0xcf	; 207
   0338 D0                  554 	.db #0xd0	; 208
   0339 EF                  555 	.db #0xef	; 239
   033A AA                  556 	.db #0xaa	; 170
   033B FB                  557 	.db #0xfb	; 251
   033C 43                  558 	.db #0x43	; 67	'C'
   033D 4D                  559 	.db #0x4d	; 77	'M'
   033E 33                  560 	.db #0x33	; 51	'3'
   033F 85                  561 	.db #0x85	; 133
   0340 45                  562 	.db #0x45	; 69	'E'
   0341 F9                  563 	.db #0xf9	; 249
   0342 02                  564 	.db #0x02	; 2
   0343 7F                  565 	.db #0x7f	; 127
   0344 50                  566 	.db #0x50	; 80	'P'
   0345 3C                  567 	.db #0x3c	; 60
   0346 9F                  568 	.db #0x9f	; 159
   0347 A8                  569 	.db #0xa8	; 168
   0348 51                  570 	.db #0x51	; 81	'Q'
   0349 A3                  571 	.db #0xa3	; 163
   034A 40                  572 	.db #0x40	; 64
   034B 8F                  573 	.db #0x8f	; 143
   034C 92                  574 	.db #0x92	; 146
   034D 9D                  575 	.db #0x9d	; 157
   034E 38                  576 	.db #0x38	; 56	'8'
   034F F5                  577 	.db #0xf5	; 245
   0350 BC                  578 	.db #0xbc	; 188
   0351 B6                  579 	.db #0xb6	; 182
   0352 DA                  580 	.db #0xda	; 218
   0353 21                  581 	.db #0x21	; 33
   0354 10                  582 	.db #0x10	; 16
   0355 FF                  583 	.db #0xff	; 255
   0356 F3                  584 	.db #0xf3	; 243
   0357 D2                  585 	.db #0xd2	; 210
   0358 CD                  586 	.db #0xcd	; 205
   0359 0C                  587 	.db #0x0c	; 12
   035A 13                  588 	.db #0x13	; 19
   035B EC                  589 	.db #0xec	; 236
   035C 5F                  590 	.db #0x5f	; 95
   035D 97                  591 	.db #0x97	; 151
   035E 44                  592 	.db #0x44	; 68	'D'
   035F 17                  593 	.db #0x17	; 23
   0360 C4                  594 	.db #0xc4	; 196
   0361 A7                  595 	.db #0xa7	; 167
   0362 7E                  596 	.db #0x7e	; 126
   0363 3D                  597 	.db #0x3d	; 61
   0364 64                  598 	.db #0x64	; 100	'd'
   0365 5D                  599 	.db #0x5d	; 93
   0366 19                  600 	.db #0x19	; 25
   0367 73                  601 	.db #0x73	; 115	's'
   0368 60                  602 	.db #0x60	; 96
   0369 81                  603 	.db #0x81	; 129
   036A 4F                  604 	.db #0x4f	; 79	'O'
   036B DC                  605 	.db #0xdc	; 220
   036C 22                  606 	.db #0x22	; 34
   036D 2A                  607 	.db #0x2a	; 42
   036E 90                  608 	.db #0x90	; 144
   036F 88                  609 	.db #0x88	; 136
   0370 46                  610 	.db #0x46	; 70	'F'
   0371 EE                  611 	.db #0xee	; 238
   0372 B8                  612 	.db #0xb8	; 184
   0373 14                  613 	.db #0x14	; 20
   0374 DE                  614 	.db #0xde	; 222
   0375 5E                  615 	.db #0x5e	; 94
   0376 0B                  616 	.db #0x0b	; 11
   0377 DB                  617 	.db #0xdb	; 219
   0378 E0                  618 	.db #0xe0	; 224
   0379 32                  619 	.db #0x32	; 50	'2'
   037A 3A                  620 	.db #0x3a	; 58
   037B 0A                  621 	.db #0x0a	; 10
   037C 49                  622 	.db #0x49	; 73	'I'
   037D 06                  623 	.db #0x06	; 6
   037E 24                  624 	.db #0x24	; 36
   037F 5C                  625 	.db #0x5c	; 92
   0380 C2                  626 	.db #0xc2	; 194
   0381 D3                  627 	.db #0xd3	; 211
   0382 AC                  628 	.db #0xac	; 172
   0383 62                  629 	.db #0x62	; 98	'b'
   0384 91                  630 	.db #0x91	; 145
   0385 95                  631 	.db #0x95	; 149
   0386 E4                  632 	.db #0xe4	; 228
   0387 79                  633 	.db #0x79	; 121	'y'
   0388 E7                  634 	.db #0xe7	; 231
   0389 C8                  635 	.db #0xc8	; 200
   038A 37                  636 	.db #0x37	; 55	'7'
   038B 6D                  637 	.db #0x6d	; 109	'm'
   038C 8D                  638 	.db #0x8d	; 141
   038D D5                  639 	.db #0xd5	; 213
   038E 4E                  640 	.db #0x4e	; 78	'N'
   038F A9                  641 	.db #0xa9	; 169
   0390 6C                  642 	.db #0x6c	; 108	'l'
   0391 56                  643 	.db #0x56	; 86	'V'
   0392 F4                  644 	.db #0xf4	; 244
   0393 EA                  645 	.db #0xea	; 234
   0394 65                  646 	.db #0x65	; 101	'e'
   0395 7A                  647 	.db #0x7a	; 122	'z'
   0396 AE                  648 	.db #0xae	; 174
   0397 08                  649 	.db #0x08	; 8
   0398 BA                  650 	.db #0xba	; 186
   0399 78                  651 	.db #0x78	; 120	'x'
   039A 25                  652 	.db #0x25	; 37
   039B 2E                  653 	.db #0x2e	; 46
   039C 1C                  654 	.db #0x1c	; 28
   039D A6                  655 	.db #0xa6	; 166
   039E B4                  656 	.db #0xb4	; 180
   039F C6                  657 	.db #0xc6	; 198
   03A0 E8                  658 	.db #0xe8	; 232
   03A1 DD                  659 	.db #0xdd	; 221
   03A2 74                  660 	.db #0x74	; 116	't'
   03A3 1F                  661 	.db #0x1f	; 31
   03A4 4B                  662 	.db #0x4b	; 75	'K'
   03A5 BD                  663 	.db #0xbd	; 189
   03A6 8B                  664 	.db #0x8b	; 139
   03A7 8A                  665 	.db #0x8a	; 138
   03A8 70                  666 	.db #0x70	; 112	'p'
   03A9 3E                  667 	.db #0x3e	; 62
   03AA B5                  668 	.db #0xb5	; 181
   03AB 66                  669 	.db #0x66	; 102	'f'
   03AC 48                  670 	.db #0x48	; 72	'H'
   03AD 03                  671 	.db #0x03	; 3
   03AE F6                  672 	.db #0xf6	; 246
   03AF 0E                  673 	.db #0x0e	; 14
   03B0 61                  674 	.db #0x61	; 97	'a'
   03B1 35                  675 	.db #0x35	; 53	'5'
   03B2 57                  676 	.db #0x57	; 87	'W'
   03B3 B9                  677 	.db #0xb9	; 185
   03B4 86                  678 	.db #0x86	; 134
   03B5 C1                  679 	.db #0xc1	; 193
   03B6 1D                  680 	.db #0x1d	; 29
   03B7 9E                  681 	.db #0x9e	; 158
   03B8 E1                  682 	.db #0xe1	; 225
   03B9 F8                  683 	.db #0xf8	; 248
   03BA 98                  684 	.db #0x98	; 152
   03BB 11                  685 	.db #0x11	; 17
   03BC 69                  686 	.db #0x69	; 105	'i'
   03BD D9                  687 	.db #0xd9	; 217
   03BE 8E                  688 	.db #0x8e	; 142
   03BF 94                  689 	.db #0x94	; 148
   03C0 9B                  690 	.db #0x9b	; 155
   03C1 1E                  691 	.db #0x1e	; 30
   03C2 87                  692 	.db #0x87	; 135
   03C3 E9                  693 	.db #0xe9	; 233
   03C4 CE                  694 	.db #0xce	; 206
   03C5 55                  695 	.db #0x55	; 85	'U'
   03C6 28                  696 	.db #0x28	; 40
   03C7 DF                  697 	.db #0xdf	; 223
   03C8 8C                  698 	.db #0x8c	; 140
   03C9 A1                  699 	.db #0xa1	; 161
   03CA 89                  700 	.db #0x89	; 137
   03CB 0D                  701 	.db #0x0d	; 13
   03CC BF                  702 	.db #0xbf	; 191
   03CD E6                  703 	.db #0xe6	; 230
   03CE 42                  704 	.db #0x42	; 66	'B'
   03CF 68                  705 	.db #0x68	; 104	'h'
   03D0 41                  706 	.db #0x41	; 65	'A'
   03D1 99                  707 	.db #0x99	; 153
   03D2 2D                  708 	.db #0x2d	; 45
   03D3 0F                  709 	.db #0x0f	; 15
   03D4 B0                  710 	.db #0xb0	; 176
   03D5 54                  711 	.db #0x54	; 84	'T'
   03D6 BB                  712 	.db #0xbb	; 187
   03D7 16                  713 	.db #0x16	; 22
   03D8                     714 _Rcon:
   03D8 8D                  715 	.db #0x8d	; 141
   03D9 01                  716 	.db #0x01	; 1
   03DA 02                  717 	.db #0x02	; 2
   03DB 04                  718 	.db #0x04	; 4
   03DC 08                  719 	.db #0x08	; 8
   03DD 10                  720 	.db #0x10	; 16
   03DE 20                  721 	.db #0x20	; 32
   03DF 40                  722 	.db #0x40	; 64
   03E0 80                  723 	.db #0x80	; 128
   03E1 1B                  724 	.db #0x1b	; 27
   03E2 36                  725 	.db #0x36	; 54	'6'
                            726 ;aes_128.c:83: void AddRoundKey(uint8_t round, uint8_t* state, const uint8_t* RoundKey) {
                            727 ;	---------------------------------
                            728 ; Function AddRoundKey
                            729 ; ---------------------------------
   03E3                     730 _AddRoundKey::
   03E3 CDr00r00      [17]  731 	call	___sdcc_enter_ix
   03E6 F5            [11]  732 	push	af
   03E7 3B            [ 6]  733 	dec	sp
                            734 ;aes_128.c:84: for (int i = 0; i < 16; ++i) {
   03E8 01 00 00      [10]  735 	ld	bc, #0x0000
   03EB                     736 00103$:
   03EB 79            [ 4]  737 	ld	a, c
   03EC D6 10         [ 7]  738 	sub	a, #0x10
   03EE 78            [ 4]  739 	ld	a, b
   03EF 17            [ 4]  740 	rla
   03F0 3F            [ 4]  741 	ccf
   03F1 1F            [ 4]  742 	rra
   03F2 DE 80         [ 7]  743 	sbc	a, #0x80
   03F4 30 34         [12]  744 	jr	NC,00105$
                            745 ;aes_128.c:85: state[i] ^= RoundKey[(round * 16) + i]; // XOR Op (Feature)
   03F6 DD 7E 05      [19]  746 	ld	a, 5 (ix)
   03F9 81            [ 4]  747 	add	a, c
   03FA 5F            [ 4]  748 	ld	e, a
   03FB DD 7E 06      [19]  749 	ld	a, 6 (ix)
   03FE 88            [ 4]  750 	adc	a, b
   03FF 57            [ 4]  751 	ld	d, a
   0400 1A            [ 7]  752 	ld	a, (de)
   0401 DD 77 FD      [19]  753 	ld	-3 (ix), a
   0404 DD 6E 04      [19]  754 	ld	l, 4 (ix)
   0407 26 00         [ 7]  755 	ld	h, #0x00
   0409 29            [11]  756 	add	hl, hl
   040A 29            [11]  757 	add	hl, hl
   040B 29            [11]  758 	add	hl, hl
   040C 29            [11]  759 	add	hl, hl
   040D 09            [11]  760 	add	hl, bc
   040E DD 75 FE      [19]  761 	ld	-2 (ix), l
   0411 DD 74 FF      [19]  762 	ld	-1 (ix), h
   0414 DD 7E FE      [19]  763 	ld	a, -2 (ix)
   0417 DD 86 07      [19]  764 	add	a, 7 (ix)
   041A 6F            [ 4]  765 	ld	l, a
   041B DD 7E FF      [19]  766 	ld	a, -1 (ix)
   041E DD 8E 08      [19]  767 	adc	a, 8 (ix)
   0421 67            [ 4]  768 	ld	h, a
   0422 7E            [ 7]  769 	ld	a, (hl)
   0423 DD AE FD      [19]  770 	xor	a, -3 (ix)
   0426 12            [ 7]  771 	ld	(de), a
                            772 ;aes_128.c:84: for (int i = 0; i < 16; ++i) {
   0427 03            [ 6]  773 	inc	bc
   0428 18 C1         [12]  774 	jr	00103$
   042A                     775 00105$:
                            776 ;aes_128.c:87: }
   042A DD F9         [10]  777 	ld	sp, ix
   042C DD E1         [14]  778 	pop	ix
   042E C9            [10]  779 	ret
                            780 ;aes_128.c:89: void SubBytes(uint8_t* state) {
                            781 ;	---------------------------------
                            782 ; Function SubBytes
                            783 ; ---------------------------------
   042F                     784 _SubBytes::
   042F CDr00r00      [17]  785 	call	___sdcc_enter_ix
                            786 ;aes_128.c:90: for (int i = 0; i < 16; ++i) {
   0432 01 00 00      [10]  787 	ld	bc, #0x0000
   0435                     788 00103$:
   0435 79            [ 4]  789 	ld	a, c
   0436 D6 10         [ 7]  790 	sub	a, #0x10
   0438 78            [ 4]  791 	ld	a, b
   0439 17            [ 4]  792 	rla
   043A 3F            [ 4]  793 	ccf
   043B 1F            [ 4]  794 	rra
   043C DE 80         [ 7]  795 	sbc	a, #0x80
   043E 30 18         [12]  796 	jr	NC,00105$
                            797 ;aes_128.c:91: state[i] = sbox[state[i]]; // Table Lookup (Feature)
   0440 DD 7E 04      [19]  798 	ld	a, 4 (ix)
   0443 81            [ 4]  799 	add	a, c
   0444 5F            [ 4]  800 	ld	e, a
   0445 DD 7E 05      [19]  801 	ld	a, 5 (ix)
   0448 88            [ 4]  802 	adc	a, b
   0449 57            [ 4]  803 	ld	d, a
   044A 1A            [ 7]  804 	ld	a, (de)
   044B C6rD8         [ 7]  805 	add	a, #<(_sbox)
   044D 6F            [ 4]  806 	ld	l, a
   044E 3E 00         [ 7]  807 	ld	a, #0x00
   0450 CEs02         [ 7]  808 	adc	a, #>(_sbox)
   0452 67            [ 4]  809 	ld	h, a
   0453 7E            [ 7]  810 	ld	a, (hl)
   0454 12            [ 7]  811 	ld	(de), a
                            812 ;aes_128.c:90: for (int i = 0; i < 16; ++i) {
   0455 03            [ 6]  813 	inc	bc
   0456 18 DD         [12]  814 	jr	00103$
   0458                     815 00105$:
                            816 ;aes_128.c:93: }
   0458 DD E1         [14]  817 	pop	ix
   045A C9            [10]  818 	ret
                            819 ;aes_128.c:95: void ShiftRows(uint8_t* state) {
                            820 ;	---------------------------------
                            821 ; Function ShiftRows
                            822 ; ---------------------------------
   045B                     823 _ShiftRows::
   045B CDr00r00      [17]  824 	call	___sdcc_enter_ix
   045E 21 EE FF      [10]  825 	ld	hl, #-18
   0461 39            [11]  826 	add	hl, sp
   0462 F9            [ 6]  827 	ld	sp, hl
                            828 ;aes_128.c:99: temp[0] = state[0];  temp[1] = state[5];  temp[2] = state[10]; temp[3] = state[15];
   0463 21 00 00      [10]  829 	ld	hl, #0
   0466 39            [11]  830 	add	hl, sp
   0467 4D            [ 4]  831 	ld	c, l
   0468 44            [ 4]  832 	ld	b, h
   0469 DD 7E 04      [19]  833 	ld	a, 4 (ix)
   046C DD 77 FE      [19]  834 	ld	-2 (ix), a
   046F DD 7E 05      [19]  835 	ld	a, 5 (ix)
   0472 DD 77 FF      [19]  836 	ld	-1 (ix), a
   0475 DD 6E FE      [19]  837 	ld	l, -2 (ix)
   0478 DD 66 FF      [19]  838 	ld	h, -1 (ix)
   047B 7E            [ 7]  839 	ld	a, (hl)
   047C 02            [ 7]  840 	ld	(bc), a
   047D 59            [ 4]  841 	ld	e, c
   047E 50            [ 4]  842 	ld	d, b
   047F 13            [ 6]  843 	inc	de
   0480 DD 6E FE      [19]  844 	ld	l, -2 (ix)
   0483 DD 66 FF      [19]  845 	ld	h, -1 (ix)
   0486 23            [ 6]  846 	inc	hl
   0487 23            [ 6]  847 	inc	hl
   0488 23            [ 6]  848 	inc	hl
   0489 23            [ 6]  849 	inc	hl
   048A 23            [ 6]  850 	inc	hl
   048B 7E            [ 7]  851 	ld	a, (hl)
   048C 12            [ 7]  852 	ld	(de), a
   048D 59            [ 4]  853 	ld	e, c
   048E 50            [ 4]  854 	ld	d, b
   048F 13            [ 6]  855 	inc	de
   0490 13            [ 6]  856 	inc	de
   0491 DD 6E FE      [19]  857 	ld	l, -2 (ix)
   0494 DD 66 FF      [19]  858 	ld	h, -1 (ix)
   0497 C5            [11]  859 	push	bc
   0498 01 0A 00      [10]  860 	ld	bc, #0x000a
   049B 09            [11]  861 	add	hl, bc
   049C C1            [10]  862 	pop	bc
   049D 7E            [ 7]  863 	ld	a, (hl)
   049E 12            [ 7]  864 	ld	(de), a
   049F 59            [ 4]  865 	ld	e, c
   04A0 50            [ 4]  866 	ld	d, b
   04A1 13            [ 6]  867 	inc	de
   04A2 13            [ 6]  868 	inc	de
   04A3 13            [ 6]  869 	inc	de
   04A4 DD 6E FE      [19]  870 	ld	l, -2 (ix)
   04A7 DD 66 FF      [19]  871 	ld	h, -1 (ix)
   04AA C5            [11]  872 	push	bc
   04AB 01 0F 00      [10]  873 	ld	bc, #0x000f
   04AE 09            [11]  874 	add	hl, bc
   04AF C1            [10]  875 	pop	bc
   04B0 7E            [ 7]  876 	ld	a, (hl)
   04B1 12            [ 7]  877 	ld	(de), a
                            878 ;aes_128.c:100: temp[4] = state[4];  temp[5] = state[9];  temp[6] = state[14]; temp[7] = state[3];
   04B2 21 04 00      [10]  879 	ld	hl, #0x0004
   04B5 09            [11]  880 	add	hl, bc
   04B6 EB            [ 4]  881 	ex	de, hl
   04B7 DD 6E FE      [19]  882 	ld	l, -2 (ix)
   04BA DD 66 FF      [19]  883 	ld	h, -1 (ix)
   04BD 23            [ 6]  884 	inc	hl
   04BE 23            [ 6]  885 	inc	hl
   04BF 23            [ 6]  886 	inc	hl
   04C0 23            [ 6]  887 	inc	hl
   04C1 7E            [ 7]  888 	ld	a, (hl)
   04C2 12            [ 7]  889 	ld	(de), a
   04C3 21 05 00      [10]  890 	ld	hl, #0x0005
   04C6 09            [11]  891 	add	hl, bc
   04C7 EB            [ 4]  892 	ex	de, hl
   04C8 DD 6E FE      [19]  893 	ld	l, -2 (ix)
   04CB DD 66 FF      [19]  894 	ld	h, -1 (ix)
   04CE C5            [11]  895 	push	bc
   04CF 01 09 00      [10]  896 	ld	bc, #0x0009
   04D2 09            [11]  897 	add	hl, bc
   04D3 C1            [10]  898 	pop	bc
   04D4 7E            [ 7]  899 	ld	a, (hl)
   04D5 12            [ 7]  900 	ld	(de), a
   04D6 21 06 00      [10]  901 	ld	hl, #0x0006
   04D9 09            [11]  902 	add	hl, bc
   04DA EB            [ 4]  903 	ex	de, hl
   04DB DD 6E FE      [19]  904 	ld	l, -2 (ix)
   04DE DD 66 FF      [19]  905 	ld	h, -1 (ix)
   04E1 C5            [11]  906 	push	bc
   04E2 01 0E 00      [10]  907 	ld	bc, #0x000e
   04E5 09            [11]  908 	add	hl, bc
   04E6 C1            [10]  909 	pop	bc
   04E7 7E            [ 7]  910 	ld	a, (hl)
   04E8 12            [ 7]  911 	ld	(de), a
   04E9 21 07 00      [10]  912 	ld	hl, #0x0007
   04EC 09            [11]  913 	add	hl, bc
   04ED EB            [ 4]  914 	ex	de, hl
   04EE DD 6E FE      [19]  915 	ld	l, -2 (ix)
   04F1 DD 66 FF      [19]  916 	ld	h, -1 (ix)
   04F4 23            [ 6]  917 	inc	hl
   04F5 23            [ 6]  918 	inc	hl
   04F6 23            [ 6]  919 	inc	hl
   04F7 7E            [ 7]  920 	ld	a, (hl)
   04F8 12            [ 7]  921 	ld	(de), a
                            922 ;aes_128.c:101: temp[8] = state[8];  temp[9] = state[13]; temp[10] = state[2]; temp[11] = state[7];
   04F9 21 08 00      [10]  923 	ld	hl, #0x0008
   04FC 09            [11]  924 	add	hl, bc
   04FD EB            [ 4]  925 	ex	de, hl
   04FE DD 6E FE      [19]  926 	ld	l, -2 (ix)
   0501 DD 66 FF      [19]  927 	ld	h, -1 (ix)
   0504 C5            [11]  928 	push	bc
   0505 01 08 00      [10]  929 	ld	bc, #0x0008
   0508 09            [11]  930 	add	hl, bc
   0509 C1            [10]  931 	pop	bc
   050A 7E            [ 7]  932 	ld	a, (hl)
   050B 12            [ 7]  933 	ld	(de), a
   050C 21 09 00      [10]  934 	ld	hl, #0x0009
   050F 09            [11]  935 	add	hl, bc
   0510 EB            [ 4]  936 	ex	de, hl
   0511 DD 6E FE      [19]  937 	ld	l, -2 (ix)
   0514 DD 66 FF      [19]  938 	ld	h, -1 (ix)
   0517 C5            [11]  939 	push	bc
   0518 01 0D 00      [10]  940 	ld	bc, #0x000d
   051B 09            [11]  941 	add	hl, bc
   051C C1            [10]  942 	pop	bc
   051D 7E            [ 7]  943 	ld	a, (hl)
   051E 12            [ 7]  944 	ld	(de), a
   051F 21 0A 00      [10]  945 	ld	hl, #0x000a
   0522 09            [11]  946 	add	hl, bc
   0523 EB            [ 4]  947 	ex	de, hl
   0524 DD 6E FE      [19]  948 	ld	l, -2 (ix)
   0527 DD 66 FF      [19]  949 	ld	h, -1 (ix)
   052A 23            [ 6]  950 	inc	hl
   052B 23            [ 6]  951 	inc	hl
   052C 7E            [ 7]  952 	ld	a, (hl)
   052D 12            [ 7]  953 	ld	(de), a
   052E 21 0B 00      [10]  954 	ld	hl, #0x000b
   0531 09            [11]  955 	add	hl, bc
   0532 EB            [ 4]  956 	ex	de, hl
   0533 DD 6E FE      [19]  957 	ld	l, -2 (ix)
   0536 DD 66 FF      [19]  958 	ld	h, -1 (ix)
   0539 C5            [11]  959 	push	bc
   053A 01 07 00      [10]  960 	ld	bc, #0x0007
   053D 09            [11]  961 	add	hl, bc
   053E C1            [10]  962 	pop	bc
   053F 7E            [ 7]  963 	ld	a, (hl)
   0540 12            [ 7]  964 	ld	(de), a
                            965 ;aes_128.c:102: temp[12] = state[12]; temp[13] = state[1]; temp[14] = state[6]; temp[15] = state[11];
   0541 21 0C 00      [10]  966 	ld	hl, #0x000c
   0544 09            [11]  967 	add	hl, bc
   0545 EB            [ 4]  968 	ex	de, hl
   0546 DD 6E FE      [19]  969 	ld	l, -2 (ix)
   0549 DD 66 FF      [19]  970 	ld	h, -1 (ix)
   054C C5            [11]  971 	push	bc
   054D 01 0C 00      [10]  972 	ld	bc, #0x000c
   0550 09            [11]  973 	add	hl, bc
   0551 C1            [10]  974 	pop	bc
   0552 7E            [ 7]  975 	ld	a, (hl)
   0553 12            [ 7]  976 	ld	(de), a
   0554 21 0D 00      [10]  977 	ld	hl, #0x000d
   0557 09            [11]  978 	add	hl, bc
   0558 EB            [ 4]  979 	ex	de, hl
   0559 DD 6E FE      [19]  980 	ld	l, -2 (ix)
   055C DD 66 FF      [19]  981 	ld	h, -1 (ix)
   055F 23            [ 6]  982 	inc	hl
   0560 7E            [ 7]  983 	ld	a, (hl)
   0561 12            [ 7]  984 	ld	(de), a
   0562 21 0E 00      [10]  985 	ld	hl, #0x000e
   0565 09            [11]  986 	add	hl, bc
   0566 EB            [ 4]  987 	ex	de, hl
   0567 DD 6E FE      [19]  988 	ld	l, -2 (ix)
   056A DD 66 FF      [19]  989 	ld	h, -1 (ix)
   056D C5            [11]  990 	push	bc
   056E 01 06 00      [10]  991 	ld	bc, #0x0006
   0571 09            [11]  992 	add	hl, bc
   0572 C1            [10]  993 	pop	bc
   0573 7E            [ 7]  994 	ld	a, (hl)
   0574 12            [ 7]  995 	ld	(de), a
   0575 21 0F 00      [10]  996 	ld	hl, #0x000f
   0578 09            [11]  997 	add	hl, bc
   0579 EB            [ 4]  998 	ex	de, hl
   057A DD 6E FE      [19]  999 	ld	l, -2 (ix)
   057D DD 66 FF      [19] 1000 	ld	h, -1 (ix)
   0580 C5            [11] 1001 	push	bc
   0581 01 0B 00      [10] 1002 	ld	bc, #0x000b
   0584 09            [11] 1003 	add	hl, bc
   0585 C1            [10] 1004 	pop	bc
   0586 7E            [ 7] 1005 	ld	a, (hl)
   0587 12            [ 7] 1006 	ld	(de), a
                           1007 ;aes_128.c:103: memcpy(state, temp, 16);
   0588 DD 5E 04      [19] 1008 	ld	e, 4 (ix)
   058B DD 56 05      [19] 1009 	ld	d, 5 (ix)
   058E 69            [ 4] 1010 	ld	l, c
   058F 60            [ 4] 1011 	ld	h, b
   0590 01 10 00      [10] 1012 	ld	bc, #0x0010
   0593 ED B0         [21] 1013 	ldir
                           1014 ;aes_128.c:104: }
   0595 DD F9         [10] 1015 	ld	sp, ix
   0597 DD E1         [14] 1016 	pop	ix
   0599 C9            [10] 1017 	ret
                           1018 ;aes_128.c:106: void AES_Encrypt(uint8_t* state, const uint8_t* key) {
                           1019 ;	---------------------------------
                           1020 ; Function AES_Encrypt
                           1021 ; ---------------------------------
   059A                    1022 _AES_Encrypt::
   059A CDr00r00      [17] 1023 	call	___sdcc_enter_ix
   059D 21 4D FF      [10] 1024 	ld	hl, #-179
   05A0 39            [11] 1025 	add	hl, sp
   05A1 F9            [ 6] 1026 	ld	sp, hl
                           1027 ;aes_128.c:108: KeyExpansion(RoundKey, key);
   05A2 21 00 00      [10] 1028 	ld	hl, #0
   05A5 39            [11] 1029 	add	hl, sp
   05A6 EB            [ 4] 1030 	ex	de, hl
   05A7 4B            [ 4] 1031 	ld	c, e
   05A8 42            [ 4] 1032 	ld	b, d
   05A9 D5            [11] 1033 	push	de
   05AA DD 6E 06      [19] 1034 	ld	l, 6 (ix)
   05AD DD 66 07      [19] 1035 	ld	h, 7 (ix)
   05B0 E5            [11] 1036 	push	hl
   05B1 C5            [11] 1037 	push	bc
   05B2 CDr05r00      [17] 1038 	call	_KeyExpansion
   05B5 F1            [10] 1039 	pop	af
   05B6 F1            [10] 1040 	pop	af
   05B7 D1            [10] 1041 	pop	de
                           1042 ;aes_128.c:110: AddRoundKey(0, state, RoundKey);
   05B8 4B            [ 4] 1043 	ld	c, e
   05B9 42            [ 4] 1044 	ld	b, d
   05BA D5            [11] 1045 	push	de
   05BB C5            [11] 1046 	push	bc
   05BC DD 6E 04      [19] 1047 	ld	l, 4 (ix)
   05BF DD 66 05      [19] 1048 	ld	h, 5 (ix)
   05C2 E5            [11] 1049 	push	hl
   05C3 AF            [ 4] 1050 	xor	a, a
   05C4 F5            [11] 1051 	push	af
   05C5 33            [ 6] 1052 	inc	sp
   05C6 CDrE3r03      [17] 1053 	call	_AddRoundKey
   05C9 F1            [10] 1054 	pop	af
   05CA F1            [10] 1055 	pop	af
   05CB 33            [ 6] 1056 	inc	sp
   05CC D1            [10] 1057 	pop	de
                           1058 ;aes_128.c:113: for (int round = 1; round < 10; ++round) {
   05CD DD 73 FD      [19] 1059 	ld	-3 (ix), e
   05D0 DD 72 FE      [19] 1060 	ld	-2 (ix), d
   05D3 01 01 00      [10] 1061 	ld	bc, #0x0001
   05D6                    1062 00103$:
   05D6 79            [ 4] 1063 	ld	a, c
   05D7 D6 0A         [ 7] 1064 	sub	a, #0x0a
   05D9 78            [ 4] 1065 	ld	a, b
   05DA 17            [ 4] 1066 	rla
   05DB 3F            [ 4] 1067 	ccf
   05DC 1F            [ 4] 1068 	rra
   05DD DE 80         [ 7] 1069 	sbc	a, #0x80
   05DF 30 3D         [12] 1070 	jr	NC,00101$
                           1071 ;aes_128.c:114: SubBytes(state);
   05E1 C5            [11] 1072 	push	bc
   05E2 D5            [11] 1073 	push	de
   05E3 DD 6E 04      [19] 1074 	ld	l, 4 (ix)
   05E6 DD 66 05      [19] 1075 	ld	h, 5 (ix)
   05E9 E5            [11] 1076 	push	hl
   05EA CDr2Fr04      [17] 1077 	call	_SubBytes
   05ED F1            [10] 1078 	pop	af
   05EE DD 6E 04      [19] 1079 	ld	l, 4 (ix)
   05F1 DD 66 05      [19] 1080 	ld	h, 5 (ix)
   05F4 E5            [11] 1081 	push	hl
   05F5 CDr5Br04      [17] 1082 	call	_ShiftRows
   05F8 F1            [10] 1083 	pop	af
   05F9 D1            [10] 1084 	pop	de
   05FA C1            [10] 1085 	pop	bc
                           1086 ;aes_128.c:117: AddRoundKey(round, state, RoundKey);
   05FB DD 6E FD      [19] 1087 	ld	l, -3 (ix)
   05FE DD 66 FE      [19] 1088 	ld	h, -2 (ix)
   0601 DD 71 FF      [19] 1089 	ld	-1 (ix), c
   0604 C5            [11] 1090 	push	bc
   0605 D5            [11] 1091 	push	de
   0606 E5            [11] 1092 	push	hl
   0607 DD 6E 04      [19] 1093 	ld	l, 4 (ix)
   060A DD 66 05      [19] 1094 	ld	h, 5 (ix)
   060D E5            [11] 1095 	push	hl
   060E DD 7E FF      [19] 1096 	ld	a, -1 (ix)
   0611 F5            [11] 1097 	push	af
   0612 33            [ 6] 1098 	inc	sp
   0613 CDrE3r03      [17] 1099 	call	_AddRoundKey
   0616 F1            [10] 1100 	pop	af
   0617 F1            [10] 1101 	pop	af
   0618 33            [ 6] 1102 	inc	sp
   0619 D1            [10] 1103 	pop	de
   061A C1            [10] 1104 	pop	bc
                           1105 ;aes_128.c:113: for (int round = 1; round < 10; ++round) {
   061B 03            [ 6] 1106 	inc	bc
   061C 18 B8         [12] 1107 	jr	00103$
   061E                    1108 00101$:
                           1109 ;aes_128.c:121: SubBytes(state);
   061E D5            [11] 1110 	push	de
   061F DD 6E 04      [19] 1111 	ld	l, 4 (ix)
   0622 DD 66 05      [19] 1112 	ld	h, 5 (ix)
   0625 E5            [11] 1113 	push	hl
   0626 CDr2Fr04      [17] 1114 	call	_SubBytes
   0629 F1            [10] 1115 	pop	af
   062A DD 6E 04      [19] 1116 	ld	l, 4 (ix)
   062D DD 66 05      [19] 1117 	ld	h, 5 (ix)
   0630 E5            [11] 1118 	push	hl
   0631 CDr5Br04      [17] 1119 	call	_ShiftRows
   0634 F1            [10] 1120 	pop	af
   0635 DD 6E 04      [19] 1121 	ld	l, 4 (ix)
   0638 DD 66 05      [19] 1122 	ld	h, 5 (ix)
   063B E5            [11] 1123 	push	hl
   063C 3E 0A         [ 7] 1124 	ld	a, #0x0a
   063E F5            [11] 1125 	push	af
   063F 33            [ 6] 1126 	inc	sp
   0640 CDrE3r03      [17] 1127 	call	_AddRoundKey
                           1128 ;aes_128.c:124: }
   0643 DD F9         [10] 1129 	ld	sp,ix
   0645 DD E1         [14] 1130 	pop	ix
   0647 C9            [10] 1131 	ret
                           1132 ;aes_128.c:126: int main() {
                           1133 ;	---------------------------------
                           1134 ; Function main
                           1135 ; ---------------------------------
   0648                    1136 _main::
   0648 CDr00r00      [17] 1137 	call	___sdcc_enter_ix
   064B 21 E0 FF      [10] 1138 	ld	hl, #-32
   064E 39            [11] 1139 	add	hl, sp
   064F F9            [ 6] 1140 	ld	sp, hl
                           1141 ;aes_128.c:127: uint8_t data[16] = {
   0650 21 00 00      [10] 1142 	ld	hl, #0
   0653 39            [11] 1143 	add	hl, sp
   0654 4D            [ 4] 1144 	ld	c, l
   0655 44            [ 4] 1145 	ld	b, h
   0656 3E 32         [ 7] 1146 	ld	a, #0x32
   0658 02            [ 7] 1147 	ld	(bc), a
   0659 69            [ 4] 1148 	ld	l, c
   065A 60            [ 4] 1149 	ld	h, b
   065B 23            [ 6] 1150 	inc	hl
   065C 36 43         [10] 1151 	ld	(hl), #0x43
   065E 69            [ 4] 1152 	ld	l, c
   065F 60            [ 4] 1153 	ld	h, b
   0660 23            [ 6] 1154 	inc	hl
   0661 23            [ 6] 1155 	inc	hl
   0662 36 F6         [10] 1156 	ld	(hl), #0xf6
   0664 69            [ 4] 1157 	ld	l, c
   0665 60            [ 4] 1158 	ld	h, b
   0666 23            [ 6] 1159 	inc	hl
   0667 23            [ 6] 1160 	inc	hl
   0668 23            [ 6] 1161 	inc	hl
   0669 36 A8         [10] 1162 	ld	(hl), #0xa8
   066B 21 04 00      [10] 1163 	ld	hl, #0x0004
   066E 09            [11] 1164 	add	hl, bc
   066F 36 88         [10] 1165 	ld	(hl), #0x88
   0671 21 05 00      [10] 1166 	ld	hl, #0x0005
   0674 09            [11] 1167 	add	hl, bc
   0675 36 5A         [10] 1168 	ld	(hl), #0x5a
   0677 21 06 00      [10] 1169 	ld	hl, #0x0006
   067A 09            [11] 1170 	add	hl, bc
   067B 36 30         [10] 1171 	ld	(hl), #0x30
   067D 21 07 00      [10] 1172 	ld	hl, #0x0007
   0680 09            [11] 1173 	add	hl, bc
   0681 36 8D         [10] 1174 	ld	(hl), #0x8d
   0683 21 08 00      [10] 1175 	ld	hl, #0x0008
   0686 09            [11] 1176 	add	hl, bc
   0687 36 31         [10] 1177 	ld	(hl), #0x31
   0689 21 09 00      [10] 1178 	ld	hl, #0x0009
   068C 09            [11] 1179 	add	hl, bc
   068D 36 31         [10] 1180 	ld	(hl), #0x31
   068F 21 0A 00      [10] 1181 	ld	hl, #0x000a
   0692 09            [11] 1182 	add	hl, bc
   0693 36 98         [10] 1183 	ld	(hl), #0x98
   0695 21 0B 00      [10] 1184 	ld	hl, #0x000b
   0698 09            [11] 1185 	add	hl, bc
   0699 36 A2         [10] 1186 	ld	(hl), #0xa2
   069B 21 0C 00      [10] 1187 	ld	hl, #0x000c
   069E 09            [11] 1188 	add	hl, bc
   069F 36 E0         [10] 1189 	ld	(hl), #0xe0
   06A1 21 0D 00      [10] 1190 	ld	hl, #0x000d
   06A4 09            [11] 1191 	add	hl, bc
   06A5 36 37         [10] 1192 	ld	(hl), #0x37
   06A7 21 0E 00      [10] 1193 	ld	hl, #0x000e
   06AA 09            [11] 1194 	add	hl, bc
   06AB 36 07         [10] 1195 	ld	(hl), #0x07
   06AD 21 0F 00      [10] 1196 	ld	hl, #0x000f
   06B0 09            [11] 1197 	add	hl, bc
   06B1 36 34         [10] 1198 	ld	(hl), #0x34
                           1199 ;aes_128.c:132: uint8_t key[16] = { 
   06B3 21 10 00      [10] 1200 	ld	hl, #16
   06B6 39            [11] 1201 	add	hl, sp
   06B7 EB            [ 4] 1202 	ex	de, hl
   06B8 3E 2B         [ 7] 1203 	ld	a, #0x2b
   06BA 12            [ 7] 1204 	ld	(de), a
   06BB 6B            [ 4] 1205 	ld	l, e
   06BC 62            [ 4] 1206 	ld	h, d
   06BD 23            [ 6] 1207 	inc	hl
   06BE 36 7E         [10] 1208 	ld	(hl), #0x7e
   06C0 6B            [ 4] 1209 	ld	l, e
   06C1 62            [ 4] 1210 	ld	h, d
   06C2 23            [ 6] 1211 	inc	hl
   06C3 23            [ 6] 1212 	inc	hl
   06C4 36 15         [10] 1213 	ld	(hl), #0x15
   06C6 6B            [ 4] 1214 	ld	l, e
   06C7 62            [ 4] 1215 	ld	h, d
   06C8 23            [ 6] 1216 	inc	hl
   06C9 23            [ 6] 1217 	inc	hl
   06CA 23            [ 6] 1218 	inc	hl
   06CB 36 16         [10] 1219 	ld	(hl), #0x16
   06CD 21 04 00      [10] 1220 	ld	hl, #0x0004
   06D0 19            [11] 1221 	add	hl, de
   06D1 36 28         [10] 1222 	ld	(hl), #0x28
   06D3 21 05 00      [10] 1223 	ld	hl, #0x0005
   06D6 19            [11] 1224 	add	hl, de
   06D7 36 AE         [10] 1225 	ld	(hl), #0xae
   06D9 21 06 00      [10] 1226 	ld	hl, #0x0006
   06DC 19            [11] 1227 	add	hl, de
   06DD 36 D2         [10] 1228 	ld	(hl), #0xd2
   06DF 21 07 00      [10] 1229 	ld	hl, #0x0007
   06E2 19            [11] 1230 	add	hl, de
   06E3 36 A6         [10] 1231 	ld	(hl), #0xa6
   06E5 21 08 00      [10] 1232 	ld	hl, #0x0008
   06E8 19            [11] 1233 	add	hl, de
   06E9 36 AB         [10] 1234 	ld	(hl), #0xab
   06EB 21 09 00      [10] 1235 	ld	hl, #0x0009
   06EE 19            [11] 1236 	add	hl, de
   06EF 36 F7         [10] 1237 	ld	(hl), #0xf7
   06F1 21 0A 00      [10] 1238 	ld	hl, #0x000a
   06F4 19            [11] 1239 	add	hl, de
   06F5 36 15         [10] 1240 	ld	(hl), #0x15
   06F7 21 0B 00      [10] 1241 	ld	hl, #0x000b
   06FA 19            [11] 1242 	add	hl, de
   06FB 36 88         [10] 1243 	ld	(hl), #0x88
   06FD 21 0C 00      [10] 1244 	ld	hl, #0x000c
   0700 19            [11] 1245 	add	hl, de
   0701 36 09         [10] 1246 	ld	(hl), #0x09
   0703 21 0D 00      [10] 1247 	ld	hl, #0x000d
   0706 19            [11] 1248 	add	hl, de
   0707 36 CF         [10] 1249 	ld	(hl), #0xcf
   0709 21 0E 00      [10] 1250 	ld	hl, #0x000e
   070C 19            [11] 1251 	add	hl, de
   070D 36 4F         [10] 1252 	ld	(hl), #0x4f
   070F 21 0F 00      [10] 1253 	ld	hl, #0x000f
   0712 19            [11] 1254 	add	hl, de
   0713 36 3C         [10] 1255 	ld	(hl), #0x3c
                           1256 ;aes_128.c:137: printf("--- System Start (Crypto Mode) ---\n");
   0715 C5            [11] 1257 	push	bc
   0716 D5            [11] 1258 	push	de
   0717 21r68r07      [10] 1259 	ld	hl, #___str_1
   071A E5            [11] 1260 	push	hl
   071B CDr00r00      [17] 1261 	call	_puts
   071E F1            [10] 1262 	pop	af
   071F D1            [10] 1263 	pop	de
   0720 C1            [10] 1264 	pop	bc
                           1265 ;aes_128.c:140: AES_Encrypt(data, key);
   0721 69            [ 4] 1266 	ld	l, c
   0722 60            [ 4] 1267 	ld	h, b
   0723 C5            [11] 1268 	push	bc
   0724 D5            [11] 1269 	push	de
   0725 E5            [11] 1270 	push	hl
   0726 CDr9Ar05      [17] 1271 	call	_AES_Encrypt
   0729 F1            [10] 1272 	pop	af
   072A 21r8Br07      [10] 1273 	ld	hl, #___str_2
   072D E3            [19] 1274 	ex	(sp),hl
   072E CDr00r00      [17] 1275 	call	_printf
   0731 F1            [10] 1276 	pop	af
   0732 C1            [10] 1277 	pop	bc
                           1278 ;aes_128.c:143: for(int i=0; i<16; i++) printf("%02x ", data[i]);
   0733 11 00 00      [10] 1279 	ld	de, #0x0000
   0736                    1280 00103$:
   0736 7B            [ 4] 1281 	ld	a, e
   0737 D6 10         [ 7] 1282 	sub	a, #0x10
   0739 7A            [ 4] 1283 	ld	a, d
   073A 17            [ 4] 1284 	rla
   073B 3F            [ 4] 1285 	ccf
   073C 1F            [ 4] 1286 	rra
   073D DE 80         [ 7] 1287 	sbc	a, #0x80
   073F 30 17         [12] 1288 	jr	NC,00101$
   0741 69            [ 4] 1289 	ld	l, c
   0742 60            [ 4] 1290 	ld	h, b
   0743 19            [11] 1291 	add	hl, de
   0744 6E            [ 7] 1292 	ld	l, (hl)
   0745 26 00         [ 7] 1293 	ld	h, #0x00
   0747 C5            [11] 1294 	push	bc
   0748 D5            [11] 1295 	push	de
   0749 E5            [11] 1296 	push	hl
   074A 21r9Cr07      [10] 1297 	ld	hl, #___str_3
   074D E5            [11] 1298 	push	hl
   074E CDr00r00      [17] 1299 	call	_printf
   0751 F1            [10] 1300 	pop	af
   0752 F1            [10] 1301 	pop	af
   0753 D1            [10] 1302 	pop	de
   0754 C1            [10] 1303 	pop	bc
   0755 13            [ 6] 1304 	inc	de
   0756 18 DE         [12] 1305 	jr	00103$
   0758                    1306 00101$:
                           1307 ;aes_128.c:146: printf("--- System Shutdown ---\n");
   0758 21rA2r07      [10] 1308 	ld	hl, #___str_8
   075B E5            [11] 1309 	push	hl
   075C CDr00r00      [17] 1310 	call	_puts
   075F F1            [10] 1311 	pop	af
                           1312 ;aes_128.c:147: return 0;
   0760 21 00 00      [10] 1313 	ld	hl, #0x0000
                           1314 ;aes_128.c:148: }
   0763 DD F9         [10] 1315 	ld	sp, ix
   0765 DD E1         [14] 1316 	pop	ix
   0767 C9            [10] 1317 	ret
   0768                    1318 ___str_1:
   0768 2D 2D 2D 20 53 79  1319 	.ascii "--- System Start (Crypto Mode) ---"
        73 74 65 6D 20 53
        74 61 72 74 20 28
        43 72 79 70 74 6F
        20 4D 6F 64 65 29
        20 2D 2D 2D
   078A 00                 1320 	.db 0x00
   078B                    1321 ___str_2:
   078B 45 6E 63 72 79 70  1322 	.ascii "Encrypted Data: "
        74 65 64 20 44 61
        74 61 3A 20
   079B 00                 1323 	.db 0x00
   079C                    1324 ___str_3:
   079C 25 30 32 78 20     1325 	.ascii "%02x "
   07A1 00                 1326 	.db 0x00
   07A2                    1327 ___str_8:
   07A2 0A                 1328 	.db 0x0a
   07A3 2D 2D 2D 20 53 79  1329 	.ascii "--- System Shutdown ---"
        73 74 65 6D 20 53
        68 75 74 64 6F 77
        6E 20 2D 2D 2D
   07BA 00                 1330 	.db 0x00
                           1331 	.area _CODE
                           1332 	.area _INITIALIZER
                           1333 	.area _CABS (ABS)
