                              1 ;--------------------------------------------------------
                              2 ; File Created by SDCC : free open source ANSI-C Compiler
                              3 ; Version 4.0.0 #11528 (Linux)
                              4 ;--------------------------------------------------------
                              5 	.module aes_192
                              6 	.optsdcc -mz80
                              7 	
                              8 ;--------------------------------------------------------
                              9 ; Public variables in this module
                             10 ;--------------------------------------------------------
                             11 	.globl _main
                             12 	.globl _AES192_Encrypt
                             13 	.globl _KeyExpansion
                             14 	.globl _ShiftRows
                             15 	.globl _SubBytes
                             16 	.globl _AddRoundKey
                             17 	.globl _puts
                             18 	.globl _printf
                             19 	.globl _putchar
                             20 ;--------------------------------------------------------
                             21 ; special function registers
                             22 ;--------------------------------------------------------
                             23 ;--------------------------------------------------------
                             24 ; ram data
                             25 ;--------------------------------------------------------
                             26 	.area _DATA
                             27 ;--------------------------------------------------------
                             28 ; ram data
                             29 ;--------------------------------------------------------
                             30 	.area _INITIALIZED
                             31 ;--------------------------------------------------------
                             32 ; absolute external ram data
                             33 ;--------------------------------------------------------
                             34 	.area _DABS (ABS)
                             35 ;--------------------------------------------------------
                             36 ; global & static initialisations
                             37 ;--------------------------------------------------------
                             38 	.area _HOME
                             39 	.area _GSINIT
                             40 	.area _GSFINAL
                             41 	.area _GSINIT
                             42 ;--------------------------------------------------------
                             43 ; Home
                             44 ;--------------------------------------------------------
                             45 	.area _HOME
                             46 	.area _HOME
                             47 ;--------------------------------------------------------
                             48 ; code
                             49 ;--------------------------------------------------------
                             50 	.area _CODE
                             51 ;aes_192.c:6: int putchar(int c) {
                             52 ;	---------------------------------
                             53 ; Function putchar
                             54 ; ---------------------------------
   0000                      55 _putchar::
                             56 ;aes_192.c:7: return c;
   0000 C1            [10]   57 	pop	bc
   0001 E1            [10]   58 	pop	hl
   0002 E5            [11]   59 	push	hl
   0003 C5            [11]   60 	push	bc
   0004                      61 00101$:
                             62 ;aes_192.c:8: }
   0004 C9            [10]   63 	ret
                             64 ;aes_192.c:35: void AddRoundKey(uint8_t round, uint8_t* state, const uint8_t* RoundKey) {
                             65 ;	---------------------------------
                             66 ; Function AddRoundKey
                             67 ; ---------------------------------
   0005                      68 _AddRoundKey::
   0005 DD E5         [15]   69 	push	ix
   0007 DD 21 00 00   [14]   70 	ld	ix,#0
   000B DD 39         [15]   71 	add	ix,sp
   000D F5            [11]   72 	push	af
   000E 3B            [ 6]   73 	dec	sp
                             74 ;aes_192.c:36: for (int i = 0; i < 16; ++i) state[i] ^= RoundKey[(round * 16) + i];
   000F 01 00 00      [10]   75 	ld	bc, #0x0000
   0012                      76 00103$:
   0012 79            [ 4]   77 	ld	a, c
   0013 D6 10         [ 7]   78 	sub	a, #0x10
   0015 78            [ 4]   79 	ld	a, b
   0016 17            [ 4]   80 	rla
   0017 3F            [ 4]   81 	ccf
   0018 1F            [ 4]   82 	rra
   0019 DE 80         [ 7]   83 	sbc	a, #0x80
   001B D2r53r00      [10]   84 	jp	NC, 00105$
   001E DD 7E 05      [19]   85 	ld	a, 5 (ix)
   0021 81            [ 4]   86 	add	a, c
   0022 5F            [ 4]   87 	ld	e, a
   0023 DD 7E 06      [19]   88 	ld	a, 6 (ix)
   0026 88            [ 4]   89 	adc	a, b
   0027 57            [ 4]   90 	ld	d, a
   0028 1A            [ 7]   91 	ld	a, (de)
   0029 DD 77 FD      [19]   92 	ld	-3 (ix), a
   002C DD 6E 04      [19]   93 	ld	l, 4 (ix)
   002F 26 00         [ 7]   94 	ld	h, #0x00
   0031 29            [11]   95 	add	hl, hl
   0032 29            [11]   96 	add	hl, hl
   0033 29            [11]   97 	add	hl, hl
   0034 29            [11]   98 	add	hl, hl
   0035 09            [11]   99 	add	hl, bc
   0036 DD 75 FE      [19]  100 	ld	-2 (ix), l
   0039 DD 74 FF      [19]  101 	ld	-1 (ix), h
   003C DD 7E FE      [19]  102 	ld	a, -2 (ix)
   003F DD 86 07      [19]  103 	add	a, 7 (ix)
   0042 6F            [ 4]  104 	ld	l, a
   0043 DD 7E FF      [19]  105 	ld	a, -1 (ix)
   0046 DD 8E 08      [19]  106 	adc	a, 8 (ix)
   0049 67            [ 4]  107 	ld	h, a
   004A 7E            [ 7]  108 	ld	a, (hl)
   004B DD AE FD      [19]  109 	xor	a, -3 (ix)
   004E 12            [ 7]  110 	ld	(de), a
   004F 03            [ 6]  111 	inc	bc
   0050 C3r12r00      [10]  112 	jp	00103$
   0053                     113 00105$:
                            114 ;aes_192.c:37: }
   0053 DD F9         [10]  115 	ld	sp, ix
   0055 DD E1         [14]  116 	pop	ix
   0057 C9            [10]  117 	ret
   0058                     118 _sbox:
   0058 63                  119 	.db #0x63	; 99	'c'
   0059 7C                  120 	.db #0x7c	; 124
   005A 77                  121 	.db #0x77	; 119	'w'
   005B 7B                  122 	.db #0x7b	; 123
   005C F2                  123 	.db #0xf2	; 242
   005D 6B                  124 	.db #0x6b	; 107	'k'
   005E 6F                  125 	.db #0x6f	; 111	'o'
   005F C5                  126 	.db #0xc5	; 197
   0060 30                  127 	.db #0x30	; 48	'0'
   0061 01                  128 	.db #0x01	; 1
   0062 67                  129 	.db #0x67	; 103	'g'
   0063 2B                  130 	.db #0x2b	; 43
   0064 FE                  131 	.db #0xfe	; 254
   0065 D7                  132 	.db #0xd7	; 215
   0066 AB                  133 	.db #0xab	; 171
   0067 76                  134 	.db #0x76	; 118	'v'
   0068 CA                  135 	.db #0xca	; 202
   0069 82                  136 	.db #0x82	; 130
   006A C9                  137 	.db #0xc9	; 201
   006B 7D                  138 	.db #0x7d	; 125
   006C FA                  139 	.db #0xfa	; 250
   006D 59                  140 	.db #0x59	; 89	'Y'
   006E 47                  141 	.db #0x47	; 71	'G'
   006F F0                  142 	.db #0xf0	; 240
   0070 AD                  143 	.db #0xad	; 173
   0071 D4                  144 	.db #0xd4	; 212
   0072 A2                  145 	.db #0xa2	; 162
   0073 AF                  146 	.db #0xaf	; 175
   0074 9C                  147 	.db #0x9c	; 156
   0075 A4                  148 	.db #0xa4	; 164
   0076 72                  149 	.db #0x72	; 114	'r'
   0077 C0                  150 	.db #0xc0	; 192
   0078 B7                  151 	.db #0xb7	; 183
   0079 FD                  152 	.db #0xfd	; 253
   007A 93                  153 	.db #0x93	; 147
   007B 26                  154 	.db #0x26	; 38
   007C 36                  155 	.db #0x36	; 54	'6'
   007D 3F                  156 	.db #0x3f	; 63
   007E F7                  157 	.db #0xf7	; 247
   007F CC                  158 	.db #0xcc	; 204
   0080 34                  159 	.db #0x34	; 52	'4'
   0081 A5                  160 	.db #0xa5	; 165
   0082 E5                  161 	.db #0xe5	; 229
   0083 F1                  162 	.db #0xf1	; 241
   0084 71                  163 	.db #0x71	; 113	'q'
   0085 D8                  164 	.db #0xd8	; 216
   0086 31                  165 	.db #0x31	; 49	'1'
   0087 15                  166 	.db #0x15	; 21
   0088 04                  167 	.db #0x04	; 4
   0089 C7                  168 	.db #0xc7	; 199
   008A 23                  169 	.db #0x23	; 35
   008B C3                  170 	.db #0xc3	; 195
   008C 18                  171 	.db #0x18	; 24
   008D 96                  172 	.db #0x96	; 150
   008E 05                  173 	.db #0x05	; 5
   008F 9A                  174 	.db #0x9a	; 154
   0090 07                  175 	.db #0x07	; 7
   0091 12                  176 	.db #0x12	; 18
   0092 80                  177 	.db #0x80	; 128
   0093 E2                  178 	.db #0xe2	; 226
   0094 EB                  179 	.db #0xeb	; 235
   0095 27                  180 	.db #0x27	; 39
   0096 B2                  181 	.db #0xb2	; 178
   0097 75                  182 	.db #0x75	; 117	'u'
   0098 09                  183 	.db #0x09	; 9
   0099 83                  184 	.db #0x83	; 131
   009A 2C                  185 	.db #0x2c	; 44
   009B 1A                  186 	.db #0x1a	; 26
   009C 1B                  187 	.db #0x1b	; 27
   009D 6E                  188 	.db #0x6e	; 110	'n'
   009E 5A                  189 	.db #0x5a	; 90	'Z'
   009F A0                  190 	.db #0xa0	; 160
   00A0 52                  191 	.db #0x52	; 82	'R'
   00A1 3B                  192 	.db #0x3b	; 59
   00A2 D6                  193 	.db #0xd6	; 214
   00A3 B3                  194 	.db #0xb3	; 179
   00A4 29                  195 	.db #0x29	; 41
   00A5 E3                  196 	.db #0xe3	; 227
   00A6 2F                  197 	.db #0x2f	; 47
   00A7 84                  198 	.db #0x84	; 132
   00A8 53                  199 	.db #0x53	; 83	'S'
   00A9 D1                  200 	.db #0xd1	; 209
   00AA 00                  201 	.db #0x00	; 0
   00AB ED                  202 	.db #0xed	; 237
   00AC 20                  203 	.db #0x20	; 32
   00AD FC                  204 	.db #0xfc	; 252
   00AE B1                  205 	.db #0xb1	; 177
   00AF 5B                  206 	.db #0x5b	; 91
   00B0 6A                  207 	.db #0x6a	; 106	'j'
   00B1 CB                  208 	.db #0xcb	; 203
   00B2 BE                  209 	.db #0xbe	; 190
   00B3 39                  210 	.db #0x39	; 57	'9'
   00B4 4A                  211 	.db #0x4a	; 74	'J'
   00B5 4C                  212 	.db #0x4c	; 76	'L'
   00B6 58                  213 	.db #0x58	; 88	'X'
   00B7 CF                  214 	.db #0xcf	; 207
   00B8 D0                  215 	.db #0xd0	; 208
   00B9 EF                  216 	.db #0xef	; 239
   00BA AA                  217 	.db #0xaa	; 170
   00BB FB                  218 	.db #0xfb	; 251
   00BC 43                  219 	.db #0x43	; 67	'C'
   00BD 4D                  220 	.db #0x4d	; 77	'M'
   00BE 33                  221 	.db #0x33	; 51	'3'
   00BF 85                  222 	.db #0x85	; 133
   00C0 45                  223 	.db #0x45	; 69	'E'
   00C1 F9                  224 	.db #0xf9	; 249
   00C2 02                  225 	.db #0x02	; 2
   00C3 7F                  226 	.db #0x7f	; 127
   00C4 50                  227 	.db #0x50	; 80	'P'
   00C5 3C                  228 	.db #0x3c	; 60
   00C6 9F                  229 	.db #0x9f	; 159
   00C7 A8                  230 	.db #0xa8	; 168
   00C8 51                  231 	.db #0x51	; 81	'Q'
   00C9 A3                  232 	.db #0xa3	; 163
   00CA 40                  233 	.db #0x40	; 64
   00CB 8F                  234 	.db #0x8f	; 143
   00CC 92                  235 	.db #0x92	; 146
   00CD 9D                  236 	.db #0x9d	; 157
   00CE 38                  237 	.db #0x38	; 56	'8'
   00CF F5                  238 	.db #0xf5	; 245
   00D0 BC                  239 	.db #0xbc	; 188
   00D1 B6                  240 	.db #0xb6	; 182
   00D2 DA                  241 	.db #0xda	; 218
   00D3 21                  242 	.db #0x21	; 33
   00D4 10                  243 	.db #0x10	; 16
   00D5 FF                  244 	.db #0xff	; 255
   00D6 F3                  245 	.db #0xf3	; 243
   00D7 D2                  246 	.db #0xd2	; 210
   00D8 CD                  247 	.db #0xcd	; 205
   00D9 0C                  248 	.db #0x0c	; 12
   00DA 13                  249 	.db #0x13	; 19
   00DB EC                  250 	.db #0xec	; 236
   00DC 5F                  251 	.db #0x5f	; 95
   00DD 97                  252 	.db #0x97	; 151
   00DE 44                  253 	.db #0x44	; 68	'D'
   00DF 17                  254 	.db #0x17	; 23
   00E0 C4                  255 	.db #0xc4	; 196
   00E1 A7                  256 	.db #0xa7	; 167
   00E2 7E                  257 	.db #0x7e	; 126
   00E3 3D                  258 	.db #0x3d	; 61
   00E4 64                  259 	.db #0x64	; 100	'd'
   00E5 5D                  260 	.db #0x5d	; 93
   00E6 19                  261 	.db #0x19	; 25
   00E7 73                  262 	.db #0x73	; 115	's'
   00E8 60                  263 	.db #0x60	; 96
   00E9 81                  264 	.db #0x81	; 129
   00EA 4F                  265 	.db #0x4f	; 79	'O'
   00EB DC                  266 	.db #0xdc	; 220
   00EC 22                  267 	.db #0x22	; 34
   00ED 2A                  268 	.db #0x2a	; 42
   00EE 90                  269 	.db #0x90	; 144
   00EF 88                  270 	.db #0x88	; 136
   00F0 46                  271 	.db #0x46	; 70	'F'
   00F1 EE                  272 	.db #0xee	; 238
   00F2 B8                  273 	.db #0xb8	; 184
   00F3 14                  274 	.db #0x14	; 20
   00F4 DE                  275 	.db #0xde	; 222
   00F5 5E                  276 	.db #0x5e	; 94
   00F6 0B                  277 	.db #0x0b	; 11
   00F7 DB                  278 	.db #0xdb	; 219
   00F8 E0                  279 	.db #0xe0	; 224
   00F9 32                  280 	.db #0x32	; 50	'2'
   00FA 3A                  281 	.db #0x3a	; 58
   00FB 0A                  282 	.db #0x0a	; 10
   00FC 49                  283 	.db #0x49	; 73	'I'
   00FD 06                  284 	.db #0x06	; 6
   00FE 24                  285 	.db #0x24	; 36
   00FF 5C                  286 	.db #0x5c	; 92
   0100 C2                  287 	.db #0xc2	; 194
   0101 D3                  288 	.db #0xd3	; 211
   0102 AC                  289 	.db #0xac	; 172
   0103 62                  290 	.db #0x62	; 98	'b'
   0104 91                  291 	.db #0x91	; 145
   0105 95                  292 	.db #0x95	; 149
   0106 E4                  293 	.db #0xe4	; 228
   0107 79                  294 	.db #0x79	; 121	'y'
   0108 E7                  295 	.db #0xe7	; 231
   0109 C8                  296 	.db #0xc8	; 200
   010A 37                  297 	.db #0x37	; 55	'7'
   010B 6D                  298 	.db #0x6d	; 109	'm'
   010C 8D                  299 	.db #0x8d	; 141
   010D D5                  300 	.db #0xd5	; 213
   010E 4E                  301 	.db #0x4e	; 78	'N'
   010F A9                  302 	.db #0xa9	; 169
   0110 6C                  303 	.db #0x6c	; 108	'l'
   0111 56                  304 	.db #0x56	; 86	'V'
   0112 F4                  305 	.db #0xf4	; 244
   0113 EA                  306 	.db #0xea	; 234
   0114 65                  307 	.db #0x65	; 101	'e'
   0115 7A                  308 	.db #0x7a	; 122	'z'
   0116 AE                  309 	.db #0xae	; 174
   0117 08                  310 	.db #0x08	; 8
   0118 BA                  311 	.db #0xba	; 186
   0119 78                  312 	.db #0x78	; 120	'x'
   011A 25                  313 	.db #0x25	; 37
   011B 2E                  314 	.db #0x2e	; 46
   011C 1C                  315 	.db #0x1c	; 28
   011D A6                  316 	.db #0xa6	; 166
   011E B4                  317 	.db #0xb4	; 180
   011F C6                  318 	.db #0xc6	; 198
   0120 E8                  319 	.db #0xe8	; 232
   0121 DD                  320 	.db #0xdd	; 221
   0122 74                  321 	.db #0x74	; 116	't'
   0123 1F                  322 	.db #0x1f	; 31
   0124 4B                  323 	.db #0x4b	; 75	'K'
   0125 BD                  324 	.db #0xbd	; 189
   0126 8B                  325 	.db #0x8b	; 139
   0127 8A                  326 	.db #0x8a	; 138
   0128 70                  327 	.db #0x70	; 112	'p'
   0129 3E                  328 	.db #0x3e	; 62
   012A B5                  329 	.db #0xb5	; 181
   012B 66                  330 	.db #0x66	; 102	'f'
   012C 48                  331 	.db #0x48	; 72	'H'
   012D 03                  332 	.db #0x03	; 3
   012E F6                  333 	.db #0xf6	; 246
   012F 0E                  334 	.db #0x0e	; 14
   0130 61                  335 	.db #0x61	; 97	'a'
   0131 35                  336 	.db #0x35	; 53	'5'
   0132 57                  337 	.db #0x57	; 87	'W'
   0133 B9                  338 	.db #0xb9	; 185
   0134 86                  339 	.db #0x86	; 134
   0135 C1                  340 	.db #0xc1	; 193
   0136 1D                  341 	.db #0x1d	; 29
   0137 9E                  342 	.db #0x9e	; 158
   0138 E1                  343 	.db #0xe1	; 225
   0139 F8                  344 	.db #0xf8	; 248
   013A 98                  345 	.db #0x98	; 152
   013B 11                  346 	.db #0x11	; 17
   013C 69                  347 	.db #0x69	; 105	'i'
   013D D9                  348 	.db #0xd9	; 217
   013E 8E                  349 	.db #0x8e	; 142
   013F 94                  350 	.db #0x94	; 148
   0140 9B                  351 	.db #0x9b	; 155
   0141 1E                  352 	.db #0x1e	; 30
   0142 87                  353 	.db #0x87	; 135
   0143 E9                  354 	.db #0xe9	; 233
   0144 CE                  355 	.db #0xce	; 206
   0145 55                  356 	.db #0x55	; 85	'U'
   0146 28                  357 	.db #0x28	; 40
   0147 DF                  358 	.db #0xdf	; 223
   0148 8C                  359 	.db #0x8c	; 140
   0149 A1                  360 	.db #0xa1	; 161
   014A 89                  361 	.db #0x89	; 137
   014B 0D                  362 	.db #0x0d	; 13
   014C BF                  363 	.db #0xbf	; 191
   014D E6                  364 	.db #0xe6	; 230
   014E 42                  365 	.db #0x42	; 66	'B'
   014F 68                  366 	.db #0x68	; 104	'h'
   0150 41                  367 	.db #0x41	; 65	'A'
   0151 99                  368 	.db #0x99	; 153
   0152 2D                  369 	.db #0x2d	; 45
   0153 0F                  370 	.db #0x0f	; 15
   0154 B0                  371 	.db #0xb0	; 176
   0155 54                  372 	.db #0x54	; 84	'T'
   0156 BB                  373 	.db #0xbb	; 187
   0157 16                  374 	.db #0x16	; 22
   0158                     375 _Rcon:
   0158 8D                  376 	.db #0x8d	; 141
   0159 01                  377 	.db #0x01	; 1
   015A 02                  378 	.db #0x02	; 2
   015B 04                  379 	.db #0x04	; 4
   015C 08                  380 	.db #0x08	; 8
   015D 10                  381 	.db #0x10	; 16
   015E 20                  382 	.db #0x20	; 32
   015F 40                  383 	.db #0x40	; 64
   0160 80                  384 	.db #0x80	; 128
   0161 1B                  385 	.db #0x1b	; 27
   0162 36                  386 	.db #0x36	; 54	'6'
                            387 ;aes_192.c:39: void SubBytes(uint8_t* state) {
                            388 ;	---------------------------------
                            389 ; Function SubBytes
                            390 ; ---------------------------------
   0163                     391 _SubBytes::
   0163 DD E5         [15]  392 	push	ix
   0165 DD 21 00 00   [14]  393 	ld	ix,#0
   0169 DD 39         [15]  394 	add	ix,sp
                            395 ;aes_192.c:40: for (int i = 0; i < 16; ++i) state[i] = sbox[state[i]];
   016B 01 00 00      [10]  396 	ld	bc, #0x0000
   016E                     397 00103$:
   016E 79            [ 4]  398 	ld	a, c
   016F D6 10         [ 7]  399 	sub	a, #0x10
   0171 78            [ 4]  400 	ld	a, b
   0172 17            [ 4]  401 	rla
   0173 3F            [ 4]  402 	ccf
   0174 1F            [ 4]  403 	rra
   0175 DE 80         [ 7]  404 	sbc	a, #0x80
   0177 D2r93r01      [10]  405 	jp	NC, 00105$
   017A DD 7E 04      [19]  406 	ld	a, 4 (ix)
   017D 81            [ 4]  407 	add	a, c
   017E 5F            [ 4]  408 	ld	e, a
   017F DD 7E 05      [19]  409 	ld	a, 5 (ix)
   0182 88            [ 4]  410 	adc	a, b
   0183 57            [ 4]  411 	ld	d, a
   0184 1A            [ 7]  412 	ld	a, (de)
   0185 C6r58         [ 7]  413 	add	a, #<(_sbox)
   0187 6F            [ 4]  414 	ld	l, a
   0188 3E 00         [ 7]  415 	ld	a, #0x00
   018A CEs00         [ 7]  416 	adc	a, #>(_sbox)
   018C 67            [ 4]  417 	ld	h, a
   018D 7E            [ 7]  418 	ld	a, (hl)
   018E 12            [ 7]  419 	ld	(de), a
   018F 03            [ 6]  420 	inc	bc
   0190 C3r6Er01      [10]  421 	jp	00103$
   0193                     422 00105$:
                            423 ;aes_192.c:41: }
   0193 DD E1         [14]  424 	pop	ix
   0195 C9            [10]  425 	ret
                            426 ;aes_192.c:43: void ShiftRows(uint8_t* state) {
                            427 ;	---------------------------------
                            428 ; Function ShiftRows
                            429 ; ---------------------------------
   0196                     430 _ShiftRows::
   0196 DD E5         [15]  431 	push	ix
   0198 DD 21 00 00   [14]  432 	ld	ix,#0
   019C DD 39         [15]  433 	add	ix,sp
   019E 21 EE FF      [10]  434 	ld	hl, #-18
   01A1 39            [11]  435 	add	hl, sp
   01A2 F9            [ 6]  436 	ld	sp, hl
                            437 ;aes_192.c:45: temp[0] = state[0];  temp[1] = state[5];  temp[2] = state[10]; temp[3] = state[15];
   01A3 21 00 00      [10]  438 	ld	hl, #0
   01A6 39            [11]  439 	add	hl, sp
   01A7 4D            [ 4]  440 	ld	c, l
   01A8 44            [ 4]  441 	ld	b, h
   01A9 DD 7E 04      [19]  442 	ld	a, 4 (ix)
   01AC DD 77 FE      [19]  443 	ld	-2 (ix), a
   01AF DD 7E 05      [19]  444 	ld	a, 5 (ix)
   01B2 DD 77 FF      [19]  445 	ld	-1 (ix), a
   01B5 DD 6E FE      [19]  446 	ld	l, -2 (ix)
   01B8 DD 66 FF      [19]  447 	ld	h, -1 (ix)
   01BB 7E            [ 7]  448 	ld	a, (hl)
   01BC 02            [ 7]  449 	ld	(bc), a
   01BD 59            [ 4]  450 	ld	e, c
   01BE 50            [ 4]  451 	ld	d, b
   01BF 13            [ 6]  452 	inc	de
   01C0 DD 6E FE      [19]  453 	ld	l, -2 (ix)
   01C3 DD 66 FF      [19]  454 	ld	h, -1 (ix)
   01C6 23            [ 6]  455 	inc	hl
   01C7 23            [ 6]  456 	inc	hl
   01C8 23            [ 6]  457 	inc	hl
   01C9 23            [ 6]  458 	inc	hl
   01CA 23            [ 6]  459 	inc	hl
   01CB 7E            [ 7]  460 	ld	a, (hl)
   01CC 12            [ 7]  461 	ld	(de), a
   01CD 59            [ 4]  462 	ld	e, c
   01CE 50            [ 4]  463 	ld	d, b
   01CF 13            [ 6]  464 	inc	de
   01D0 13            [ 6]  465 	inc	de
   01D1 DD 6E FE      [19]  466 	ld	l, -2 (ix)
   01D4 DD 66 FF      [19]  467 	ld	h, -1 (ix)
   01D7 C5            [11]  468 	push	bc
   01D8 01 0A 00      [10]  469 	ld	bc, #0x000a
   01DB 09            [11]  470 	add	hl, bc
   01DC C1            [10]  471 	pop	bc
   01DD 7E            [ 7]  472 	ld	a, (hl)
   01DE 12            [ 7]  473 	ld	(de), a
   01DF 59            [ 4]  474 	ld	e, c
   01E0 50            [ 4]  475 	ld	d, b
   01E1 13            [ 6]  476 	inc	de
   01E2 13            [ 6]  477 	inc	de
   01E3 13            [ 6]  478 	inc	de
   01E4 DD 6E FE      [19]  479 	ld	l, -2 (ix)
   01E7 DD 66 FF      [19]  480 	ld	h, -1 (ix)
   01EA C5            [11]  481 	push	bc
   01EB 01 0F 00      [10]  482 	ld	bc, #0x000f
   01EE 09            [11]  483 	add	hl, bc
   01EF C1            [10]  484 	pop	bc
   01F0 7E            [ 7]  485 	ld	a, (hl)
   01F1 12            [ 7]  486 	ld	(de), a
                            487 ;aes_192.c:46: temp[4] = state[4];  temp[5] = state[9];  temp[6] = state[14]; temp[7] = state[3];
   01F2 21 04 00      [10]  488 	ld	hl, #0x0004
   01F5 09            [11]  489 	add	hl, bc
   01F6 EB            [ 4]  490 	ex	de, hl
   01F7 DD 6E FE      [19]  491 	ld	l, -2 (ix)
   01FA DD 66 FF      [19]  492 	ld	h, -1 (ix)
   01FD 23            [ 6]  493 	inc	hl
   01FE 23            [ 6]  494 	inc	hl
   01FF 23            [ 6]  495 	inc	hl
   0200 23            [ 6]  496 	inc	hl
   0201 7E            [ 7]  497 	ld	a, (hl)
   0202 12            [ 7]  498 	ld	(de), a
   0203 21 05 00      [10]  499 	ld	hl, #0x0005
   0206 09            [11]  500 	add	hl, bc
   0207 EB            [ 4]  501 	ex	de, hl
   0208 DD 6E FE      [19]  502 	ld	l, -2 (ix)
   020B DD 66 FF      [19]  503 	ld	h, -1 (ix)
   020E C5            [11]  504 	push	bc
   020F 01 09 00      [10]  505 	ld	bc, #0x0009
   0212 09            [11]  506 	add	hl, bc
   0213 C1            [10]  507 	pop	bc
   0214 7E            [ 7]  508 	ld	a, (hl)
   0215 12            [ 7]  509 	ld	(de), a
   0216 21 06 00      [10]  510 	ld	hl, #0x0006
   0219 09            [11]  511 	add	hl, bc
   021A EB            [ 4]  512 	ex	de, hl
   021B DD 6E FE      [19]  513 	ld	l, -2 (ix)
   021E DD 66 FF      [19]  514 	ld	h, -1 (ix)
   0221 C5            [11]  515 	push	bc
   0222 01 0E 00      [10]  516 	ld	bc, #0x000e
   0225 09            [11]  517 	add	hl, bc
   0226 C1            [10]  518 	pop	bc
   0227 7E            [ 7]  519 	ld	a, (hl)
   0228 12            [ 7]  520 	ld	(de), a
   0229 21 07 00      [10]  521 	ld	hl, #0x0007
   022C 09            [11]  522 	add	hl, bc
   022D EB            [ 4]  523 	ex	de, hl
   022E DD 6E FE      [19]  524 	ld	l, -2 (ix)
   0231 DD 66 FF      [19]  525 	ld	h, -1 (ix)
   0234 23            [ 6]  526 	inc	hl
   0235 23            [ 6]  527 	inc	hl
   0236 23            [ 6]  528 	inc	hl
   0237 7E            [ 7]  529 	ld	a, (hl)
   0238 12            [ 7]  530 	ld	(de), a
                            531 ;aes_192.c:47: temp[8] = state[8];  temp[9] = state[13]; temp[10] = state[2]; temp[11] = state[7];
   0239 21 08 00      [10]  532 	ld	hl, #0x0008
   023C 09            [11]  533 	add	hl, bc
   023D EB            [ 4]  534 	ex	de, hl
   023E DD 6E FE      [19]  535 	ld	l, -2 (ix)
   0241 DD 66 FF      [19]  536 	ld	h, -1 (ix)
   0244 C5            [11]  537 	push	bc
   0245 01 08 00      [10]  538 	ld	bc, #0x0008
   0248 09            [11]  539 	add	hl, bc
   0249 C1            [10]  540 	pop	bc
   024A 7E            [ 7]  541 	ld	a, (hl)
   024B 12            [ 7]  542 	ld	(de), a
   024C 21 09 00      [10]  543 	ld	hl, #0x0009
   024F 09            [11]  544 	add	hl, bc
   0250 EB            [ 4]  545 	ex	de, hl
   0251 DD 6E FE      [19]  546 	ld	l, -2 (ix)
   0254 DD 66 FF      [19]  547 	ld	h, -1 (ix)
   0257 C5            [11]  548 	push	bc
   0258 01 0D 00      [10]  549 	ld	bc, #0x000d
   025B 09            [11]  550 	add	hl, bc
   025C C1            [10]  551 	pop	bc
   025D 7E            [ 7]  552 	ld	a, (hl)
   025E 12            [ 7]  553 	ld	(de), a
   025F 21 0A 00      [10]  554 	ld	hl, #0x000a
   0262 09            [11]  555 	add	hl, bc
   0263 EB            [ 4]  556 	ex	de, hl
   0264 DD 6E FE      [19]  557 	ld	l, -2 (ix)
   0267 DD 66 FF      [19]  558 	ld	h, -1 (ix)
   026A 23            [ 6]  559 	inc	hl
   026B 23            [ 6]  560 	inc	hl
   026C 7E            [ 7]  561 	ld	a, (hl)
   026D 12            [ 7]  562 	ld	(de), a
   026E 21 0B 00      [10]  563 	ld	hl, #0x000b
   0271 09            [11]  564 	add	hl, bc
   0272 EB            [ 4]  565 	ex	de, hl
   0273 DD 6E FE      [19]  566 	ld	l, -2 (ix)
   0276 DD 66 FF      [19]  567 	ld	h, -1 (ix)
   0279 C5            [11]  568 	push	bc
   027A 01 07 00      [10]  569 	ld	bc, #0x0007
   027D 09            [11]  570 	add	hl, bc
   027E C1            [10]  571 	pop	bc
   027F 7E            [ 7]  572 	ld	a, (hl)
   0280 12            [ 7]  573 	ld	(de), a
                            574 ;aes_192.c:48: temp[12] = state[12]; temp[13] = state[1]; temp[14] = state[6]; temp[15] = state[11];
   0281 21 0C 00      [10]  575 	ld	hl, #0x000c
   0284 09            [11]  576 	add	hl, bc
   0285 EB            [ 4]  577 	ex	de, hl
   0286 DD 6E FE      [19]  578 	ld	l, -2 (ix)
   0289 DD 66 FF      [19]  579 	ld	h, -1 (ix)
   028C C5            [11]  580 	push	bc
   028D 01 0C 00      [10]  581 	ld	bc, #0x000c
   0290 09            [11]  582 	add	hl, bc
   0291 C1            [10]  583 	pop	bc
   0292 7E            [ 7]  584 	ld	a, (hl)
   0293 12            [ 7]  585 	ld	(de), a
   0294 21 0D 00      [10]  586 	ld	hl, #0x000d
   0297 09            [11]  587 	add	hl, bc
   0298 EB            [ 4]  588 	ex	de, hl
   0299 DD 6E FE      [19]  589 	ld	l, -2 (ix)
   029C DD 66 FF      [19]  590 	ld	h, -1 (ix)
   029F 23            [ 6]  591 	inc	hl
   02A0 7E            [ 7]  592 	ld	a, (hl)
   02A1 12            [ 7]  593 	ld	(de), a
   02A2 21 0E 00      [10]  594 	ld	hl, #0x000e
   02A5 09            [11]  595 	add	hl, bc
   02A6 EB            [ 4]  596 	ex	de, hl
   02A7 DD 6E FE      [19]  597 	ld	l, -2 (ix)
   02AA DD 66 FF      [19]  598 	ld	h, -1 (ix)
   02AD C5            [11]  599 	push	bc
   02AE 01 06 00      [10]  600 	ld	bc, #0x0006
   02B1 09            [11]  601 	add	hl, bc
   02B2 C1            [10]  602 	pop	bc
   02B3 7E            [ 7]  603 	ld	a, (hl)
   02B4 12            [ 7]  604 	ld	(de), a
   02B5 21 0F 00      [10]  605 	ld	hl, #0x000f
   02B8 09            [11]  606 	add	hl, bc
   02B9 EB            [ 4]  607 	ex	de, hl
   02BA DD 6E FE      [19]  608 	ld	l, -2 (ix)
   02BD DD 66 FF      [19]  609 	ld	h, -1 (ix)
   02C0 C5            [11]  610 	push	bc
   02C1 01 0B 00      [10]  611 	ld	bc, #0x000b
   02C4 09            [11]  612 	add	hl, bc
   02C5 C1            [10]  613 	pop	bc
   02C6 7E            [ 7]  614 	ld	a, (hl)
   02C7 12            [ 7]  615 	ld	(de), a
                            616 ;aes_192.c:49: memcpy(state, temp, 16);
   02C8 DD 5E 04      [19]  617 	ld	e, 4 (ix)
   02CB DD 56 05      [19]  618 	ld	d, 5 (ix)
   02CE 69            [ 4]  619 	ld	l, c
   02CF 60            [ 4]  620 	ld	h, b
   02D0 01 10 00      [10]  621 	ld	bc, #0x0010
   02D3 ED B0         [21]  622 	ldir
   02D5                     623 00101$:
                            624 ;aes_192.c:50: }
   02D5 DD F9         [10]  625 	ld	sp, ix
   02D7 DD E1         [14]  626 	pop	ix
   02D9 C9            [10]  627 	ret
                            628 ;aes_192.c:55: void KeyExpansion(uint8_t* RoundKey, const uint8_t* Key) {
                            629 ;	---------------------------------
                            630 ; Function KeyExpansion
                            631 ; ---------------------------------
   02DA                     632 _KeyExpansion::
   02DA DD E5         [15]  633 	push	ix
   02DC DD 21 00 00   [14]  634 	ld	ix,#0
   02E0 DD 39         [15]  635 	add	ix,sp
   02E2 21 F0 FF      [10]  636 	ld	hl, #-16
   02E5 39            [11]  637 	add	hl, sp
   02E6 F9            [ 6]  638 	ld	sp, hl
                            639 ;aes_192.c:62: for (i = 0; i < nk * 4; ++i) RoundKey[i] = Key[i];
   02E7 01 00 00      [10]  640 	ld	bc, #0x0000
   02EA                     641 00106$:
   02EA 79            [ 4]  642 	ld	a, c
   02EB D6 18         [ 7]  643 	sub	a, #0x18
   02ED 78            [ 4]  644 	ld	a, b
   02EE DE 00         [ 7]  645 	sbc	a, #0x00
   02F0 D2r0Ar03      [10]  646 	jp	NC, 00101$
   02F3 DD 7E 04      [19]  647 	ld	a, 4 (ix)
   02F6 81            [ 4]  648 	add	a, c
   02F7 5F            [ 4]  649 	ld	e, a
   02F8 DD 7E 05      [19]  650 	ld	a, 5 (ix)
   02FB 88            [ 4]  651 	adc	a, b
   02FC 57            [ 4]  652 	ld	d, a
   02FD DD 6E 06      [19]  653 	ld	l, 6 (ix)
   0300 DD 66 07      [19]  654 	ld	h, 7 (ix)
   0303 09            [11]  655 	add	hl, bc
   0304 7E            [ 7]  656 	ld	a, (hl)
   0305 12            [ 7]  657 	ld	(de), a
   0306 03            [ 6]  658 	inc	bc
   0307 C3rEAr02      [10]  659 	jp	00106$
   030A                     660 00101$:
                            661 ;aes_192.c:64: for (i = nk; i < 4 * (nr + 1); ++i) {
   030A 01 06 00      [10]  662 	ld	bc, #0x0006
   030D                     663 00109$:
   030D 79            [ 4]  664 	ld	a, c
   030E D6 34         [ 7]  665 	sub	a, #0x34
   0310 78            [ 4]  666 	ld	a, b
   0311 DE 00         [ 7]  667 	sbc	a, #0x00
   0313 D2r66r05      [10]  668 	jp	NC, 00111$
                            669 ;aes_192.c:65: k = (i - 1) * 4;
   0316 69            [ 4]  670 	ld	l, c
   0317 60            [ 4]  671 	ld	h, b
   0318 2B            [ 6]  672 	dec	hl
   0319 29            [11]  673 	add	hl, hl
   031A 29            [11]  674 	add	hl, hl
   031B DD 75 FC      [19]  675 	ld	-4 (ix), l
   031E DD 74 FD      [19]  676 	ld	-3 (ix), h
                            677 ;aes_192.c:66: tempa[0]=RoundKey[k + 0]; tempa[1]=RoundKey[k + 1];
   0321 21 00 00      [10]  678 	ld	hl, #0
   0324 39            [11]  679 	add	hl, sp
   0325 DD 75 FE      [19]  680 	ld	-2 (ix), l
   0328 DD 74 FF      [19]  681 	ld	-1 (ix), h
   032B DD 7E 04      [19]  682 	ld	a, 4 (ix)
   032E DD 86 FC      [19]  683 	add	a, -4 (ix)
   0331 5F            [ 4]  684 	ld	e, a
   0332 DD 7E 05      [19]  685 	ld	a, 5 (ix)
   0335 DD 8E FD      [19]  686 	adc	a, -3 (ix)
   0338 57            [ 4]  687 	ld	d, a
   0339 1A            [ 7]  688 	ld	a, (de)
   033A DD 6E FE      [19]  689 	ld	l, -2 (ix)
   033D DD 66 FF      [19]  690 	ld	h, -1 (ix)
   0340 77            [ 7]  691 	ld	(hl), a
   0341 DD 7E FE      [19]  692 	ld	a, -2 (ix)
   0344 C6 01         [ 7]  693 	add	a, #0x01
   0346 DD 77 F4      [19]  694 	ld	-12 (ix), a
   0349 DD 7E FF      [19]  695 	ld	a, -1 (ix)
   034C CE 00         [ 7]  696 	adc	a, #0x00
   034E DD 77 F5      [19]  697 	ld	-11 (ix), a
   0351 DD 5E FC      [19]  698 	ld	e, -4 (ix)
   0354 DD 56 FD      [19]  699 	ld	d, -3 (ix)
   0357 13            [ 6]  700 	inc	de
   0358 DD 6E 04      [19]  701 	ld	l, 4 (ix)
   035B DD 66 05      [19]  702 	ld	h, 5 (ix)
   035E 19            [11]  703 	add	hl, de
   035F 7E            [ 7]  704 	ld	a, (hl)
   0360 DD 6E F4      [19]  705 	ld	l, -12 (ix)
   0363 DD 66 F5      [19]  706 	ld	h, -11 (ix)
   0366 77            [ 7]  707 	ld	(hl), a
                            708 ;aes_192.c:67: tempa[2]=RoundKey[k + 2]; tempa[3]=RoundKey[k + 3];
   0367 DD 7E FE      [19]  709 	ld	a, -2 (ix)
   036A C6 02         [ 7]  710 	add	a, #0x02
   036C DD 77 F6      [19]  711 	ld	-10 (ix), a
   036F DD 7E FF      [19]  712 	ld	a, -1 (ix)
   0372 CE 00         [ 7]  713 	adc	a, #0x00
   0374 DD 77 F7      [19]  714 	ld	-9 (ix), a
   0377 DD 5E FC      [19]  715 	ld	e, -4 (ix)
   037A DD 56 FD      [19]  716 	ld	d, -3 (ix)
   037D 13            [ 6]  717 	inc	de
   037E 13            [ 6]  718 	inc	de
   037F DD 6E 04      [19]  719 	ld	l, 4 (ix)
   0382 DD 66 05      [19]  720 	ld	h, 5 (ix)
   0385 19            [11]  721 	add	hl, de
   0386 7E            [ 7]  722 	ld	a, (hl)
   0387 DD 6E F6      [19]  723 	ld	l, -10 (ix)
   038A DD 66 F7      [19]  724 	ld	h, -9 (ix)
   038D 77            [ 7]  725 	ld	(hl), a
   038E DD 7E FE      [19]  726 	ld	a, -2 (ix)
   0391 C6 03         [ 7]  727 	add	a, #0x03
   0393 DD 77 F8      [19]  728 	ld	-8 (ix), a
   0396 DD 7E FF      [19]  729 	ld	a, -1 (ix)
   0399 CE 00         [ 7]  730 	adc	a, #0x00
   039B DD 77 F9      [19]  731 	ld	-7 (ix), a
   039E DD 5E FC      [19]  732 	ld	e, -4 (ix)
   03A1 DD 56 FD      [19]  733 	ld	d, -3 (ix)
   03A4 13            [ 6]  734 	inc	de
   03A5 13            [ 6]  735 	inc	de
   03A6 13            [ 6]  736 	inc	de
   03A7 DD 6E 04      [19]  737 	ld	l, 4 (ix)
   03AA DD 66 05      [19]  738 	ld	h, 5 (ix)
   03AD 19            [11]  739 	add	hl, de
   03AE 7E            [ 7]  740 	ld	a, (hl)
   03AF DD 6E F8      [19]  741 	ld	l, -8 (ix)
   03B2 DD 66 F9      [19]  742 	ld	h, -7 (ix)
   03B5 77            [ 7]  743 	ld	(hl), a
                            744 ;aes_192.c:69: if (i % nk == 0) {
   03B6 C5            [11]  745 	push	bc
   03B7 21 06 00      [10]  746 	ld	hl, #0x0006
   03BA E5            [11]  747 	push	hl
   03BB C5            [11]  748 	push	bc
   03BC CDr00r00      [17]  749 	call	__moduint
   03BF F1            [10]  750 	pop	af
   03C0 F1            [10]  751 	pop	af
   03C1 C1            [10]  752 	pop	bc
   03C2 7C            [ 4]  753 	ld	a, h
   03C3 B5            [ 4]  754 	or	a, l
   03C4 C2r76r04      [10]  755 	jp	NZ, 00103$
                            756 ;aes_192.c:70: k = tempa[0];
   03C7 DD 6E FE      [19]  757 	ld	l, -2 (ix)
   03CA DD 66 FF      [19]  758 	ld	h, -1 (ix)
   03CD 7E            [ 7]  759 	ld	a, (hl)
   03CE DD 77 FA      [19]  760 	ld	-6 (ix), a
   03D1 AF            [ 4]  761 	xor	a, a
   03D2 DD 77 FB      [19]  762 	ld	-5 (ix), a
                            763 ;aes_192.c:71: tempa[0] = tempa[1]; tempa[1] = tempa[2]; tempa[2] = tempa[3]; tempa[3] = k;
   03D5 DD 6E F4      [19]  764 	ld	l, -12 (ix)
   03D8 DD 66 F5      [19]  765 	ld	h, -11 (ix)
   03DB 7E            [ 7]  766 	ld	a, (hl)
   03DC DD 6E FE      [19]  767 	ld	l, -2 (ix)
   03DF DD 66 FF      [19]  768 	ld	h, -1 (ix)
   03E2 77            [ 7]  769 	ld	(hl), a
   03E3 DD 6E F6      [19]  770 	ld	l, -10 (ix)
   03E6 DD 66 F7      [19]  771 	ld	h, -9 (ix)
   03E9 F5            [11]  772 	push	af
   03EA 7E            [ 7]  773 	ld	a, (hl)
   03EB DD 77 FC      [19]  774 	ld	-4 (ix), a
   03EE F1            [10]  775 	pop	af
   03EF DD 6E F4      [19]  776 	ld	l, -12 (ix)
   03F2 DD 66 F5      [19]  777 	ld	h, -11 (ix)
   03F5 F5            [11]  778 	push	af
   03F6 DD 7E FC      [19]  779 	ld	a, -4 (ix)
   03F9 77            [ 7]  780 	ld	(hl), a
   03FA F1            [10]  781 	pop	af
   03FB DD 6E F8      [19]  782 	ld	l, -8 (ix)
   03FE DD 66 F9      [19]  783 	ld	h, -7 (ix)
   0401 56            [ 7]  784 	ld	d, (hl)
   0402 DD 6E F6      [19]  785 	ld	l, -10 (ix)
   0405 DD 66 F7      [19]  786 	ld	h, -9 (ix)
   0408 72            [ 7]  787 	ld	(hl), d
   0409 DD 5E FA      [19]  788 	ld	e, -6 (ix)
   040C DD 6E F8      [19]  789 	ld	l, -8 (ix)
   040F DD 66 F9      [19]  790 	ld	h, -7 (ix)
   0412 73            [ 7]  791 	ld	(hl), e
                            792 ;aes_192.c:72: tempa[0] = sbox[tempa[0]]; tempa[1] = sbox[tempa[1]];
   0413 C6r58         [ 7]  793 	add	a, #<(_sbox)
   0415 6F            [ 4]  794 	ld	l, a
   0416 3E 00         [ 7]  795 	ld	a, #0x00
   0418 CEs00         [ 7]  796 	adc	a, #>(_sbox)
   041A 67            [ 4]  797 	ld	h, a
   041B 7E            [ 7]  798 	ld	a, (hl)
   041C DD 77 FD      [19]  799 	ld	-3 (ix), a
   041F DD 6E FE      [19]  800 	ld	l, -2 (ix)
   0422 DD 66 FF      [19]  801 	ld	h, -1 (ix)
   0425 DD 7E FD      [19]  802 	ld	a, -3 (ix)
   0428 77            [ 7]  803 	ld	(hl), a
   0429 DD 7E FC      [19]  804 	ld	a, -4 (ix)
   042C C6r58         [ 7]  805 	add	a, #<(_sbox)
   042E 6F            [ 4]  806 	ld	l, a
   042F 3E 00         [ 7]  807 	ld	a, #0x00
   0431 CEs00         [ 7]  808 	adc	a, #>(_sbox)
   0433 67            [ 4]  809 	ld	h, a
   0434 7E            [ 7]  810 	ld	a, (hl)
   0435 DD 6E F4      [19]  811 	ld	l, -12 (ix)
   0438 DD 66 F5      [19]  812 	ld	h, -11 (ix)
   043B 77            [ 7]  813 	ld	(hl), a
                            814 ;aes_192.c:73: tempa[2] = sbox[tempa[2]]; tempa[3] = sbox[tempa[3]];
   043C 7A            [ 4]  815 	ld	a, d
   043D C6r58         [ 7]  816 	add	a, #<(_sbox)
   043F 6F            [ 4]  817 	ld	l, a
   0440 3E 00         [ 7]  818 	ld	a, #0x00
   0442 CEs00         [ 7]  819 	adc	a, #>(_sbox)
   0444 67            [ 4]  820 	ld	h, a
   0445 7E            [ 7]  821 	ld	a, (hl)
   0446 DD 6E F6      [19]  822 	ld	l, -10 (ix)
   0449 DD 66 F7      [19]  823 	ld	h, -9 (ix)
   044C 77            [ 7]  824 	ld	(hl), a
   044D 21r58r00      [10]  825 	ld	hl, #_sbox
   0450 16 00         [ 7]  826 	ld	d, #0x00
   0452 19            [11]  827 	add	hl, de
   0453 7E            [ 7]  828 	ld	a, (hl)
   0454 DD 6E F8      [19]  829 	ld	l, -8 (ix)
   0457 DD 66 F9      [19]  830 	ld	h, -7 (ix)
   045A 77            [ 7]  831 	ld	(hl), a
                            832 ;aes_192.c:74: tempa[0] = tempa[0] ^ Rcon[i/nk];
   045B C5            [11]  833 	push	bc
   045C 21 06 00      [10]  834 	ld	hl, #0x0006
   045F E5            [11]  835 	push	hl
   0460 C5            [11]  836 	push	bc
   0461 CDr00r00      [17]  837 	call	__divuint
   0464 F1            [10]  838 	pop	af
   0465 F1            [10]  839 	pop	af
   0466 C1            [10]  840 	pop	bc
   0467 11r58r01      [10]  841 	ld	de, #_Rcon
   046A 19            [11]  842 	add	hl, de
   046B 7E            [ 7]  843 	ld	a, (hl)
   046C DD AE FD      [19]  844 	xor	a, -3 (ix)
   046F DD 6E FE      [19]  845 	ld	l, -2 (ix)
   0472 DD 66 FF      [19]  846 	ld	h, -1 (ix)
   0475 77            [ 7]  847 	ld	(hl), a
   0476                     848 00103$:
                            849 ;aes_192.c:77: j = i * 4; k = (i - nk) * 4;
   0476 DD 71 FA      [19]  850 	ld	-6 (ix), c
   0479 DD 70 FB      [19]  851 	ld	-5 (ix), b
   047C 3E 03         [ 7]  852 	ld	a, #0x02+1
   047E C3r89r04      [10]  853 	jp	00141$
   0481                     854 00140$:
   0481 DD CB FA 26   [23]  855 	sla	-6 (ix)
   0485 DD CB FB 16   [23]  856 	rl	-5 (ix)
   0489                     857 00141$:
   0489 3D            [ 4]  858 	dec	a
   048A C2r81r04      [10]  859 	jp	NZ, 00140$
   048D 79            [ 4]  860 	ld	a, c
   048E C6 FA         [ 7]  861 	add	a, #0xfa
   0490 6F            [ 4]  862 	ld	l, a
   0491 78            [ 4]  863 	ld	a, b
   0492 CE FF         [ 7]  864 	adc	a, #0xff
   0494 67            [ 4]  865 	ld	h, a
   0495 29            [11]  866 	add	hl, hl
   0496 29            [11]  867 	add	hl, hl
   0497 DD 75 FC      [19]  868 	ld	-4 (ix), l
   049A DD 74 FD      [19]  869 	ld	-3 (ix), h
                            870 ;aes_192.c:78: RoundKey[j + 0] = RoundKey[k + 0] ^ tempa[0];
   049D DD 7E 04      [19]  871 	ld	a, 4 (ix)
   04A0 DD 86 FA      [19]  872 	add	a, -6 (ix)
   04A3 5F            [ 4]  873 	ld	e, a
   04A4 DD 7E 05      [19]  874 	ld	a, 5 (ix)
   04A7 DD 8E FB      [19]  875 	adc	a, -5 (ix)
   04AA 57            [ 4]  876 	ld	d, a
   04AB DD 7E 04      [19]  877 	ld	a, 4 (ix)
   04AE DD 86 FC      [19]  878 	add	a, -4 (ix)
   04B1 6F            [ 4]  879 	ld	l, a
   04B2 DD 7E 05      [19]  880 	ld	a, 5 (ix)
   04B5 DD 8E FD      [19]  881 	adc	a, -3 (ix)
   04B8 67            [ 4]  882 	ld	h, a
   04B9 7E            [ 7]  883 	ld	a, (hl)
   04BA DD 6E FE      [19]  884 	ld	l, -2 (ix)
   04BD DD 66 FF      [19]  885 	ld	h, -1 (ix)
   04C0 6E            [ 7]  886 	ld	l, (hl)
   04C1 AD            [ 4]  887 	xor	a, l
   04C2 12            [ 7]  888 	ld	(de), a
                            889 ;aes_192.c:79: RoundKey[j + 1] = RoundKey[k + 1] ^ tempa[1];
   04C3 DD 5E FA      [19]  890 	ld	e, -6 (ix)
   04C6 DD 56 FB      [19]  891 	ld	d, -5 (ix)
   04C9 13            [ 6]  892 	inc	de
   04CA 7B            [ 4]  893 	ld	a, e
   04CB DD 86 04      [19]  894 	add	a, 4 (ix)
   04CE DD 77 FE      [19]  895 	ld	-2 (ix), a
   04D1 7A            [ 4]  896 	ld	a, d
   04D2 DD 8E 05      [19]  897 	adc	a, 5 (ix)
   04D5 DD 77 FF      [19]  898 	ld	-1 (ix), a
   04D8 DD 5E FC      [19]  899 	ld	e, -4 (ix)
   04DB DD 56 FD      [19]  900 	ld	d, -3 (ix)
   04DE 13            [ 6]  901 	inc	de
   04DF DD 6E 04      [19]  902 	ld	l, 4 (ix)
   04E2 DD 66 05      [19]  903 	ld	h, 5 (ix)
   04E5 19            [11]  904 	add	hl, de
   04E6 7E            [ 7]  905 	ld	a, (hl)
   04E7 DD 6E F4      [19]  906 	ld	l, -12 (ix)
   04EA DD 66 F5      [19]  907 	ld	h, -11 (ix)
   04ED 5E            [ 7]  908 	ld	e, (hl)
   04EE AB            [ 4]  909 	xor	a, e
   04EF DD 6E FE      [19]  910 	ld	l, -2 (ix)
   04F2 DD 66 FF      [19]  911 	ld	h, -1 (ix)
   04F5 77            [ 7]  912 	ld	(hl), a
                            913 ;aes_192.c:80: RoundKey[j + 2] = RoundKey[k + 2] ^ tempa[2];
   04F6 DD 5E FA      [19]  914 	ld	e, -6 (ix)
   04F9 DD 56 FB      [19]  915 	ld	d, -5 (ix)
   04FC 13            [ 6]  916 	inc	de
   04FD 13            [ 6]  917 	inc	de
   04FE 7B            [ 4]  918 	ld	a, e
   04FF DD 86 04      [19]  919 	add	a, 4 (ix)
   0502 DD 77 FE      [19]  920 	ld	-2 (ix), a
   0505 7A            [ 4]  921 	ld	a, d
   0506 DD 8E 05      [19]  922 	adc	a, 5 (ix)
   0509 DD 77 FF      [19]  923 	ld	-1 (ix), a
   050C DD 5E FC      [19]  924 	ld	e, -4 (ix)
   050F DD 56 FD      [19]  925 	ld	d, -3 (ix)
   0512 13            [ 6]  926 	inc	de
   0513 13            [ 6]  927 	inc	de
   0514 DD 6E 04      [19]  928 	ld	l, 4 (ix)
   0517 DD 66 05      [19]  929 	ld	h, 5 (ix)
   051A 19            [11]  930 	add	hl, de
   051B 7E            [ 7]  931 	ld	a, (hl)
   051C DD 6E F6      [19]  932 	ld	l, -10 (ix)
   051F DD 66 F7      [19]  933 	ld	h, -9 (ix)
   0522 5E            [ 7]  934 	ld	e, (hl)
   0523 AB            [ 4]  935 	xor	a, e
   0524 DD 6E FE      [19]  936 	ld	l, -2 (ix)
   0527 DD 66 FF      [19]  937 	ld	h, -1 (ix)
   052A 77            [ 7]  938 	ld	(hl), a
                            939 ;aes_192.c:81: RoundKey[j + 3] = RoundKey[k + 3] ^ tempa[3];
   052B DD 5E FA      [19]  940 	ld	e, -6 (ix)
   052E DD 56 FB      [19]  941 	ld	d, -5 (ix)
   0531 13            [ 6]  942 	inc	de
   0532 13            [ 6]  943 	inc	de
   0533 13            [ 6]  944 	inc	de
   0534 7B            [ 4]  945 	ld	a, e
   0535 DD 86 04      [19]  946 	add	a, 4 (ix)
   0538 DD 77 FE      [19]  947 	ld	-2 (ix), a
   053B 7A            [ 4]  948 	ld	a, d
   053C DD 8E 05      [19]  949 	adc	a, 5 (ix)
   053F DD 77 FF      [19]  950 	ld	-1 (ix), a
   0542 DD 5E FC      [19]  951 	ld	e, -4 (ix)
   0545 DD 56 FD      [19]  952 	ld	d, -3 (ix)
   0548 13            [ 6]  953 	inc	de
   0549 13            [ 6]  954 	inc	de
   054A 13            [ 6]  955 	inc	de
   054B DD 6E 04      [19]  956 	ld	l, 4 (ix)
   054E DD 66 05      [19]  957 	ld	h, 5 (ix)
   0551 19            [11]  958 	add	hl, de
   0552 7E            [ 7]  959 	ld	a, (hl)
   0553 DD 6E F8      [19]  960 	ld	l, -8 (ix)
   0556 DD 66 F9      [19]  961 	ld	h, -7 (ix)
   0559 5E            [ 7]  962 	ld	e, (hl)
   055A AB            [ 4]  963 	xor	a, e
   055B DD 6E FE      [19]  964 	ld	l, -2 (ix)
   055E DD 66 FF      [19]  965 	ld	h, -1 (ix)
   0561 77            [ 7]  966 	ld	(hl), a
                            967 ;aes_192.c:64: for (i = nk; i < 4 * (nr + 1); ++i) {
   0562 03            [ 6]  968 	inc	bc
   0563 C3r0Dr03      [10]  969 	jp	00109$
   0566                     970 00111$:
                            971 ;aes_192.c:83: }
   0566 DD F9         [10]  972 	ld	sp, ix
   0568 DD E1         [14]  973 	pop	ix
   056A C9            [10]  974 	ret
                            975 ;aes_192.c:86: void AES192_Encrypt(uint8_t* buffer, const uint8_t* key) {
                            976 ;	---------------------------------
                            977 ; Function AES192_Encrypt
                            978 ; ---------------------------------
   056B                     979 _AES192_Encrypt::
   056B DD E5         [15]  980 	push	ix
   056D DD 21 00 00   [14]  981 	ld	ix,#0
   0571 DD 39         [15]  982 	add	ix,sp
   0573 21 2D FF      [10]  983 	ld	hl, #-211
   0576 39            [11]  984 	add	hl, sp
   0577 F9            [ 6]  985 	ld	sp, hl
                            986 ;aes_192.c:88: KeyExpansion(RoundKey, key);
   0578 21 00 00      [10]  987 	ld	hl, #0
   057B 39            [11]  988 	add	hl, sp
   057C EB            [ 4]  989 	ex	de, hl
   057D 4B            [ 4]  990 	ld	c, e
   057E 42            [ 4]  991 	ld	b, d
   057F D5            [11]  992 	push	de
   0580 DD 6E 06      [19]  993 	ld	l, 6 (ix)
   0583 DD 66 07      [19]  994 	ld	h, 7 (ix)
   0586 E5            [11]  995 	push	hl
   0587 C5            [11]  996 	push	bc
   0588 CDrDAr02      [17]  997 	call	_KeyExpansion
   058B F1            [10]  998 	pop	af
   058C F1            [10]  999 	pop	af
   058D D1            [10] 1000 	pop	de
                           1001 ;aes_192.c:90: AddRoundKey(0, buffer, RoundKey); 
   058E 4B            [ 4] 1002 	ld	c, e
   058F 42            [ 4] 1003 	ld	b, d
   0590 D5            [11] 1004 	push	de
   0591 C5            [11] 1005 	push	bc
   0592 DD 6E 04      [19] 1006 	ld	l, 4 (ix)
   0595 DD 66 05      [19] 1007 	ld	h, 5 (ix)
   0598 E5            [11] 1008 	push	hl
   0599 AF            [ 4] 1009 	xor	a, a
   059A F5            [11] 1010 	push	af
   059B 33            [ 6] 1011 	inc	sp
   059C CDr05r00      [17] 1012 	call	_AddRoundKey
   059F F1            [10] 1013 	pop	af
   05A0 F1            [10] 1014 	pop	af
   05A1 33            [ 6] 1015 	inc	sp
   05A2 D1            [10] 1016 	pop	de
                           1017 ;aes_192.c:93: for (int round = 1; round < 12; ++round) {
   05A3 DD 73 FD      [19] 1018 	ld	-3 (ix), e
   05A6 DD 72 FE      [19] 1019 	ld	-2 (ix), d
   05A9 01 01 00      [10] 1020 	ld	bc, #0x0001
   05AC                    1021 00103$:
   05AC 79            [ 4] 1022 	ld	a, c
   05AD D6 0C         [ 7] 1023 	sub	a, #0x0c
   05AF 78            [ 4] 1024 	ld	a, b
   05B0 17            [ 4] 1025 	rla
   05B1 3F            [ 4] 1026 	ccf
   05B2 1F            [ 4] 1027 	rra
   05B3 DE 80         [ 7] 1028 	sbc	a, #0x80
   05B5 D2rFAr05      [10] 1029 	jp	NC, 00101$
                           1030 ;aes_192.c:94: SubBytes(buffer);
   05B8 C5            [11] 1031 	push	bc
   05B9 D5            [11] 1032 	push	de
   05BA DD 6E 04      [19] 1033 	ld	l, 4 (ix)
   05BD DD 66 05      [19] 1034 	ld	h, 5 (ix)
   05C0 E5            [11] 1035 	push	hl
   05C1 CDr63r01      [17] 1036 	call	_SubBytes
   05C4 F1            [10] 1037 	pop	af
   05C5 D1            [10] 1038 	pop	de
   05C6 C1            [10] 1039 	pop	bc
                           1040 ;aes_192.c:95: ShiftRows(buffer);
   05C7 C5            [11] 1041 	push	bc
   05C8 D5            [11] 1042 	push	de
   05C9 DD 6E 04      [19] 1043 	ld	l, 4 (ix)
   05CC DD 66 05      [19] 1044 	ld	h, 5 (ix)
   05CF E5            [11] 1045 	push	hl
   05D0 CDr96r01      [17] 1046 	call	_ShiftRows
   05D3 F1            [10] 1047 	pop	af
   05D4 D1            [10] 1048 	pop	de
   05D5 C1            [10] 1049 	pop	bc
                           1050 ;aes_192.c:96: AddRoundKey(round, buffer, RoundKey);
   05D6 DD 6E FD      [19] 1051 	ld	l, -3 (ix)
   05D9 DD 66 FE      [19] 1052 	ld	h, -2 (ix)
   05DC DD 71 FF      [19] 1053 	ld	-1 (ix), c
   05DF C5            [11] 1054 	push	bc
   05E0 D5            [11] 1055 	push	de
   05E1 E5            [11] 1056 	push	hl
   05E2 DD 6E 04      [19] 1057 	ld	l, 4 (ix)
   05E5 DD 66 05      [19] 1058 	ld	h, 5 (ix)
   05E8 E5            [11] 1059 	push	hl
   05E9 DD 7E FF      [19] 1060 	ld	a, -1 (ix)
   05EC F5            [11] 1061 	push	af
   05ED 33            [ 6] 1062 	inc	sp
   05EE CDr05r00      [17] 1063 	call	_AddRoundKey
   05F1 F1            [10] 1064 	pop	af
   05F2 F1            [10] 1065 	pop	af
   05F3 33            [ 6] 1066 	inc	sp
   05F4 D1            [10] 1067 	pop	de
   05F5 C1            [10] 1068 	pop	bc
                           1069 ;aes_192.c:93: for (int round = 1; round < 12; ++round) {
   05F6 03            [ 6] 1070 	inc	bc
   05F7 C3rACr05      [10] 1071 	jp	00103$
   05FA                    1072 00101$:
                           1073 ;aes_192.c:100: SubBytes(buffer);
   05FA D5            [11] 1074 	push	de
   05FB DD 6E 04      [19] 1075 	ld	l, 4 (ix)
   05FE DD 66 05      [19] 1076 	ld	h, 5 (ix)
   0601 E5            [11] 1077 	push	hl
   0602 CDr63r01      [17] 1078 	call	_SubBytes
   0605 F1            [10] 1079 	pop	af
   0606 D1            [10] 1080 	pop	de
                           1081 ;aes_192.c:101: ShiftRows(buffer);
   0607 D5            [11] 1082 	push	de
   0608 DD 6E 04      [19] 1083 	ld	l, 4 (ix)
   060B DD 66 05      [19] 1084 	ld	h, 5 (ix)
   060E E5            [11] 1085 	push	hl
   060F CDr96r01      [17] 1086 	call	_ShiftRows
   0612 F1            [10] 1087 	pop	af
   0613 D1            [10] 1088 	pop	de
                           1089 ;aes_192.c:102: AddRoundKey(12, buffer, RoundKey);
   0614 D5            [11] 1090 	push	de
   0615 DD 6E 04      [19] 1091 	ld	l, 4 (ix)
   0618 DD 66 05      [19] 1092 	ld	h, 5 (ix)
   061B E5            [11] 1093 	push	hl
   061C 3E 0C         [ 7] 1094 	ld	a, #0x0c
   061E F5            [11] 1095 	push	af
   061F 33            [ 6] 1096 	inc	sp
   0620 CDr05r00      [17] 1097 	call	_AddRoundKey
   0623 F1            [10] 1098 	pop	af
   0624 F1            [10] 1099 	pop	af
   0625 33            [ 6] 1100 	inc	sp
   0626                    1101 00105$:
                           1102 ;aes_192.c:103: }
   0626 DD F9         [10] 1103 	ld	sp, ix
   0628 DD E1         [14] 1104 	pop	ix
   062A C9            [10] 1105 	ret
                           1106 ;aes_192.c:105: int main() {
                           1107 ;	---------------------------------
                           1108 ; Function main
                           1109 ; ---------------------------------
   062B                    1110 _main::
   062B DD E5         [15] 1111 	push	ix
   062D DD 21 00 00   [14] 1112 	ld	ix,#0
   0631 DD 39         [15] 1113 	add	ix,sp
   0633 21 D8 FF      [10] 1114 	ld	hl, #-40
   0636 39            [11] 1115 	add	hl, sp
   0637 F9            [ 6] 1116 	ld	sp, hl
                           1117 ;aes_192.c:106: uint8_t data[16] = { 0x32, 0x43, 0xf6, 0xa8, 0x88, 0x5a, 0x30, 0x8d, 0x31, 0x31, 0x98, 0xa2, 0xe0, 0x37, 0x07, 0x34 };
   0638 21 00 00      [10] 1118 	ld	hl, #0
   063B 39            [11] 1119 	add	hl, sp
   063C 4D            [ 4] 1120 	ld	c, l
   063D 44            [ 4] 1121 	ld	b, h
   063E 3E 32         [ 7] 1122 	ld	a, #0x32
   0640 02            [ 7] 1123 	ld	(bc), a
   0641 69            [ 4] 1124 	ld	l, c
   0642 60            [ 4] 1125 	ld	h, b
   0643 23            [ 6] 1126 	inc	hl
   0644 36 43         [10] 1127 	ld	(hl), #0x43
   0646 69            [ 4] 1128 	ld	l, c
   0647 60            [ 4] 1129 	ld	h, b
   0648 23            [ 6] 1130 	inc	hl
   0649 23            [ 6] 1131 	inc	hl
   064A 36 F6         [10] 1132 	ld	(hl), #0xf6
   064C 69            [ 4] 1133 	ld	l, c
   064D 60            [ 4] 1134 	ld	h, b
   064E 23            [ 6] 1135 	inc	hl
   064F 23            [ 6] 1136 	inc	hl
   0650 23            [ 6] 1137 	inc	hl
   0651 36 A8         [10] 1138 	ld	(hl), #0xa8
   0653 21 04 00      [10] 1139 	ld	hl, #0x0004
   0656 09            [11] 1140 	add	hl, bc
   0657 36 88         [10] 1141 	ld	(hl), #0x88
   0659 21 05 00      [10] 1142 	ld	hl, #0x0005
   065C 09            [11] 1143 	add	hl, bc
   065D 36 5A         [10] 1144 	ld	(hl), #0x5a
   065F 21 06 00      [10] 1145 	ld	hl, #0x0006
   0662 09            [11] 1146 	add	hl, bc
   0663 36 30         [10] 1147 	ld	(hl), #0x30
   0665 21 07 00      [10] 1148 	ld	hl, #0x0007
   0668 09            [11] 1149 	add	hl, bc
   0669 36 8D         [10] 1150 	ld	(hl), #0x8d
   066B 21 08 00      [10] 1151 	ld	hl, #0x0008
   066E 09            [11] 1152 	add	hl, bc
   066F 36 31         [10] 1153 	ld	(hl), #0x31
   0671 21 09 00      [10] 1154 	ld	hl, #0x0009
   0674 09            [11] 1155 	add	hl, bc
   0675 36 31         [10] 1156 	ld	(hl), #0x31
   0677 21 0A 00      [10] 1157 	ld	hl, #0x000a
   067A 09            [11] 1158 	add	hl, bc
   067B 36 98         [10] 1159 	ld	(hl), #0x98
   067D 21 0B 00      [10] 1160 	ld	hl, #0x000b
   0680 09            [11] 1161 	add	hl, bc
   0681 36 A2         [10] 1162 	ld	(hl), #0xa2
   0683 21 0C 00      [10] 1163 	ld	hl, #0x000c
   0686 09            [11] 1164 	add	hl, bc
   0687 36 E0         [10] 1165 	ld	(hl), #0xe0
   0689 21 0D 00      [10] 1166 	ld	hl, #0x000d
   068C 09            [11] 1167 	add	hl, bc
   068D 36 37         [10] 1168 	ld	(hl), #0x37
   068F 21 0E 00      [10] 1169 	ld	hl, #0x000e
   0692 09            [11] 1170 	add	hl, bc
   0693 36 07         [10] 1171 	ld	(hl), #0x07
   0695 21 0F 00      [10] 1172 	ld	hl, #0x000f
   0698 09            [11] 1173 	add	hl, bc
   0699 36 34         [10] 1174 	ld	(hl), #0x34
                           1175 ;aes_192.c:107: uint8_t key[24] = { 
   069B 21 10 00      [10] 1176 	ld	hl, #16
   069E 39            [11] 1177 	add	hl, sp
   069F EB            [ 4] 1178 	ex	de, hl
   06A0 3E 8E         [ 7] 1179 	ld	a, #0x8e
   06A2 12            [ 7] 1180 	ld	(de), a
   06A3 6B            [ 4] 1181 	ld	l, e
   06A4 62            [ 4] 1182 	ld	h, d
   06A5 23            [ 6] 1183 	inc	hl
   06A6 36 73         [10] 1184 	ld	(hl), #0x73
   06A8 6B            [ 4] 1185 	ld	l, e
   06A9 62            [ 4] 1186 	ld	h, d
   06AA 23            [ 6] 1187 	inc	hl
   06AB 23            [ 6] 1188 	inc	hl
   06AC 36 B0         [10] 1189 	ld	(hl), #0xb0
   06AE 6B            [ 4] 1190 	ld	l, e
   06AF 62            [ 4] 1191 	ld	h, d
   06B0 23            [ 6] 1192 	inc	hl
   06B1 23            [ 6] 1193 	inc	hl
   06B2 23            [ 6] 1194 	inc	hl
   06B3 36 F7         [10] 1195 	ld	(hl), #0xf7
   06B5 21 04 00      [10] 1196 	ld	hl, #0x0004
   06B8 19            [11] 1197 	add	hl, de
   06B9 36 DA         [10] 1198 	ld	(hl), #0xda
   06BB 21 05 00      [10] 1199 	ld	hl, #0x0005
   06BE 19            [11] 1200 	add	hl, de
   06BF 36 0E         [10] 1201 	ld	(hl), #0x0e
   06C1 21 06 00      [10] 1202 	ld	hl, #0x0006
   06C4 19            [11] 1203 	add	hl, de
   06C5 36 64         [10] 1204 	ld	(hl), #0x64
   06C7 21 07 00      [10] 1205 	ld	hl, #0x0007
   06CA 19            [11] 1206 	add	hl, de
   06CB 36 52         [10] 1207 	ld	(hl), #0x52
   06CD 21 08 00      [10] 1208 	ld	hl, #0x0008
   06D0 19            [11] 1209 	add	hl, de
   06D1 36 C8         [10] 1210 	ld	(hl), #0xc8
   06D3 21 09 00      [10] 1211 	ld	hl, #0x0009
   06D6 19            [11] 1212 	add	hl, de
   06D7 36 10         [10] 1213 	ld	(hl), #0x10
   06D9 21 0A 00      [10] 1214 	ld	hl, #0x000a
   06DC 19            [11] 1215 	add	hl, de
   06DD 36 F3         [10] 1216 	ld	(hl), #0xf3
   06DF 21 0B 00      [10] 1217 	ld	hl, #0x000b
   06E2 19            [11] 1218 	add	hl, de
   06E3 36 2B         [10] 1219 	ld	(hl), #0x2b
   06E5 21 0C 00      [10] 1220 	ld	hl, #0x000c
   06E8 19            [11] 1221 	add	hl, de
   06E9 36 80         [10] 1222 	ld	(hl), #0x80
   06EB 21 0D 00      [10] 1223 	ld	hl, #0x000d
   06EE 19            [11] 1224 	add	hl, de
   06EF 36 90         [10] 1225 	ld	(hl), #0x90
   06F1 21 0E 00      [10] 1226 	ld	hl, #0x000e
   06F4 19            [11] 1227 	add	hl, de
   06F5 36 79         [10] 1228 	ld	(hl), #0x79
   06F7 21 0F 00      [10] 1229 	ld	hl, #0x000f
   06FA 19            [11] 1230 	add	hl, de
   06FB 36 E5         [10] 1231 	ld	(hl), #0xe5
   06FD 21 10 00      [10] 1232 	ld	hl, #0x0010
   0700 19            [11] 1233 	add	hl, de
   0701 36 62         [10] 1234 	ld	(hl), #0x62
   0703 21 11 00      [10] 1235 	ld	hl, #0x0011
   0706 19            [11] 1236 	add	hl, de
   0707 36 F8         [10] 1237 	ld	(hl), #0xf8
   0709 21 12 00      [10] 1238 	ld	hl, #0x0012
   070C 19            [11] 1239 	add	hl, de
   070D 36 EA         [10] 1240 	ld	(hl), #0xea
   070F 21 13 00      [10] 1241 	ld	hl, #0x0013
   0712 19            [11] 1242 	add	hl, de
   0713 36 D2         [10] 1243 	ld	(hl), #0xd2
   0715 21 14 00      [10] 1244 	ld	hl, #0x0014
   0718 19            [11] 1245 	add	hl, de
   0719 36 52         [10] 1246 	ld	(hl), #0x52
   071B 21 15 00      [10] 1247 	ld	hl, #0x0015
   071E 19            [11] 1248 	add	hl, de
   071F 36 2C         [10] 1249 	ld	(hl), #0x2c
   0721 21 16 00      [10] 1250 	ld	hl, #0x0016
   0724 19            [11] 1251 	add	hl, de
   0725 36 6B         [10] 1252 	ld	(hl), #0x6b
   0727 21 17 00      [10] 1253 	ld	hl, #0x0017
   072A 19            [11] 1254 	add	hl, de
   072B 36 7B         [10] 1255 	ld	(hl), #0x7b
                           1256 ;aes_192.c:112: printf("--- Running AES-192 ---\n");
   072D C5            [11] 1257 	push	bc
   072E D5            [11] 1258 	push	de
   072F 21r85r07      [10] 1259 	ld	hl, #___str_1
   0732 E5            [11] 1260 	push	hl
   0733 CDr00r00      [17] 1261 	call	_puts
   0736 F1            [10] 1262 	pop	af
   0737 D1            [10] 1263 	pop	de
   0738 C1            [10] 1264 	pop	bc
                           1265 ;aes_192.c:113: AES192_Encrypt(data, key);
   0739 69            [ 4] 1266 	ld	l, c
   073A 60            [ 4] 1267 	ld	h, b
   073B C5            [11] 1268 	push	bc
   073C D5            [11] 1269 	push	de
   073D E5            [11] 1270 	push	hl
   073E CDr6Br05      [17] 1271 	call	_AES192_Encrypt
   0741 F1            [10] 1272 	pop	af
   0742 F1            [10] 1273 	pop	af
   0743 C1            [10] 1274 	pop	bc
                           1275 ;aes_192.c:115: printf("Encrypted: ");
   0744 C5            [11] 1276 	push	bc
   0745 21r9Dr07      [10] 1277 	ld	hl, #___str_2
   0748 E5            [11] 1278 	push	hl
   0749 CDr00r00      [17] 1279 	call	_printf
   074C F1            [10] 1280 	pop	af
   074D C1            [10] 1281 	pop	bc
                           1282 ;aes_192.c:116: for(int i=0; i<16; i++) printf("%02x ", data[i]);
   074E 11 00 00      [10] 1283 	ld	de, #0x0000
   0751                    1284 00103$:
   0751 7B            [ 4] 1285 	ld	a, e
   0752 D6 10         [ 7] 1286 	sub	a, #0x10
   0754 7A            [ 4] 1287 	ld	a, d
   0755 17            [ 4] 1288 	rla
   0756 3F            [ 4] 1289 	ccf
   0757 1F            [ 4] 1290 	rra
   0758 DE 80         [ 7] 1291 	sbc	a, #0x80
   075A D2r75r07      [10] 1292 	jp	NC, 00101$
   075D 69            [ 4] 1293 	ld	l, c
   075E 60            [ 4] 1294 	ld	h, b
   075F 19            [11] 1295 	add	hl, de
   0760 6E            [ 7] 1296 	ld	l, (hl)
   0761 26 00         [ 7] 1297 	ld	h, #0x00
   0763 C5            [11] 1298 	push	bc
   0764 D5            [11] 1299 	push	de
   0765 E5            [11] 1300 	push	hl
   0766 21rA9r07      [10] 1301 	ld	hl, #___str_3
   0769 E5            [11] 1302 	push	hl
   076A CDr00r00      [17] 1303 	call	_printf
   076D F1            [10] 1304 	pop	af
   076E F1            [10] 1305 	pop	af
   076F D1            [10] 1306 	pop	de
   0770 C1            [10] 1307 	pop	bc
   0771 13            [ 6] 1308 	inc	de
   0772 C3r51r07      [10] 1309 	jp	00103$
   0775                    1310 00101$:
                           1311 ;aes_192.c:117: printf("\n");
   0775 21rAFr07      [10] 1312 	ld	hl, #___str_5
   0778 E5            [11] 1313 	push	hl
   0779 CDr00r00      [17] 1314 	call	_puts
   077C F1            [10] 1315 	pop	af
                           1316 ;aes_192.c:119: return 0;
   077D 21 00 00      [10] 1317 	ld	hl, #0x0000
   0780                    1318 00105$:
                           1319 ;aes_192.c:120: }
   0780 DD F9         [10] 1320 	ld	sp, ix
   0782 DD E1         [14] 1321 	pop	ix
   0784 C9            [10] 1322 	ret
   0785                    1323 ___str_1:
   0785 2D 2D 2D 20 52 75  1324 	.ascii "--- Running AES-192 ---"
        6E 6E 69 6E 67 20
        41 45 53 2D 31 39
        32 20 2D 2D 2D
   079C 00                 1325 	.db 0x00
   079D                    1326 ___str_2:
   079D 45 6E 63 72 79 70  1327 	.ascii "Encrypted: "
        74 65 64 3A 20
   07A8 00                 1328 	.db 0x00
   07A9                    1329 ___str_3:
   07A9 25 30 32 78 20     1330 	.ascii "%02x "
   07AE 00                 1331 	.db 0x00
   07AF                    1332 ___str_5:
   07AF 00                 1333 	.db 0x00
                           1334 	.area _CODE
                           1335 	.area _INITIALIZER
                           1336 	.area _CABS (ABS)
