                              1 ;--------------------------------------------------------
                              2 ; File Created by SDCC : free open source ANSI-C Compiler
                              3 ; Version 4.0.0 #11528 (Linux)
                              4 ;--------------------------------------------------------
                              5 	.module aes_192
                              6 	.optsdcc -mz80
                              7 	
                              8 ;--------------------------------------------------------
                              9 ; Public variables in this module
                             10 ;--------------------------------------------------------
                             11 	.globl _main
                             12 	.globl _AES192_Encrypt
                             13 	.globl _KeyExpansion
                             14 	.globl _ShiftRows
                             15 	.globl _SubBytes
                             16 	.globl _AddRoundKey
                             17 	.globl _puts
                             18 	.globl _printf
                             19 	.globl _putchar
                             20 ;--------------------------------------------------------
                             21 ; special function registers
                             22 ;--------------------------------------------------------
                             23 ;--------------------------------------------------------
                             24 ; ram data
                             25 ;--------------------------------------------------------
                             26 	.area _DATA
                             27 ;--------------------------------------------------------
                             28 ; ram data
                             29 ;--------------------------------------------------------
                             30 	.area _INITIALIZED
                             31 ;--------------------------------------------------------
                             32 ; absolute external ram data
                             33 ;--------------------------------------------------------
                             34 	.area _DABS (ABS)
                             35 ;--------------------------------------------------------
                             36 ; global & static initialisations
                             37 ;--------------------------------------------------------
                             38 	.area _HOME
                             39 	.area _GSINIT
                             40 	.area _GSFINAL
                             41 	.area _GSINIT
                             42 ;--------------------------------------------------------
                             43 ; Home
                             44 ;--------------------------------------------------------
                             45 	.area _HOME
                             46 	.area _HOME
                             47 ;--------------------------------------------------------
                             48 ; code
                             49 ;--------------------------------------------------------
                             50 	.area _CODE
                             51 ;aes_192.c:6: int putchar(int c) {
                             52 ;	---------------------------------
                             53 ; Function putchar
                             54 ; ---------------------------------
   0000                      55 _putchar::
                             56 ;aes_192.c:7: return c;
   0000 C1            [10]   57 	pop	bc
   0001 E1            [10]   58 	pop	hl
   0002 E5            [11]   59 	push	hl
   0003 C5            [11]   60 	push	bc
                             61 ;aes_192.c:8: }
   0004 C9            [10]   62 	ret
                             63 ;aes_192.c:35: void AddRoundKey(uint8_t round, uint8_t* state, const uint8_t* RoundKey) {
                             64 ;	---------------------------------
                             65 ; Function AddRoundKey
                             66 ; ---------------------------------
   0005                      67 _AddRoundKey::
   0005 DD E5         [15]   68 	push	ix
   0007 DD 21 00 00   [14]   69 	ld	ix,#0
   000B DD 39         [15]   70 	add	ix,sp
   000D F5            [11]   71 	push	af
   000E 3B            [ 6]   72 	dec	sp
                             73 ;aes_192.c:36: for (int i = 0; i < 16; ++i) state[i] ^= RoundKey[(round * 16) + i];
   000F 01 00 00      [10]   74 	ld	bc, #0x0000
   0012                      75 00103$:
   0012 79            [ 4]   76 	ld	a, c
   0013 D6 10         [ 7]   77 	sub	a, #0x10
   0015 78            [ 4]   78 	ld	a, b
   0016 17            [ 4]   79 	rla
   0017 3F            [ 4]   80 	ccf
   0018 1F            [ 4]   81 	rra
   0019 DE 80         [ 7]   82 	sbc	a, #0x80
   001B 30 34         [12]   83 	jr	NC,00105$
   001D DD 7E 05      [19]   84 	ld	a, 5 (ix)
   0020 81            [ 4]   85 	add	a, c
   0021 5F            [ 4]   86 	ld	e, a
   0022 DD 7E 06      [19]   87 	ld	a, 6 (ix)
   0025 88            [ 4]   88 	adc	a, b
   0026 57            [ 4]   89 	ld	d, a
   0027 1A            [ 7]   90 	ld	a, (de)
   0028 DD 77 FD      [19]   91 	ld	-3 (ix), a
   002B DD 6E 04      [19]   92 	ld	l, 4 (ix)
   002E 26 00         [ 7]   93 	ld	h, #0x00
   0030 29            [11]   94 	add	hl, hl
   0031 29            [11]   95 	add	hl, hl
   0032 29            [11]   96 	add	hl, hl
   0033 29            [11]   97 	add	hl, hl
   0034 09            [11]   98 	add	hl, bc
   0035 DD 75 FE      [19]   99 	ld	-2 (ix), l
   0038 DD 74 FF      [19]  100 	ld	-1 (ix), h
   003B DD 7E FE      [19]  101 	ld	a, -2 (ix)
   003E DD 86 07      [19]  102 	add	a, 7 (ix)
   0041 6F            [ 4]  103 	ld	l, a
   0042 DD 7E FF      [19]  104 	ld	a, -1 (ix)
   0045 DD 8E 08      [19]  105 	adc	a, 8 (ix)
   0048 67            [ 4]  106 	ld	h, a
   0049 7E            [ 7]  107 	ld	a, (hl)
   004A DD AE FD      [19]  108 	xor	a, -3 (ix)
   004D 12            [ 7]  109 	ld	(de), a
   004E 03            [ 6]  110 	inc	bc
   004F 18 C1         [12]  111 	jr	00103$
   0051                     112 00105$:
                            113 ;aes_192.c:37: }
   0051 DD F9         [10]  114 	ld	sp, ix
   0053 DD E1         [14]  115 	pop	ix
   0055 C9            [10]  116 	ret
   0056                     117 _sbox:
   0056 63                  118 	.db #0x63	; 99	'c'
   0057 7C                  119 	.db #0x7c	; 124
   0058 77                  120 	.db #0x77	; 119	'w'
   0059 7B                  121 	.db #0x7b	; 123
   005A F2                  122 	.db #0xf2	; 242
   005B 6B                  123 	.db #0x6b	; 107	'k'
   005C 6F                  124 	.db #0x6f	; 111	'o'
   005D C5                  125 	.db #0xc5	; 197
   005E 30                  126 	.db #0x30	; 48	'0'
   005F 01                  127 	.db #0x01	; 1
   0060 67                  128 	.db #0x67	; 103	'g'
   0061 2B                  129 	.db #0x2b	; 43
   0062 FE                  130 	.db #0xfe	; 254
   0063 D7                  131 	.db #0xd7	; 215
   0064 AB                  132 	.db #0xab	; 171
   0065 76                  133 	.db #0x76	; 118	'v'
   0066 CA                  134 	.db #0xca	; 202
   0067 82                  135 	.db #0x82	; 130
   0068 C9                  136 	.db #0xc9	; 201
   0069 7D                  137 	.db #0x7d	; 125
   006A FA                  138 	.db #0xfa	; 250
   006B 59                  139 	.db #0x59	; 89	'Y'
   006C 47                  140 	.db #0x47	; 71	'G'
   006D F0                  141 	.db #0xf0	; 240
   006E AD                  142 	.db #0xad	; 173
   006F D4                  143 	.db #0xd4	; 212
   0070 A2                  144 	.db #0xa2	; 162
   0071 AF                  145 	.db #0xaf	; 175
   0072 9C                  146 	.db #0x9c	; 156
   0073 A4                  147 	.db #0xa4	; 164
   0074 72                  148 	.db #0x72	; 114	'r'
   0075 C0                  149 	.db #0xc0	; 192
   0076 B7                  150 	.db #0xb7	; 183
   0077 FD                  151 	.db #0xfd	; 253
   0078 93                  152 	.db #0x93	; 147
   0079 26                  153 	.db #0x26	; 38
   007A 36                  154 	.db #0x36	; 54	'6'
   007B 3F                  155 	.db #0x3f	; 63
   007C F7                  156 	.db #0xf7	; 247
   007D CC                  157 	.db #0xcc	; 204
   007E 34                  158 	.db #0x34	; 52	'4'
   007F A5                  159 	.db #0xa5	; 165
   0080 E5                  160 	.db #0xe5	; 229
   0081 F1                  161 	.db #0xf1	; 241
   0082 71                  162 	.db #0x71	; 113	'q'
   0083 D8                  163 	.db #0xd8	; 216
   0084 31                  164 	.db #0x31	; 49	'1'
   0085 15                  165 	.db #0x15	; 21
   0086 04                  166 	.db #0x04	; 4
   0087 C7                  167 	.db #0xc7	; 199
   0088 23                  168 	.db #0x23	; 35
   0089 C3                  169 	.db #0xc3	; 195
   008A 18                  170 	.db #0x18	; 24
   008B 96                  171 	.db #0x96	; 150
   008C 05                  172 	.db #0x05	; 5
   008D 9A                  173 	.db #0x9a	; 154
   008E 07                  174 	.db #0x07	; 7
   008F 12                  175 	.db #0x12	; 18
   0090 80                  176 	.db #0x80	; 128
   0091 E2                  177 	.db #0xe2	; 226
   0092 EB                  178 	.db #0xeb	; 235
   0093 27                  179 	.db #0x27	; 39
   0094 B2                  180 	.db #0xb2	; 178
   0095 75                  181 	.db #0x75	; 117	'u'
   0096 09                  182 	.db #0x09	; 9
   0097 83                  183 	.db #0x83	; 131
   0098 2C                  184 	.db #0x2c	; 44
   0099 1A                  185 	.db #0x1a	; 26
   009A 1B                  186 	.db #0x1b	; 27
   009B 6E                  187 	.db #0x6e	; 110	'n'
   009C 5A                  188 	.db #0x5a	; 90	'Z'
   009D A0                  189 	.db #0xa0	; 160
   009E 52                  190 	.db #0x52	; 82	'R'
   009F 3B                  191 	.db #0x3b	; 59
   00A0 D6                  192 	.db #0xd6	; 214
   00A1 B3                  193 	.db #0xb3	; 179
   00A2 29                  194 	.db #0x29	; 41
   00A3 E3                  195 	.db #0xe3	; 227
   00A4 2F                  196 	.db #0x2f	; 47
   00A5 84                  197 	.db #0x84	; 132
   00A6 53                  198 	.db #0x53	; 83	'S'
   00A7 D1                  199 	.db #0xd1	; 209
   00A8 00                  200 	.db #0x00	; 0
   00A9 ED                  201 	.db #0xed	; 237
   00AA 20                  202 	.db #0x20	; 32
   00AB FC                  203 	.db #0xfc	; 252
   00AC B1                  204 	.db #0xb1	; 177
   00AD 5B                  205 	.db #0x5b	; 91
   00AE 6A                  206 	.db #0x6a	; 106	'j'
   00AF CB                  207 	.db #0xcb	; 203
   00B0 BE                  208 	.db #0xbe	; 190
   00B1 39                  209 	.db #0x39	; 57	'9'
   00B2 4A                  210 	.db #0x4a	; 74	'J'
   00B3 4C                  211 	.db #0x4c	; 76	'L'
   00B4 58                  212 	.db #0x58	; 88	'X'
   00B5 CF                  213 	.db #0xcf	; 207
   00B6 D0                  214 	.db #0xd0	; 208
   00B7 EF                  215 	.db #0xef	; 239
   00B8 AA                  216 	.db #0xaa	; 170
   00B9 FB                  217 	.db #0xfb	; 251
   00BA 43                  218 	.db #0x43	; 67	'C'
   00BB 4D                  219 	.db #0x4d	; 77	'M'
   00BC 33                  220 	.db #0x33	; 51	'3'
   00BD 85                  221 	.db #0x85	; 133
   00BE 45                  222 	.db #0x45	; 69	'E'
   00BF F9                  223 	.db #0xf9	; 249
   00C0 02                  224 	.db #0x02	; 2
   00C1 7F                  225 	.db #0x7f	; 127
   00C2 50                  226 	.db #0x50	; 80	'P'
   00C3 3C                  227 	.db #0x3c	; 60
   00C4 9F                  228 	.db #0x9f	; 159
   00C5 A8                  229 	.db #0xa8	; 168
   00C6 51                  230 	.db #0x51	; 81	'Q'
   00C7 A3                  231 	.db #0xa3	; 163
   00C8 40                  232 	.db #0x40	; 64
   00C9 8F                  233 	.db #0x8f	; 143
   00CA 92                  234 	.db #0x92	; 146
   00CB 9D                  235 	.db #0x9d	; 157
   00CC 38                  236 	.db #0x38	; 56	'8'
   00CD F5                  237 	.db #0xf5	; 245
   00CE BC                  238 	.db #0xbc	; 188
   00CF B6                  239 	.db #0xb6	; 182
   00D0 DA                  240 	.db #0xda	; 218
   00D1 21                  241 	.db #0x21	; 33
   00D2 10                  242 	.db #0x10	; 16
   00D3 FF                  243 	.db #0xff	; 255
   00D4 F3                  244 	.db #0xf3	; 243
   00D5 D2                  245 	.db #0xd2	; 210
   00D6 CD                  246 	.db #0xcd	; 205
   00D7 0C                  247 	.db #0x0c	; 12
   00D8 13                  248 	.db #0x13	; 19
   00D9 EC                  249 	.db #0xec	; 236
   00DA 5F                  250 	.db #0x5f	; 95
   00DB 97                  251 	.db #0x97	; 151
   00DC 44                  252 	.db #0x44	; 68	'D'
   00DD 17                  253 	.db #0x17	; 23
   00DE C4                  254 	.db #0xc4	; 196
   00DF A7                  255 	.db #0xa7	; 167
   00E0 7E                  256 	.db #0x7e	; 126
   00E1 3D                  257 	.db #0x3d	; 61
   00E2 64                  258 	.db #0x64	; 100	'd'
   00E3 5D                  259 	.db #0x5d	; 93
   00E4 19                  260 	.db #0x19	; 25
   00E5 73                  261 	.db #0x73	; 115	's'
   00E6 60                  262 	.db #0x60	; 96
   00E7 81                  263 	.db #0x81	; 129
   00E8 4F                  264 	.db #0x4f	; 79	'O'
   00E9 DC                  265 	.db #0xdc	; 220
   00EA 22                  266 	.db #0x22	; 34
   00EB 2A                  267 	.db #0x2a	; 42
   00EC 90                  268 	.db #0x90	; 144
   00ED 88                  269 	.db #0x88	; 136
   00EE 46                  270 	.db #0x46	; 70	'F'
   00EF EE                  271 	.db #0xee	; 238
   00F0 B8                  272 	.db #0xb8	; 184
   00F1 14                  273 	.db #0x14	; 20
   00F2 DE                  274 	.db #0xde	; 222
   00F3 5E                  275 	.db #0x5e	; 94
   00F4 0B                  276 	.db #0x0b	; 11
   00F5 DB                  277 	.db #0xdb	; 219
   00F6 E0                  278 	.db #0xe0	; 224
   00F7 32                  279 	.db #0x32	; 50	'2'
   00F8 3A                  280 	.db #0x3a	; 58
   00F9 0A                  281 	.db #0x0a	; 10
   00FA 49                  282 	.db #0x49	; 73	'I'
   00FB 06                  283 	.db #0x06	; 6
   00FC 24                  284 	.db #0x24	; 36
   00FD 5C                  285 	.db #0x5c	; 92
   00FE C2                  286 	.db #0xc2	; 194
   00FF D3                  287 	.db #0xd3	; 211
   0100 AC                  288 	.db #0xac	; 172
   0101 62                  289 	.db #0x62	; 98	'b'
   0102 91                  290 	.db #0x91	; 145
   0103 95                  291 	.db #0x95	; 149
   0104 E4                  292 	.db #0xe4	; 228
   0105 79                  293 	.db #0x79	; 121	'y'
   0106 E7                  294 	.db #0xe7	; 231
   0107 C8                  295 	.db #0xc8	; 200
   0108 37                  296 	.db #0x37	; 55	'7'
   0109 6D                  297 	.db #0x6d	; 109	'm'
   010A 8D                  298 	.db #0x8d	; 141
   010B D5                  299 	.db #0xd5	; 213
   010C 4E                  300 	.db #0x4e	; 78	'N'
   010D A9                  301 	.db #0xa9	; 169
   010E 6C                  302 	.db #0x6c	; 108	'l'
   010F 56                  303 	.db #0x56	; 86	'V'
   0110 F4                  304 	.db #0xf4	; 244
   0111 EA                  305 	.db #0xea	; 234
   0112 65                  306 	.db #0x65	; 101	'e'
   0113 7A                  307 	.db #0x7a	; 122	'z'
   0114 AE                  308 	.db #0xae	; 174
   0115 08                  309 	.db #0x08	; 8
   0116 BA                  310 	.db #0xba	; 186
   0117 78                  311 	.db #0x78	; 120	'x'
   0118 25                  312 	.db #0x25	; 37
   0119 2E                  313 	.db #0x2e	; 46
   011A 1C                  314 	.db #0x1c	; 28
   011B A6                  315 	.db #0xa6	; 166
   011C B4                  316 	.db #0xb4	; 180
   011D C6                  317 	.db #0xc6	; 198
   011E E8                  318 	.db #0xe8	; 232
   011F DD                  319 	.db #0xdd	; 221
   0120 74                  320 	.db #0x74	; 116	't'
   0121 1F                  321 	.db #0x1f	; 31
   0122 4B                  322 	.db #0x4b	; 75	'K'
   0123 BD                  323 	.db #0xbd	; 189
   0124 8B                  324 	.db #0x8b	; 139
   0125 8A                  325 	.db #0x8a	; 138
   0126 70                  326 	.db #0x70	; 112	'p'
   0127 3E                  327 	.db #0x3e	; 62
   0128 B5                  328 	.db #0xb5	; 181
   0129 66                  329 	.db #0x66	; 102	'f'
   012A 48                  330 	.db #0x48	; 72	'H'
   012B 03                  331 	.db #0x03	; 3
   012C F6                  332 	.db #0xf6	; 246
   012D 0E                  333 	.db #0x0e	; 14
   012E 61                  334 	.db #0x61	; 97	'a'
   012F 35                  335 	.db #0x35	; 53	'5'
   0130 57                  336 	.db #0x57	; 87	'W'
   0131 B9                  337 	.db #0xb9	; 185
   0132 86                  338 	.db #0x86	; 134
   0133 C1                  339 	.db #0xc1	; 193
   0134 1D                  340 	.db #0x1d	; 29
   0135 9E                  341 	.db #0x9e	; 158
   0136 E1                  342 	.db #0xe1	; 225
   0137 F8                  343 	.db #0xf8	; 248
   0138 98                  344 	.db #0x98	; 152
   0139 11                  345 	.db #0x11	; 17
   013A 69                  346 	.db #0x69	; 105	'i'
   013B D9                  347 	.db #0xd9	; 217
   013C 8E                  348 	.db #0x8e	; 142
   013D 94                  349 	.db #0x94	; 148
   013E 9B                  350 	.db #0x9b	; 155
   013F 1E                  351 	.db #0x1e	; 30
   0140 87                  352 	.db #0x87	; 135
   0141 E9                  353 	.db #0xe9	; 233
   0142 CE                  354 	.db #0xce	; 206
   0143 55                  355 	.db #0x55	; 85	'U'
   0144 28                  356 	.db #0x28	; 40
   0145 DF                  357 	.db #0xdf	; 223
   0146 8C                  358 	.db #0x8c	; 140
   0147 A1                  359 	.db #0xa1	; 161
   0148 89                  360 	.db #0x89	; 137
   0149 0D                  361 	.db #0x0d	; 13
   014A BF                  362 	.db #0xbf	; 191
   014B E6                  363 	.db #0xe6	; 230
   014C 42                  364 	.db #0x42	; 66	'B'
   014D 68                  365 	.db #0x68	; 104	'h'
   014E 41                  366 	.db #0x41	; 65	'A'
   014F 99                  367 	.db #0x99	; 153
   0150 2D                  368 	.db #0x2d	; 45
   0151 0F                  369 	.db #0x0f	; 15
   0152 B0                  370 	.db #0xb0	; 176
   0153 54                  371 	.db #0x54	; 84	'T'
   0154 BB                  372 	.db #0xbb	; 187
   0155 16                  373 	.db #0x16	; 22
   0156                     374 _Rcon:
   0156 8D                  375 	.db #0x8d	; 141
   0157 01                  376 	.db #0x01	; 1
   0158 02                  377 	.db #0x02	; 2
   0159 04                  378 	.db #0x04	; 4
   015A 08                  379 	.db #0x08	; 8
   015B 10                  380 	.db #0x10	; 16
   015C 20                  381 	.db #0x20	; 32
   015D 40                  382 	.db #0x40	; 64
   015E 80                  383 	.db #0x80	; 128
   015F 1B                  384 	.db #0x1b	; 27
   0160 36                  385 	.db #0x36	; 54	'6'
                            386 ;aes_192.c:39: void SubBytes(uint8_t* state) {
                            387 ;	---------------------------------
                            388 ; Function SubBytes
                            389 ; ---------------------------------
   0161                     390 _SubBytes::
   0161 DD E5         [15]  391 	push	ix
   0163 DD 21 00 00   [14]  392 	ld	ix,#0
   0167 DD 39         [15]  393 	add	ix,sp
                            394 ;aes_192.c:40: for (int i = 0; i < 16; ++i) state[i] = sbox[state[i]];
   0169 01 00 00      [10]  395 	ld	bc, #0x0000
   016C                     396 00103$:
   016C 79            [ 4]  397 	ld	a, c
   016D D6 10         [ 7]  398 	sub	a, #0x10
   016F 78            [ 4]  399 	ld	a, b
   0170 17            [ 4]  400 	rla
   0171 3F            [ 4]  401 	ccf
   0172 1F            [ 4]  402 	rra
   0173 DE 80         [ 7]  403 	sbc	a, #0x80
   0175 30 18         [12]  404 	jr	NC,00105$
   0177 DD 7E 04      [19]  405 	ld	a, 4 (ix)
   017A 81            [ 4]  406 	add	a, c
   017B 5F            [ 4]  407 	ld	e, a
   017C DD 7E 05      [19]  408 	ld	a, 5 (ix)
   017F 88            [ 4]  409 	adc	a, b
   0180 57            [ 4]  410 	ld	d, a
   0181 1A            [ 7]  411 	ld	a, (de)
   0182 C6r56         [ 7]  412 	add	a, #<(_sbox)
   0184 6F            [ 4]  413 	ld	l, a
   0185 3E 00         [ 7]  414 	ld	a, #0x00
   0187 CEs00         [ 7]  415 	adc	a, #>(_sbox)
   0189 67            [ 4]  416 	ld	h, a
   018A 7E            [ 7]  417 	ld	a, (hl)
   018B 12            [ 7]  418 	ld	(de), a
   018C 03            [ 6]  419 	inc	bc
   018D 18 DD         [12]  420 	jr	00103$
   018F                     421 00105$:
                            422 ;aes_192.c:41: }
   018F DD E1         [14]  423 	pop	ix
   0191 C9            [10]  424 	ret
                            425 ;aes_192.c:43: void ShiftRows(uint8_t* state) {
                            426 ;	---------------------------------
                            427 ; Function ShiftRows
                            428 ; ---------------------------------
   0192                     429 _ShiftRows::
   0192 DD E5         [15]  430 	push	ix
   0194 DD 21 00 00   [14]  431 	ld	ix,#0
   0198 DD 39         [15]  432 	add	ix,sp
   019A 21 EE FF      [10]  433 	ld	hl, #-18
   019D 39            [11]  434 	add	hl, sp
   019E F9            [ 6]  435 	ld	sp, hl
                            436 ;aes_192.c:45: temp[0] = state[0];  temp[1] = state[5];  temp[2] = state[10]; temp[3] = state[15];
   019F 21 00 00      [10]  437 	ld	hl, #0
   01A2 39            [11]  438 	add	hl, sp
   01A3 4D            [ 4]  439 	ld	c, l
   01A4 44            [ 4]  440 	ld	b, h
   01A5 DD 7E 04      [19]  441 	ld	a, 4 (ix)
   01A8 DD 77 FE      [19]  442 	ld	-2 (ix), a
   01AB DD 7E 05      [19]  443 	ld	a, 5 (ix)
   01AE DD 77 FF      [19]  444 	ld	-1 (ix), a
   01B1 DD 6E FE      [19]  445 	ld	l, -2 (ix)
   01B4 DD 66 FF      [19]  446 	ld	h, -1 (ix)
   01B7 7E            [ 7]  447 	ld	a, (hl)
   01B8 02            [ 7]  448 	ld	(bc), a
   01B9 59            [ 4]  449 	ld	e, c
   01BA 50            [ 4]  450 	ld	d, b
   01BB 13            [ 6]  451 	inc	de
   01BC DD 6E FE      [19]  452 	ld	l, -2 (ix)
   01BF DD 66 FF      [19]  453 	ld	h, -1 (ix)
   01C2 23            [ 6]  454 	inc	hl
   01C3 23            [ 6]  455 	inc	hl
   01C4 23            [ 6]  456 	inc	hl
   01C5 23            [ 6]  457 	inc	hl
   01C6 23            [ 6]  458 	inc	hl
   01C7 7E            [ 7]  459 	ld	a, (hl)
   01C8 12            [ 7]  460 	ld	(de), a
   01C9 59            [ 4]  461 	ld	e, c
   01CA 50            [ 4]  462 	ld	d, b
   01CB 13            [ 6]  463 	inc	de
   01CC 13            [ 6]  464 	inc	de
   01CD DD 6E FE      [19]  465 	ld	l, -2 (ix)
   01D0 DD 66 FF      [19]  466 	ld	h, -1 (ix)
   01D3 C5            [11]  467 	push	bc
   01D4 01 0A 00      [10]  468 	ld	bc, #0x000a
   01D7 09            [11]  469 	add	hl, bc
   01D8 C1            [10]  470 	pop	bc
   01D9 7E            [ 7]  471 	ld	a, (hl)
   01DA 12            [ 7]  472 	ld	(de), a
   01DB 59            [ 4]  473 	ld	e, c
   01DC 50            [ 4]  474 	ld	d, b
   01DD 13            [ 6]  475 	inc	de
   01DE 13            [ 6]  476 	inc	de
   01DF 13            [ 6]  477 	inc	de
   01E0 DD 6E FE      [19]  478 	ld	l, -2 (ix)
   01E3 DD 66 FF      [19]  479 	ld	h, -1 (ix)
   01E6 C5            [11]  480 	push	bc
   01E7 01 0F 00      [10]  481 	ld	bc, #0x000f
   01EA 09            [11]  482 	add	hl, bc
   01EB C1            [10]  483 	pop	bc
   01EC 7E            [ 7]  484 	ld	a, (hl)
   01ED 12            [ 7]  485 	ld	(de), a
                            486 ;aes_192.c:46: temp[4] = state[4];  temp[5] = state[9];  temp[6] = state[14]; temp[7] = state[3];
   01EE 21 04 00      [10]  487 	ld	hl, #0x0004
   01F1 09            [11]  488 	add	hl, bc
   01F2 EB            [ 4]  489 	ex	de, hl
   01F3 DD 6E FE      [19]  490 	ld	l, -2 (ix)
   01F6 DD 66 FF      [19]  491 	ld	h, -1 (ix)
   01F9 23            [ 6]  492 	inc	hl
   01FA 23            [ 6]  493 	inc	hl
   01FB 23            [ 6]  494 	inc	hl
   01FC 23            [ 6]  495 	inc	hl
   01FD 7E            [ 7]  496 	ld	a, (hl)
   01FE 12            [ 7]  497 	ld	(de), a
   01FF 21 05 00      [10]  498 	ld	hl, #0x0005
   0202 09            [11]  499 	add	hl, bc
   0203 EB            [ 4]  500 	ex	de, hl
   0204 DD 6E FE      [19]  501 	ld	l, -2 (ix)
   0207 DD 66 FF      [19]  502 	ld	h, -1 (ix)
   020A C5            [11]  503 	push	bc
   020B 01 09 00      [10]  504 	ld	bc, #0x0009
   020E 09            [11]  505 	add	hl, bc
   020F C1            [10]  506 	pop	bc
   0210 7E            [ 7]  507 	ld	a, (hl)
   0211 12            [ 7]  508 	ld	(de), a
   0212 21 06 00      [10]  509 	ld	hl, #0x0006
   0215 09            [11]  510 	add	hl, bc
   0216 EB            [ 4]  511 	ex	de, hl
   0217 DD 6E FE      [19]  512 	ld	l, -2 (ix)
   021A DD 66 FF      [19]  513 	ld	h, -1 (ix)
   021D C5            [11]  514 	push	bc
   021E 01 0E 00      [10]  515 	ld	bc, #0x000e
   0221 09            [11]  516 	add	hl, bc
   0222 C1            [10]  517 	pop	bc
   0223 7E            [ 7]  518 	ld	a, (hl)
   0224 12            [ 7]  519 	ld	(de), a
   0225 21 07 00      [10]  520 	ld	hl, #0x0007
   0228 09            [11]  521 	add	hl, bc
   0229 EB            [ 4]  522 	ex	de, hl
   022A DD 6E FE      [19]  523 	ld	l, -2 (ix)
   022D DD 66 FF      [19]  524 	ld	h, -1 (ix)
   0230 23            [ 6]  525 	inc	hl
   0231 23            [ 6]  526 	inc	hl
   0232 23            [ 6]  527 	inc	hl
   0233 7E            [ 7]  528 	ld	a, (hl)
   0234 12            [ 7]  529 	ld	(de), a
                            530 ;aes_192.c:47: temp[8] = state[8];  temp[9] = state[13]; temp[10] = state[2]; temp[11] = state[7];
   0235 21 08 00      [10]  531 	ld	hl, #0x0008
   0238 09            [11]  532 	add	hl, bc
   0239 EB            [ 4]  533 	ex	de, hl
   023A DD 6E FE      [19]  534 	ld	l, -2 (ix)
   023D DD 66 FF      [19]  535 	ld	h, -1 (ix)
   0240 C5            [11]  536 	push	bc
   0241 01 08 00      [10]  537 	ld	bc, #0x0008
   0244 09            [11]  538 	add	hl, bc
   0245 C1            [10]  539 	pop	bc
   0246 7E            [ 7]  540 	ld	a, (hl)
   0247 12            [ 7]  541 	ld	(de), a
   0248 21 09 00      [10]  542 	ld	hl, #0x0009
   024B 09            [11]  543 	add	hl, bc
   024C EB            [ 4]  544 	ex	de, hl
   024D DD 6E FE      [19]  545 	ld	l, -2 (ix)
   0250 DD 66 FF      [19]  546 	ld	h, -1 (ix)
   0253 C5            [11]  547 	push	bc
   0254 01 0D 00      [10]  548 	ld	bc, #0x000d
   0257 09            [11]  549 	add	hl, bc
   0258 C1            [10]  550 	pop	bc
   0259 7E            [ 7]  551 	ld	a, (hl)
   025A 12            [ 7]  552 	ld	(de), a
   025B 21 0A 00      [10]  553 	ld	hl, #0x000a
   025E 09            [11]  554 	add	hl, bc
   025F EB            [ 4]  555 	ex	de, hl
   0260 DD 6E FE      [19]  556 	ld	l, -2 (ix)
   0263 DD 66 FF      [19]  557 	ld	h, -1 (ix)
   0266 23            [ 6]  558 	inc	hl
   0267 23            [ 6]  559 	inc	hl
   0268 7E            [ 7]  560 	ld	a, (hl)
   0269 12            [ 7]  561 	ld	(de), a
   026A 21 0B 00      [10]  562 	ld	hl, #0x000b
   026D 09            [11]  563 	add	hl, bc
   026E EB            [ 4]  564 	ex	de, hl
   026F DD 6E FE      [19]  565 	ld	l, -2 (ix)
   0272 DD 66 FF      [19]  566 	ld	h, -1 (ix)
   0275 C5            [11]  567 	push	bc
   0276 01 07 00      [10]  568 	ld	bc, #0x0007
   0279 09            [11]  569 	add	hl, bc
   027A C1            [10]  570 	pop	bc
   027B 7E            [ 7]  571 	ld	a, (hl)
   027C 12            [ 7]  572 	ld	(de), a
                            573 ;aes_192.c:48: temp[12] = state[12]; temp[13] = state[1]; temp[14] = state[6]; temp[15] = state[11];
   027D 21 0C 00      [10]  574 	ld	hl, #0x000c
   0280 09            [11]  575 	add	hl, bc
   0281 EB            [ 4]  576 	ex	de, hl
   0282 DD 6E FE      [19]  577 	ld	l, -2 (ix)
   0285 DD 66 FF      [19]  578 	ld	h, -1 (ix)
   0288 C5            [11]  579 	push	bc
   0289 01 0C 00      [10]  580 	ld	bc, #0x000c
   028C 09            [11]  581 	add	hl, bc
   028D C1            [10]  582 	pop	bc
   028E 7E            [ 7]  583 	ld	a, (hl)
   028F 12            [ 7]  584 	ld	(de), a
   0290 21 0D 00      [10]  585 	ld	hl, #0x000d
   0293 09            [11]  586 	add	hl, bc
   0294 EB            [ 4]  587 	ex	de, hl
   0295 DD 6E FE      [19]  588 	ld	l, -2 (ix)
   0298 DD 66 FF      [19]  589 	ld	h, -1 (ix)
   029B 23            [ 6]  590 	inc	hl
   029C 7E            [ 7]  591 	ld	a, (hl)
   029D 12            [ 7]  592 	ld	(de), a
   029E 21 0E 00      [10]  593 	ld	hl, #0x000e
   02A1 09            [11]  594 	add	hl, bc
   02A2 EB            [ 4]  595 	ex	de, hl
   02A3 DD 6E FE      [19]  596 	ld	l, -2 (ix)
   02A6 DD 66 FF      [19]  597 	ld	h, -1 (ix)
   02A9 C5            [11]  598 	push	bc
   02AA 01 06 00      [10]  599 	ld	bc, #0x0006
   02AD 09            [11]  600 	add	hl, bc
   02AE C1            [10]  601 	pop	bc
   02AF 7E            [ 7]  602 	ld	a, (hl)
   02B0 12            [ 7]  603 	ld	(de), a
   02B1 21 0F 00      [10]  604 	ld	hl, #0x000f
   02B4 09            [11]  605 	add	hl, bc
   02B5 EB            [ 4]  606 	ex	de, hl
   02B6 DD 6E FE      [19]  607 	ld	l, -2 (ix)
   02B9 DD 66 FF      [19]  608 	ld	h, -1 (ix)
   02BC C5            [11]  609 	push	bc
   02BD 01 0B 00      [10]  610 	ld	bc, #0x000b
   02C0 09            [11]  611 	add	hl, bc
   02C1 C1            [10]  612 	pop	bc
   02C2 7E            [ 7]  613 	ld	a, (hl)
   02C3 12            [ 7]  614 	ld	(de), a
                            615 ;aes_192.c:49: memcpy(state, temp, 16);
   02C4 DD 5E 04      [19]  616 	ld	e, 4 (ix)
   02C7 DD 56 05      [19]  617 	ld	d, 5 (ix)
   02CA 69            [ 4]  618 	ld	l, c
   02CB 60            [ 4]  619 	ld	h, b
   02CC 01 10 00      [10]  620 	ld	bc, #0x0010
   02CF ED B0         [21]  621 	ldir
                            622 ;aes_192.c:50: }
   02D1 DD F9         [10]  623 	ld	sp, ix
   02D3 DD E1         [14]  624 	pop	ix
   02D5 C9            [10]  625 	ret
                            626 ;aes_192.c:55: void KeyExpansion(uint8_t* RoundKey, const uint8_t* Key) {
                            627 ;	---------------------------------
                            628 ; Function KeyExpansion
                            629 ; ---------------------------------
   02D6                     630 _KeyExpansion::
   02D6 DD E5         [15]  631 	push	ix
   02D8 DD 21 00 00   [14]  632 	ld	ix,#0
   02DC DD 39         [15]  633 	add	ix,sp
   02DE 21 F0 FF      [10]  634 	ld	hl, #-16
   02E1 39            [11]  635 	add	hl, sp
   02E2 F9            [ 6]  636 	ld	sp, hl
                            637 ;aes_192.c:62: for (i = 0; i < nk * 4; ++i) RoundKey[i] = Key[i];
   02E3 01 00 00      [10]  638 	ld	bc, #0x0000
   02E6                     639 00106$:
   02E6 79            [ 4]  640 	ld	a, c
   02E7 D6 18         [ 7]  641 	sub	a, #0x18
   02E9 78            [ 4]  642 	ld	a, b
   02EA DE 00         [ 7]  643 	sbc	a, #0x00
   02EC 30 16         [12]  644 	jr	NC,00101$
   02EE DD 7E 04      [19]  645 	ld	a, 4 (ix)
   02F1 81            [ 4]  646 	add	a, c
   02F2 5F            [ 4]  647 	ld	e, a
   02F3 DD 7E 05      [19]  648 	ld	a, 5 (ix)
   02F6 88            [ 4]  649 	adc	a, b
   02F7 57            [ 4]  650 	ld	d, a
   02F8 DD 6E 06      [19]  651 	ld	l, 6 (ix)
   02FB DD 66 07      [19]  652 	ld	h, 7 (ix)
   02FE 09            [11]  653 	add	hl, bc
   02FF 7E            [ 7]  654 	ld	a, (hl)
   0300 12            [ 7]  655 	ld	(de), a
   0301 03            [ 6]  656 	inc	bc
   0302 18 E2         [12]  657 	jr	00106$
   0304                     658 00101$:
                            659 ;aes_192.c:64: for (i = nk; i < 4 * (nr + 1); ++i) {
   0304 01 06 00      [10]  660 	ld	bc, #0x0006
   0307                     661 00109$:
   0307 79            [ 4]  662 	ld	a, c
   0308 D6 34         [ 7]  663 	sub	a, #0x34
   030A 78            [ 4]  664 	ld	a, b
   030B DE 00         [ 7]  665 	sbc	a, #0x00
   030D D2r5Er05      [10]  666 	jp	NC, 00111$
                            667 ;aes_192.c:65: k = (i - 1) * 4;
   0310 69            [ 4]  668 	ld	l, c
   0311 60            [ 4]  669 	ld	h, b
   0312 2B            [ 6]  670 	dec	hl
   0313 29            [11]  671 	add	hl, hl
   0314 29            [11]  672 	add	hl, hl
   0315 DD 75 FC      [19]  673 	ld	-4 (ix), l
   0318 DD 74 FD      [19]  674 	ld	-3 (ix), h
                            675 ;aes_192.c:66: tempa[0]=RoundKey[k + 0]; tempa[1]=RoundKey[k + 1];
   031B 21 00 00      [10]  676 	ld	hl, #0
   031E 39            [11]  677 	add	hl, sp
   031F DD 75 FE      [19]  678 	ld	-2 (ix), l
   0322 DD 74 FF      [19]  679 	ld	-1 (ix), h
   0325 DD 7E 04      [19]  680 	ld	a, 4 (ix)
   0328 DD 86 FC      [19]  681 	add	a, -4 (ix)
   032B 5F            [ 4]  682 	ld	e, a
   032C DD 7E 05      [19]  683 	ld	a, 5 (ix)
   032F DD 8E FD      [19]  684 	adc	a, -3 (ix)
   0332 57            [ 4]  685 	ld	d, a
   0333 1A            [ 7]  686 	ld	a, (de)
   0334 DD 6E FE      [19]  687 	ld	l, -2 (ix)
   0337 DD 66 FF      [19]  688 	ld	h, -1 (ix)
   033A 77            [ 7]  689 	ld	(hl), a
   033B DD 7E FE      [19]  690 	ld	a, -2 (ix)
   033E C6 01         [ 7]  691 	add	a, #0x01
   0340 DD 77 F4      [19]  692 	ld	-12 (ix), a
   0343 DD 7E FF      [19]  693 	ld	a, -1 (ix)
   0346 CE 00         [ 7]  694 	adc	a, #0x00
   0348 DD 77 F5      [19]  695 	ld	-11 (ix), a
   034B DD 5E FC      [19]  696 	ld	e, -4 (ix)
   034E DD 56 FD      [19]  697 	ld	d, -3 (ix)
   0351 13            [ 6]  698 	inc	de
   0352 DD 6E 04      [19]  699 	ld	l, 4 (ix)
   0355 DD 66 05      [19]  700 	ld	h, 5 (ix)
   0358 19            [11]  701 	add	hl, de
   0359 7E            [ 7]  702 	ld	a, (hl)
   035A DD 6E F4      [19]  703 	ld	l, -12 (ix)
   035D DD 66 F5      [19]  704 	ld	h, -11 (ix)
   0360 77            [ 7]  705 	ld	(hl), a
                            706 ;aes_192.c:67: tempa[2]=RoundKey[k + 2]; tempa[3]=RoundKey[k + 3];
   0361 DD 7E FE      [19]  707 	ld	a, -2 (ix)
   0364 C6 02         [ 7]  708 	add	a, #0x02
   0366 DD 77 F6      [19]  709 	ld	-10 (ix), a
   0369 DD 7E FF      [19]  710 	ld	a, -1 (ix)
   036C CE 00         [ 7]  711 	adc	a, #0x00
   036E DD 77 F7      [19]  712 	ld	-9 (ix), a
   0371 DD 5E FC      [19]  713 	ld	e, -4 (ix)
   0374 DD 56 FD      [19]  714 	ld	d, -3 (ix)
   0377 13            [ 6]  715 	inc	de
   0378 13            [ 6]  716 	inc	de
   0379 DD 6E 04      [19]  717 	ld	l, 4 (ix)
   037C DD 66 05      [19]  718 	ld	h, 5 (ix)
   037F 19            [11]  719 	add	hl, de
   0380 7E            [ 7]  720 	ld	a, (hl)
   0381 DD 6E F6      [19]  721 	ld	l, -10 (ix)
   0384 DD 66 F7      [19]  722 	ld	h, -9 (ix)
   0387 77            [ 7]  723 	ld	(hl), a
   0388 DD 7E FE      [19]  724 	ld	a, -2 (ix)
   038B C6 03         [ 7]  725 	add	a, #0x03
   038D DD 77 F8      [19]  726 	ld	-8 (ix), a
   0390 DD 7E FF      [19]  727 	ld	a, -1 (ix)
   0393 CE 00         [ 7]  728 	adc	a, #0x00
   0395 DD 77 F9      [19]  729 	ld	-7 (ix), a
   0398 DD 5E FC      [19]  730 	ld	e, -4 (ix)
   039B DD 56 FD      [19]  731 	ld	d, -3 (ix)
   039E 13            [ 6]  732 	inc	de
   039F 13            [ 6]  733 	inc	de
   03A0 13            [ 6]  734 	inc	de
   03A1 DD 6E 04      [19]  735 	ld	l, 4 (ix)
   03A4 DD 66 05      [19]  736 	ld	h, 5 (ix)
   03A7 19            [11]  737 	add	hl, de
   03A8 7E            [ 7]  738 	ld	a, (hl)
   03A9 DD 6E F8      [19]  739 	ld	l, -8 (ix)
   03AC DD 66 F9      [19]  740 	ld	h, -7 (ix)
   03AF 77            [ 7]  741 	ld	(hl), a
                            742 ;aes_192.c:69: if (i % nk == 0) {
   03B0 C5            [11]  743 	push	bc
   03B1 21 06 00      [10]  744 	ld	hl, #0x0006
   03B4 E5            [11]  745 	push	hl
   03B5 C5            [11]  746 	push	bc
   03B6 CDr00r00      [17]  747 	call	__moduint
   03B9 F1            [10]  748 	pop	af
   03BA F1            [10]  749 	pop	af
   03BB C1            [10]  750 	pop	bc
   03BC 7C            [ 4]  751 	ld	a, h
   03BD B5            [ 4]  752 	or	a, l
   03BE C2r70r04      [10]  753 	jp	NZ, 00103$
                            754 ;aes_192.c:70: k = tempa[0];
   03C1 DD 6E FE      [19]  755 	ld	l, -2 (ix)
   03C4 DD 66 FF      [19]  756 	ld	h, -1 (ix)
   03C7 7E            [ 7]  757 	ld	a, (hl)
   03C8 DD 77 FA      [19]  758 	ld	-6 (ix), a
   03CB AF            [ 4]  759 	xor	a, a
   03CC DD 77 FB      [19]  760 	ld	-5 (ix), a
                            761 ;aes_192.c:71: tempa[0] = tempa[1]; tempa[1] = tempa[2]; tempa[2] = tempa[3]; tempa[3] = k;
   03CF DD 6E F4      [19]  762 	ld	l, -12 (ix)
   03D2 DD 66 F5      [19]  763 	ld	h, -11 (ix)
   03D5 7E            [ 7]  764 	ld	a, (hl)
   03D6 DD 6E FE      [19]  765 	ld	l, -2 (ix)
   03D9 DD 66 FF      [19]  766 	ld	h, -1 (ix)
   03DC 77            [ 7]  767 	ld	(hl), a
   03DD DD 6E F6      [19]  768 	ld	l, -10 (ix)
   03E0 DD 66 F7      [19]  769 	ld	h, -9 (ix)
   03E3 F5            [11]  770 	push	af
   03E4 7E            [ 7]  771 	ld	a, (hl)
   03E5 DD 77 FC      [19]  772 	ld	-4 (ix), a
   03E8 F1            [10]  773 	pop	af
   03E9 DD 6E F4      [19]  774 	ld	l, -12 (ix)
   03EC DD 66 F5      [19]  775 	ld	h, -11 (ix)
   03EF F5            [11]  776 	push	af
   03F0 DD 7E FC      [19]  777 	ld	a, -4 (ix)
   03F3 77            [ 7]  778 	ld	(hl), a
   03F4 F1            [10]  779 	pop	af
   03F5 DD 6E F8      [19]  780 	ld	l, -8 (ix)
   03F8 DD 66 F9      [19]  781 	ld	h, -7 (ix)
   03FB 56            [ 7]  782 	ld	d, (hl)
   03FC DD 6E F6      [19]  783 	ld	l, -10 (ix)
   03FF DD 66 F7      [19]  784 	ld	h, -9 (ix)
   0402 72            [ 7]  785 	ld	(hl), d
   0403 DD 5E FA      [19]  786 	ld	e, -6 (ix)
   0406 DD 6E F8      [19]  787 	ld	l, -8 (ix)
   0409 DD 66 F9      [19]  788 	ld	h, -7 (ix)
   040C 73            [ 7]  789 	ld	(hl), e
                            790 ;aes_192.c:72: tempa[0] = sbox[tempa[0]]; tempa[1] = sbox[tempa[1]];
   040D C6r56         [ 7]  791 	add	a, #<(_sbox)
   040F 6F            [ 4]  792 	ld	l, a
   0410 3E 00         [ 7]  793 	ld	a, #0x00
   0412 CEs00         [ 7]  794 	adc	a, #>(_sbox)
   0414 67            [ 4]  795 	ld	h, a
   0415 7E            [ 7]  796 	ld	a, (hl)
   0416 DD 77 FD      [19]  797 	ld	-3 (ix), a
   0419 DD 6E FE      [19]  798 	ld	l, -2 (ix)
   041C DD 66 FF      [19]  799 	ld	h, -1 (ix)
   041F DD 7E FD      [19]  800 	ld	a, -3 (ix)
   0422 77            [ 7]  801 	ld	(hl), a
   0423 DD 7E FC      [19]  802 	ld	a, -4 (ix)
   0426 C6r56         [ 7]  803 	add	a, #<(_sbox)
   0428 6F            [ 4]  804 	ld	l, a
   0429 3E 00         [ 7]  805 	ld	a, #0x00
   042B CEs00         [ 7]  806 	adc	a, #>(_sbox)
   042D 67            [ 4]  807 	ld	h, a
   042E 7E            [ 7]  808 	ld	a, (hl)
   042F DD 6E F4      [19]  809 	ld	l, -12 (ix)
   0432 DD 66 F5      [19]  810 	ld	h, -11 (ix)
   0435 77            [ 7]  811 	ld	(hl), a
                            812 ;aes_192.c:73: tempa[2] = sbox[tempa[2]]; tempa[3] = sbox[tempa[3]];
   0436 7A            [ 4]  813 	ld	a, d
   0437 C6r56         [ 7]  814 	add	a, #<(_sbox)
   0439 6F            [ 4]  815 	ld	l, a
   043A 3E 00         [ 7]  816 	ld	a, #0x00
   043C CEs00         [ 7]  817 	adc	a, #>(_sbox)
   043E 67            [ 4]  818 	ld	h, a
   043F 7E            [ 7]  819 	ld	a, (hl)
   0440 DD 6E F6      [19]  820 	ld	l, -10 (ix)
   0443 DD 66 F7      [19]  821 	ld	h, -9 (ix)
   0446 77            [ 7]  822 	ld	(hl), a
   0447 21r56r00      [10]  823 	ld	hl, #_sbox
   044A 16 00         [ 7]  824 	ld	d, #0x00
   044C 19            [11]  825 	add	hl, de
   044D 7E            [ 7]  826 	ld	a, (hl)
   044E DD 6E F8      [19]  827 	ld	l, -8 (ix)
   0451 DD 66 F9      [19]  828 	ld	h, -7 (ix)
   0454 77            [ 7]  829 	ld	(hl), a
                            830 ;aes_192.c:74: tempa[0] = tempa[0] ^ Rcon[i/nk];
   0455 C5            [11]  831 	push	bc
   0456 21 06 00      [10]  832 	ld	hl, #0x0006
   0459 E5            [11]  833 	push	hl
   045A C5            [11]  834 	push	bc
   045B CDr00r00      [17]  835 	call	__divuint
   045E F1            [10]  836 	pop	af
   045F F1            [10]  837 	pop	af
   0460 C1            [10]  838 	pop	bc
   0461 11r56r01      [10]  839 	ld	de, #_Rcon
   0464 19            [11]  840 	add	hl, de
   0465 7E            [ 7]  841 	ld	a, (hl)
   0466 DD AE FD      [19]  842 	xor	a, -3 (ix)
   0469 DD 6E FE      [19]  843 	ld	l, -2 (ix)
   046C DD 66 FF      [19]  844 	ld	h, -1 (ix)
   046F 77            [ 7]  845 	ld	(hl), a
   0470                     846 00103$:
                            847 ;aes_192.c:77: j = i * 4; k = (i - nk) * 4;
   0470 DD 71 FA      [19]  848 	ld	-6 (ix), c
   0473 DD 70 FB      [19]  849 	ld	-5 (ix), b
   0476 3E 03         [ 7]  850 	ld	a, #0x02+1
   0478 18 08         [12]  851 	jr	00141$
   047A                     852 00140$:
   047A DD CB FA 26   [23]  853 	sla	-6 (ix)
   047E DD CB FB 16   [23]  854 	rl	-5 (ix)
   0482                     855 00141$:
   0482 3D            [ 4]  856 	dec	a
   0483 20 F5         [12]  857 	jr	NZ,00140$
   0485 79            [ 4]  858 	ld	a, c
   0486 C6 FA         [ 7]  859 	add	a, #0xfa
   0488 6F            [ 4]  860 	ld	l, a
   0489 78            [ 4]  861 	ld	a, b
   048A CE FF         [ 7]  862 	adc	a, #0xff
   048C 67            [ 4]  863 	ld	h, a
   048D 29            [11]  864 	add	hl, hl
   048E 29            [11]  865 	add	hl, hl
   048F DD 75 FC      [19]  866 	ld	-4 (ix), l
   0492 DD 74 FD      [19]  867 	ld	-3 (ix), h
                            868 ;aes_192.c:78: RoundKey[j + 0] = RoundKey[k + 0] ^ tempa[0];
   0495 DD 7E 04      [19]  869 	ld	a, 4 (ix)
   0498 DD 86 FA      [19]  870 	add	a, -6 (ix)
   049B 5F            [ 4]  871 	ld	e, a
   049C DD 7E 05      [19]  872 	ld	a, 5 (ix)
   049F DD 8E FB      [19]  873 	adc	a, -5 (ix)
   04A2 57            [ 4]  874 	ld	d, a
   04A3 DD 7E 04      [19]  875 	ld	a, 4 (ix)
   04A6 DD 86 FC      [19]  876 	add	a, -4 (ix)
   04A9 6F            [ 4]  877 	ld	l, a
   04AA DD 7E 05      [19]  878 	ld	a, 5 (ix)
   04AD DD 8E FD      [19]  879 	adc	a, -3 (ix)
   04B0 67            [ 4]  880 	ld	h, a
   04B1 7E            [ 7]  881 	ld	a, (hl)
   04B2 DD 6E FE      [19]  882 	ld	l, -2 (ix)
   04B5 DD 66 FF      [19]  883 	ld	h, -1 (ix)
   04B8 6E            [ 7]  884 	ld	l, (hl)
   04B9 AD            [ 4]  885 	xor	a, l
   04BA 12            [ 7]  886 	ld	(de), a
                            887 ;aes_192.c:79: RoundKey[j + 1] = RoundKey[k + 1] ^ tempa[1];
   04BB DD 5E FA      [19]  888 	ld	e, -6 (ix)
   04BE DD 56 FB      [19]  889 	ld	d, -5 (ix)
   04C1 13            [ 6]  890 	inc	de
   04C2 7B            [ 4]  891 	ld	a, e
   04C3 DD 86 04      [19]  892 	add	a, 4 (ix)
   04C6 DD 77 FE      [19]  893 	ld	-2 (ix), a
   04C9 7A            [ 4]  894 	ld	a, d
   04CA DD 8E 05      [19]  895 	adc	a, 5 (ix)
   04CD DD 77 FF      [19]  896 	ld	-1 (ix), a
   04D0 DD 5E FC      [19]  897 	ld	e, -4 (ix)
   04D3 DD 56 FD      [19]  898 	ld	d, -3 (ix)
   04D6 13            [ 6]  899 	inc	de
   04D7 DD 6E 04      [19]  900 	ld	l, 4 (ix)
   04DA DD 66 05      [19]  901 	ld	h, 5 (ix)
   04DD 19            [11]  902 	add	hl, de
   04DE 7E            [ 7]  903 	ld	a, (hl)
   04DF DD 6E F4      [19]  904 	ld	l, -12 (ix)
   04E2 DD 66 F5      [19]  905 	ld	h, -11 (ix)
   04E5 5E            [ 7]  906 	ld	e, (hl)
   04E6 AB            [ 4]  907 	xor	a, e
   04E7 DD 6E FE      [19]  908 	ld	l, -2 (ix)
   04EA DD 66 FF      [19]  909 	ld	h, -1 (ix)
   04ED 77            [ 7]  910 	ld	(hl), a
                            911 ;aes_192.c:80: RoundKey[j + 2] = RoundKey[k + 2] ^ tempa[2];
   04EE DD 5E FA      [19]  912 	ld	e, -6 (ix)
   04F1 DD 56 FB      [19]  913 	ld	d, -5 (ix)
   04F4 13            [ 6]  914 	inc	de
   04F5 13            [ 6]  915 	inc	de
   04F6 7B            [ 4]  916 	ld	a, e
   04F7 DD 86 04      [19]  917 	add	a, 4 (ix)
   04FA DD 77 FE      [19]  918 	ld	-2 (ix), a
   04FD 7A            [ 4]  919 	ld	a, d
   04FE DD 8E 05      [19]  920 	adc	a, 5 (ix)
   0501 DD 77 FF      [19]  921 	ld	-1 (ix), a
   0504 DD 5E FC      [19]  922 	ld	e, -4 (ix)
   0507 DD 56 FD      [19]  923 	ld	d, -3 (ix)
   050A 13            [ 6]  924 	inc	de
   050B 13            [ 6]  925 	inc	de
   050C DD 6E 04      [19]  926 	ld	l, 4 (ix)
   050F DD 66 05      [19]  927 	ld	h, 5 (ix)
   0512 19            [11]  928 	add	hl, de
   0513 7E            [ 7]  929 	ld	a, (hl)
   0514 DD 6E F6      [19]  930 	ld	l, -10 (ix)
   0517 DD 66 F7      [19]  931 	ld	h, -9 (ix)
   051A 5E            [ 7]  932 	ld	e, (hl)
   051B AB            [ 4]  933 	xor	a, e
   051C DD 6E FE      [19]  934 	ld	l, -2 (ix)
   051F DD 66 FF      [19]  935 	ld	h, -1 (ix)
   0522 77            [ 7]  936 	ld	(hl), a
                            937 ;aes_192.c:81: RoundKey[j + 3] = RoundKey[k + 3] ^ tempa[3];
   0523 DD 5E FA      [19]  938 	ld	e, -6 (ix)
   0526 DD 56 FB      [19]  939 	ld	d, -5 (ix)
   0529 13            [ 6]  940 	inc	de
   052A 13            [ 6]  941 	inc	de
   052B 13            [ 6]  942 	inc	de
   052C 7B            [ 4]  943 	ld	a, e
   052D DD 86 04      [19]  944 	add	a, 4 (ix)
   0530 DD 77 FE      [19]  945 	ld	-2 (ix), a
   0533 7A            [ 4]  946 	ld	a, d
   0534 DD 8E 05      [19]  947 	adc	a, 5 (ix)
   0537 DD 77 FF      [19]  948 	ld	-1 (ix), a
   053A DD 5E FC      [19]  949 	ld	e, -4 (ix)
   053D DD 56 FD      [19]  950 	ld	d, -3 (ix)
   0540 13            [ 6]  951 	inc	de
   0541 13            [ 6]  952 	inc	de
   0542 13            [ 6]  953 	inc	de
   0543 DD 6E 04      [19]  954 	ld	l, 4 (ix)
   0546 DD 66 05      [19]  955 	ld	h, 5 (ix)
   0549 19            [11]  956 	add	hl, de
   054A 7E            [ 7]  957 	ld	a, (hl)
   054B DD 6E F8      [19]  958 	ld	l, -8 (ix)
   054E DD 66 F9      [19]  959 	ld	h, -7 (ix)
   0551 5E            [ 7]  960 	ld	e, (hl)
   0552 AB            [ 4]  961 	xor	a, e
   0553 DD 6E FE      [19]  962 	ld	l, -2 (ix)
   0556 DD 66 FF      [19]  963 	ld	h, -1 (ix)
   0559 77            [ 7]  964 	ld	(hl), a
                            965 ;aes_192.c:64: for (i = nk; i < 4 * (nr + 1); ++i) {
   055A 03            [ 6]  966 	inc	bc
   055B C3r07r03      [10]  967 	jp	00109$
   055E                     968 00111$:
                            969 ;aes_192.c:83: }
   055E DD F9         [10]  970 	ld	sp, ix
   0560 DD E1         [14]  971 	pop	ix
   0562 C9            [10]  972 	ret
                            973 ;aes_192.c:86: void AES192_Encrypt(uint8_t* buffer, const uint8_t* key) {
                            974 ;	---------------------------------
                            975 ; Function AES192_Encrypt
                            976 ; ---------------------------------
   0563                     977 _AES192_Encrypt::
   0563 DD E5         [15]  978 	push	ix
   0565 DD 21 00 00   [14]  979 	ld	ix,#0
   0569 DD 39         [15]  980 	add	ix,sp
   056B 21 2D FF      [10]  981 	ld	hl, #-211
   056E 39            [11]  982 	add	hl, sp
   056F F9            [ 6]  983 	ld	sp, hl
                            984 ;aes_192.c:88: KeyExpansion(RoundKey, key);
   0570 21 00 00      [10]  985 	ld	hl, #0
   0573 39            [11]  986 	add	hl, sp
   0574 EB            [ 4]  987 	ex	de, hl
   0575 4B            [ 4]  988 	ld	c, e
   0576 42            [ 4]  989 	ld	b, d
   0577 D5            [11]  990 	push	de
   0578 DD 6E 06      [19]  991 	ld	l, 6 (ix)
   057B DD 66 07      [19]  992 	ld	h, 7 (ix)
   057E E5            [11]  993 	push	hl
   057F C5            [11]  994 	push	bc
   0580 CDrD6r02      [17]  995 	call	_KeyExpansion
   0583 F1            [10]  996 	pop	af
   0584 F1            [10]  997 	pop	af
   0585 D1            [10]  998 	pop	de
                            999 ;aes_192.c:90: AddRoundKey(0, buffer, RoundKey); 
   0586 4B            [ 4] 1000 	ld	c, e
   0587 42            [ 4] 1001 	ld	b, d
   0588 D5            [11] 1002 	push	de
   0589 C5            [11] 1003 	push	bc
   058A DD 6E 04      [19] 1004 	ld	l, 4 (ix)
   058D DD 66 05      [19] 1005 	ld	h, 5 (ix)
   0590 E5            [11] 1006 	push	hl
   0591 AF            [ 4] 1007 	xor	a, a
   0592 F5            [11] 1008 	push	af
   0593 33            [ 6] 1009 	inc	sp
   0594 CDr05r00      [17] 1010 	call	_AddRoundKey
   0597 F1            [10] 1011 	pop	af
   0598 F1            [10] 1012 	pop	af
   0599 33            [ 6] 1013 	inc	sp
   059A D1            [10] 1014 	pop	de
                           1015 ;aes_192.c:93: for (int round = 1; round < 12; ++round) {
   059B DD 73 FD      [19] 1016 	ld	-3 (ix), e
   059E DD 72 FE      [19] 1017 	ld	-2 (ix), d
   05A1 01 01 00      [10] 1018 	ld	bc, #0x0001
   05A4                    1019 00103$:
   05A4 79            [ 4] 1020 	ld	a, c
   05A5 D6 0C         [ 7] 1021 	sub	a, #0x0c
   05A7 78            [ 4] 1022 	ld	a, b
   05A8 17            [ 4] 1023 	rla
   05A9 3F            [ 4] 1024 	ccf
   05AA 1F            [ 4] 1025 	rra
   05AB DE 80         [ 7] 1026 	sbc	a, #0x80
   05AD 30 3D         [12] 1027 	jr	NC,00101$
                           1028 ;aes_192.c:94: SubBytes(buffer);
   05AF C5            [11] 1029 	push	bc
   05B0 D5            [11] 1030 	push	de
   05B1 DD 6E 04      [19] 1031 	ld	l, 4 (ix)
   05B4 DD 66 05      [19] 1032 	ld	h, 5 (ix)
   05B7 E5            [11] 1033 	push	hl
   05B8 CDr61r01      [17] 1034 	call	_SubBytes
   05BB F1            [10] 1035 	pop	af
   05BC DD 6E 04      [19] 1036 	ld	l, 4 (ix)
   05BF DD 66 05      [19] 1037 	ld	h, 5 (ix)
   05C2 E5            [11] 1038 	push	hl
   05C3 CDr92r01      [17] 1039 	call	_ShiftRows
   05C6 F1            [10] 1040 	pop	af
   05C7 D1            [10] 1041 	pop	de
   05C8 C1            [10] 1042 	pop	bc
                           1043 ;aes_192.c:96: AddRoundKey(round, buffer, RoundKey);
   05C9 DD 6E FD      [19] 1044 	ld	l, -3 (ix)
   05CC DD 66 FE      [19] 1045 	ld	h, -2 (ix)
   05CF DD 71 FF      [19] 1046 	ld	-1 (ix), c
   05D2 C5            [11] 1047 	push	bc
   05D3 D5            [11] 1048 	push	de
   05D4 E5            [11] 1049 	push	hl
   05D5 DD 6E 04      [19] 1050 	ld	l, 4 (ix)
   05D8 DD 66 05      [19] 1051 	ld	h, 5 (ix)
   05DB E5            [11] 1052 	push	hl
   05DC DD 7E FF      [19] 1053 	ld	a, -1 (ix)
   05DF F5            [11] 1054 	push	af
   05E0 33            [ 6] 1055 	inc	sp
   05E1 CDr05r00      [17] 1056 	call	_AddRoundKey
   05E4 F1            [10] 1057 	pop	af
   05E5 F1            [10] 1058 	pop	af
   05E6 33            [ 6] 1059 	inc	sp
   05E7 D1            [10] 1060 	pop	de
   05E8 C1            [10] 1061 	pop	bc
                           1062 ;aes_192.c:93: for (int round = 1; round < 12; ++round) {
   05E9 03            [ 6] 1063 	inc	bc
   05EA 18 B8         [12] 1064 	jr	00103$
   05EC                    1065 00101$:
                           1066 ;aes_192.c:100: SubBytes(buffer);
   05EC D5            [11] 1067 	push	de
   05ED DD 6E 04      [19] 1068 	ld	l, 4 (ix)
   05F0 DD 66 05      [19] 1069 	ld	h, 5 (ix)
   05F3 E5            [11] 1070 	push	hl
   05F4 CDr61r01      [17] 1071 	call	_SubBytes
   05F7 F1            [10] 1072 	pop	af
   05F8 DD 6E 04      [19] 1073 	ld	l, 4 (ix)
   05FB DD 66 05      [19] 1074 	ld	h, 5 (ix)
   05FE E5            [11] 1075 	push	hl
   05FF CDr92r01      [17] 1076 	call	_ShiftRows
   0602 F1            [10] 1077 	pop	af
   0603 DD 6E 04      [19] 1078 	ld	l, 4 (ix)
   0606 DD 66 05      [19] 1079 	ld	h, 5 (ix)
   0609 E5            [11] 1080 	push	hl
   060A 3E 0C         [ 7] 1081 	ld	a, #0x0c
   060C F5            [11] 1082 	push	af
   060D 33            [ 6] 1083 	inc	sp
   060E CDr05r00      [17] 1084 	call	_AddRoundKey
                           1085 ;aes_192.c:103: }
   0611 DD F9         [10] 1086 	ld	sp,ix
   0613 DD E1         [14] 1087 	pop	ix
   0615 C9            [10] 1088 	ret
                           1089 ;aes_192.c:105: int main() {
                           1090 ;	---------------------------------
                           1091 ; Function main
                           1092 ; ---------------------------------
   0616                    1093 _main::
   0616 DD E5         [15] 1094 	push	ix
   0618 DD 21 00 00   [14] 1095 	ld	ix,#0
   061C DD 39         [15] 1096 	add	ix,sp
   061E 21 D8 FF      [10] 1097 	ld	hl, #-40
   0621 39            [11] 1098 	add	hl, sp
   0622 F9            [ 6] 1099 	ld	sp, hl
                           1100 ;aes_192.c:106: uint8_t data[16] = { 0x32, 0x43, 0xf6, 0xa8, 0x88, 0x5a, 0x30, 0x8d, 0x31, 0x31, 0x98, 0xa2, 0xe0, 0x37, 0x07, 0x34 };
   0623 21 00 00      [10] 1101 	ld	hl, #0
   0626 39            [11] 1102 	add	hl, sp
   0627 4D            [ 4] 1103 	ld	c, l
   0628 44            [ 4] 1104 	ld	b, h
   0629 3E 32         [ 7] 1105 	ld	a, #0x32
   062B 02            [ 7] 1106 	ld	(bc), a
   062C 69            [ 4] 1107 	ld	l, c
   062D 60            [ 4] 1108 	ld	h, b
   062E 23            [ 6] 1109 	inc	hl
   062F 36 43         [10] 1110 	ld	(hl), #0x43
   0631 69            [ 4] 1111 	ld	l, c
   0632 60            [ 4] 1112 	ld	h, b
   0633 23            [ 6] 1113 	inc	hl
   0634 23            [ 6] 1114 	inc	hl
   0635 36 F6         [10] 1115 	ld	(hl), #0xf6
   0637 69            [ 4] 1116 	ld	l, c
   0638 60            [ 4] 1117 	ld	h, b
   0639 23            [ 6] 1118 	inc	hl
   063A 23            [ 6] 1119 	inc	hl
   063B 23            [ 6] 1120 	inc	hl
   063C 36 A8         [10] 1121 	ld	(hl), #0xa8
   063E 21 04 00      [10] 1122 	ld	hl, #0x0004
   0641 09            [11] 1123 	add	hl, bc
   0642 36 88         [10] 1124 	ld	(hl), #0x88
   0644 21 05 00      [10] 1125 	ld	hl, #0x0005
   0647 09            [11] 1126 	add	hl, bc
   0648 36 5A         [10] 1127 	ld	(hl), #0x5a
   064A 21 06 00      [10] 1128 	ld	hl, #0x0006
   064D 09            [11] 1129 	add	hl, bc
   064E 36 30         [10] 1130 	ld	(hl), #0x30
   0650 21 07 00      [10] 1131 	ld	hl, #0x0007
   0653 09            [11] 1132 	add	hl, bc
   0654 36 8D         [10] 1133 	ld	(hl), #0x8d
   0656 21 08 00      [10] 1134 	ld	hl, #0x0008
   0659 09            [11] 1135 	add	hl, bc
   065A 36 31         [10] 1136 	ld	(hl), #0x31
   065C 21 09 00      [10] 1137 	ld	hl, #0x0009
   065F 09            [11] 1138 	add	hl, bc
   0660 36 31         [10] 1139 	ld	(hl), #0x31
   0662 21 0A 00      [10] 1140 	ld	hl, #0x000a
   0665 09            [11] 1141 	add	hl, bc
   0666 36 98         [10] 1142 	ld	(hl), #0x98
   0668 21 0B 00      [10] 1143 	ld	hl, #0x000b
   066B 09            [11] 1144 	add	hl, bc
   066C 36 A2         [10] 1145 	ld	(hl), #0xa2
   066E 21 0C 00      [10] 1146 	ld	hl, #0x000c
   0671 09            [11] 1147 	add	hl, bc
   0672 36 E0         [10] 1148 	ld	(hl), #0xe0
   0674 21 0D 00      [10] 1149 	ld	hl, #0x000d
   0677 09            [11] 1150 	add	hl, bc
   0678 36 37         [10] 1151 	ld	(hl), #0x37
   067A 21 0E 00      [10] 1152 	ld	hl, #0x000e
   067D 09            [11] 1153 	add	hl, bc
   067E 36 07         [10] 1154 	ld	(hl), #0x07
   0680 21 0F 00      [10] 1155 	ld	hl, #0x000f
   0683 09            [11] 1156 	add	hl, bc
   0684 36 34         [10] 1157 	ld	(hl), #0x34
                           1158 ;aes_192.c:107: uint8_t key[24] = { 
   0686 21 10 00      [10] 1159 	ld	hl, #16
   0689 39            [11] 1160 	add	hl, sp
   068A EB            [ 4] 1161 	ex	de, hl
   068B 3E 8E         [ 7] 1162 	ld	a, #0x8e
   068D 12            [ 7] 1163 	ld	(de), a
   068E 6B            [ 4] 1164 	ld	l, e
   068F 62            [ 4] 1165 	ld	h, d
   0690 23            [ 6] 1166 	inc	hl
   0691 36 73         [10] 1167 	ld	(hl), #0x73
   0693 6B            [ 4] 1168 	ld	l, e
   0694 62            [ 4] 1169 	ld	h, d
   0695 23            [ 6] 1170 	inc	hl
   0696 23            [ 6] 1171 	inc	hl
   0697 36 B0         [10] 1172 	ld	(hl), #0xb0
   0699 6B            [ 4] 1173 	ld	l, e
   069A 62            [ 4] 1174 	ld	h, d
   069B 23            [ 6] 1175 	inc	hl
   069C 23            [ 6] 1176 	inc	hl
   069D 23            [ 6] 1177 	inc	hl
   069E 36 F7         [10] 1178 	ld	(hl), #0xf7
   06A0 21 04 00      [10] 1179 	ld	hl, #0x0004
   06A3 19            [11] 1180 	add	hl, de
   06A4 36 DA         [10] 1181 	ld	(hl), #0xda
   06A6 21 05 00      [10] 1182 	ld	hl, #0x0005
   06A9 19            [11] 1183 	add	hl, de
   06AA 36 0E         [10] 1184 	ld	(hl), #0x0e
   06AC 21 06 00      [10] 1185 	ld	hl, #0x0006
   06AF 19            [11] 1186 	add	hl, de
   06B0 36 64         [10] 1187 	ld	(hl), #0x64
   06B2 21 07 00      [10] 1188 	ld	hl, #0x0007
   06B5 19            [11] 1189 	add	hl, de
   06B6 36 52         [10] 1190 	ld	(hl), #0x52
   06B8 21 08 00      [10] 1191 	ld	hl, #0x0008
   06BB 19            [11] 1192 	add	hl, de
   06BC 36 C8         [10] 1193 	ld	(hl), #0xc8
   06BE 21 09 00      [10] 1194 	ld	hl, #0x0009
   06C1 19            [11] 1195 	add	hl, de
   06C2 36 10         [10] 1196 	ld	(hl), #0x10
   06C4 21 0A 00      [10] 1197 	ld	hl, #0x000a
   06C7 19            [11] 1198 	add	hl, de
   06C8 36 F3         [10] 1199 	ld	(hl), #0xf3
   06CA 21 0B 00      [10] 1200 	ld	hl, #0x000b
   06CD 19            [11] 1201 	add	hl, de
   06CE 36 2B         [10] 1202 	ld	(hl), #0x2b
   06D0 21 0C 00      [10] 1203 	ld	hl, #0x000c
   06D3 19            [11] 1204 	add	hl, de
   06D4 36 80         [10] 1205 	ld	(hl), #0x80
   06D6 21 0D 00      [10] 1206 	ld	hl, #0x000d
   06D9 19            [11] 1207 	add	hl, de
   06DA 36 90         [10] 1208 	ld	(hl), #0x90
   06DC 21 0E 00      [10] 1209 	ld	hl, #0x000e
   06DF 19            [11] 1210 	add	hl, de
   06E0 36 79         [10] 1211 	ld	(hl), #0x79
   06E2 21 0F 00      [10] 1212 	ld	hl, #0x000f
   06E5 19            [11] 1213 	add	hl, de
   06E6 36 E5         [10] 1214 	ld	(hl), #0xe5
   06E8 21 10 00      [10] 1215 	ld	hl, #0x0010
   06EB 19            [11] 1216 	add	hl, de
   06EC 36 62         [10] 1217 	ld	(hl), #0x62
   06EE 21 11 00      [10] 1218 	ld	hl, #0x0011
   06F1 19            [11] 1219 	add	hl, de
   06F2 36 F8         [10] 1220 	ld	(hl), #0xf8
   06F4 21 12 00      [10] 1221 	ld	hl, #0x0012
   06F7 19            [11] 1222 	add	hl, de
   06F8 36 EA         [10] 1223 	ld	(hl), #0xea
   06FA 21 13 00      [10] 1224 	ld	hl, #0x0013
   06FD 19            [11] 1225 	add	hl, de
   06FE 36 D2         [10] 1226 	ld	(hl), #0xd2
   0700 21 14 00      [10] 1227 	ld	hl, #0x0014
   0703 19            [11] 1228 	add	hl, de
   0704 36 52         [10] 1229 	ld	(hl), #0x52
   0706 21 15 00      [10] 1230 	ld	hl, #0x0015
   0709 19            [11] 1231 	add	hl, de
   070A 36 2C         [10] 1232 	ld	(hl), #0x2c
   070C 21 16 00      [10] 1233 	ld	hl, #0x0016
   070F 19            [11] 1234 	add	hl, de
   0710 36 6B         [10] 1235 	ld	(hl), #0x6b
   0712 21 17 00      [10] 1236 	ld	hl, #0x0017
   0715 19            [11] 1237 	add	hl, de
   0716 36 7B         [10] 1238 	ld	(hl), #0x7b
                           1239 ;aes_192.c:112: printf("--- Running AES-192 ---\n");
   0718 C5            [11] 1240 	push	bc
   0719 D5            [11] 1241 	push	de
   071A 21r6Br07      [10] 1242 	ld	hl, #___str_1
   071D E5            [11] 1243 	push	hl
   071E CDr00r00      [17] 1244 	call	_puts
   0721 F1            [10] 1245 	pop	af
   0722 D1            [10] 1246 	pop	de
   0723 C1            [10] 1247 	pop	bc
                           1248 ;aes_192.c:113: AES192_Encrypt(data, key);
   0724 69            [ 4] 1249 	ld	l, c
   0725 60            [ 4] 1250 	ld	h, b
   0726 C5            [11] 1251 	push	bc
   0727 D5            [11] 1252 	push	de
   0728 E5            [11] 1253 	push	hl
   0729 CDr63r05      [17] 1254 	call	_AES192_Encrypt
   072C F1            [10] 1255 	pop	af
   072D 21r83r07      [10] 1256 	ld	hl, #___str_2
   0730 E3            [19] 1257 	ex	(sp),hl
   0731 CDr00r00      [17] 1258 	call	_printf
   0734 F1            [10] 1259 	pop	af
   0735 C1            [10] 1260 	pop	bc
                           1261 ;aes_192.c:116: for(int i=0; i<16; i++) printf("%02x ", data[i]);
   0736 11 00 00      [10] 1262 	ld	de, #0x0000
   0739                    1263 00103$:
   0739 7B            [ 4] 1264 	ld	a, e
   073A D6 10         [ 7] 1265 	sub	a, #0x10
   073C 7A            [ 4] 1266 	ld	a, d
   073D 17            [ 4] 1267 	rla
   073E 3F            [ 4] 1268 	ccf
   073F 1F            [ 4] 1269 	rra
   0740 DE 80         [ 7] 1270 	sbc	a, #0x80
   0742 30 17         [12] 1271 	jr	NC,00101$
   0744 69            [ 4] 1272 	ld	l, c
   0745 60            [ 4] 1273 	ld	h, b
   0746 19            [11] 1274 	add	hl, de
   0747 6E            [ 7] 1275 	ld	l, (hl)
   0748 26 00         [ 7] 1276 	ld	h, #0x00
   074A C5            [11] 1277 	push	bc
   074B D5            [11] 1278 	push	de
   074C E5            [11] 1279 	push	hl
   074D 21r8Fr07      [10] 1280 	ld	hl, #___str_3
   0750 E5            [11] 1281 	push	hl
   0751 CDr00r00      [17] 1282 	call	_printf
   0754 F1            [10] 1283 	pop	af
   0755 F1            [10] 1284 	pop	af
   0756 D1            [10] 1285 	pop	de
   0757 C1            [10] 1286 	pop	bc
   0758 13            [ 6] 1287 	inc	de
   0759 18 DE         [12] 1288 	jr	00103$
   075B                    1289 00101$:
                           1290 ;aes_192.c:117: printf("\n");
   075B 21r95r07      [10] 1291 	ld	hl, #___str_5
   075E E5            [11] 1292 	push	hl
   075F CDr00r00      [17] 1293 	call	_puts
   0762 F1            [10] 1294 	pop	af
                           1295 ;aes_192.c:119: return 0;
   0763 21 00 00      [10] 1296 	ld	hl, #0x0000
                           1297 ;aes_192.c:120: }
   0766 DD F9         [10] 1298 	ld	sp, ix
   0768 DD E1         [14] 1299 	pop	ix
   076A C9            [10] 1300 	ret
   076B                    1301 ___str_1:
   076B 2D 2D 2D 20 52 75  1302 	.ascii "--- Running AES-192 ---"
        6E 6E 69 6E 67 20
        41 45 53 2D 31 39
        32 20 2D 2D 2D
   0782 00                 1303 	.db 0x00
   0783                    1304 ___str_2:
   0783 45 6E 63 72 79 70  1305 	.ascii "Encrypted: "
        74 65 64 3A 20
   078E 00                 1306 	.db 0x00
   078F                    1307 ___str_3:
   078F 25 30 32 78 20     1308 	.ascii "%02x "
   0794 00                 1309 	.db 0x00
   0795                    1310 ___str_5:
   0795 00                 1311 	.db 0x00
                           1312 	.area _CODE
                           1313 	.area _INITIALIZER
                           1314 	.area _CABS (ABS)
